[2022-07-06 14:40:37,023] INFO Terminating process due to signal SIGTERM (org.apache.kafka.common.utils.LoggingSignalHandler)
[2022-07-06 14:40:37,027] INFO [KafkaServer id=1] shutting down (kafka.server.KafkaServer)
[2022-07-06 14:40:37,044] INFO [KafkaServer id=1] Starting controlled shutdown (kafka.server.KafkaServer)
[2022-07-06 14:40:37,104] WARN [KafkaServer id=1] Error during controlled shutdown, possibly because leader movement took longer than the configured controller.socket.timeout.ms and/or request.timeout.ms: Connection to 0 was disconnected before the response was read (kafka.server.KafkaServer)
[2022-07-06 14:40:42,106] WARN [KafkaServer id=1] Retrying controlled shutdown after the previous attempt failed... (kafka.server.KafkaServer)
[2022-07-06 14:40:42,124] INFO [KafkaServer id=1] Controlled shutdown succeeded (kafka.server.KafkaServer)
[2022-07-06 14:40:42,129] INFO [/config/changes-event-process-thread]: Shutting down (kafka.common.ZkNodeChangeNotificationListener$ChangeEventProcessThread)
[2022-07-06 14:40:42,130] INFO [/config/changes-event-process-thread]: Shutdown completed (kafka.common.ZkNodeChangeNotificationListener$ChangeEventProcessThread)
[2022-07-06 14:40:42,130] INFO [/config/changes-event-process-thread]: Stopped (kafka.common.ZkNodeChangeNotificationListener$ChangeEventProcessThread)
[2022-07-06 14:40:42,131] INFO [SocketServer listenerType=ZK_BROKER, nodeId=1] Stopping socket server request processors (kafka.network.SocketServer)
[2022-07-06 14:40:42,146] INFO [SocketServer listenerType=ZK_BROKER, nodeId=1] Stopped socket server request processors (kafka.network.SocketServer)
[2022-07-06 14:40:42,147] INFO [data-plane Kafka Request Handler on Broker 1], shutting down (kafka.server.KafkaRequestHandlerPool)
[2022-07-06 14:40:42,158] INFO [data-plane Kafka Request Handler on Broker 1], shut down completely (kafka.server.KafkaRequestHandlerPool)
[2022-07-06 14:40:42,167] INFO [ExpirationReaper-1-AlterAcls]: Shutting down (kafka.server.DelayedOperationPurgatory$ExpiredOperationReaper)
[2022-07-06 14:40:42,312] INFO [ExpirationReaper-1-AlterAcls]: Stopped (kafka.server.DelayedOperationPurgatory$ExpiredOperationReaper)
[2022-07-06 14:40:42,313] INFO [ExpirationReaper-1-AlterAcls]: Shutdown completed (kafka.server.DelayedOperationPurgatory$ExpiredOperationReaper)
[2022-07-06 14:40:42,314] INFO [KafkaApi-1] Shutdown complete. (kafka.server.KafkaApis)
[2022-07-06 14:40:42,315] INFO [ExpirationReaper-1-topic]: Shutting down (kafka.server.DelayedOperationPurgatory$ExpiredOperationReaper)
[2022-07-06 14:40:42,512] INFO [ExpirationReaper-1-topic]: Stopped (kafka.server.DelayedOperationPurgatory$ExpiredOperationReaper)
[2022-07-06 14:40:42,512] INFO [ExpirationReaper-1-topic]: Shutdown completed (kafka.server.DelayedOperationPurgatory$ExpiredOperationReaper)
[2022-07-06 14:40:42,515] INFO [TransactionCoordinator id=1] Shutting down. (kafka.coordinator.transaction.TransactionCoordinator)
[2022-07-06 14:40:42,516] INFO [ProducerId Manager 1]: Shutdown complete: last producerId assigned 2000 (kafka.coordinator.transaction.ProducerIdManager)
[2022-07-06 14:40:42,517] INFO [Transaction State Manager 1]: Shutdown complete (kafka.coordinator.transaction.TransactionStateManager)
[2022-07-06 14:40:42,517] INFO [Transaction Marker Channel Manager 1]: Shutting down (kafka.coordinator.transaction.TransactionMarkerChannelManager)
[2022-07-06 14:40:42,519] INFO [Transaction Marker Channel Manager 1]: Stopped (kafka.coordinator.transaction.TransactionMarkerChannelManager)
[2022-07-06 14:40:42,519] INFO [Transaction Marker Channel Manager 1]: Shutdown completed (kafka.coordinator.transaction.TransactionMarkerChannelManager)
[2022-07-06 14:40:42,520] INFO [TransactionCoordinator id=1] Shutdown complete. (kafka.coordinator.transaction.TransactionCoordinator)
[2022-07-06 14:40:42,521] INFO [GroupCoordinator 1]: Shutting down. (kafka.coordinator.group.GroupCoordinator)
[2022-07-06 14:40:42,522] INFO [ExpirationReaper-1-Heartbeat]: Shutting down (kafka.server.DelayedOperationPurgatory$ExpiredOperationReaper)
[2022-07-06 14:40:42,713] INFO [ExpirationReaper-1-Heartbeat]: Stopped (kafka.server.DelayedOperationPurgatory$ExpiredOperationReaper)
[2022-07-06 14:40:42,714] INFO [ExpirationReaper-1-Heartbeat]: Shutdown completed (kafka.server.DelayedOperationPurgatory$ExpiredOperationReaper)
[2022-07-06 14:40:42,714] INFO [ExpirationReaper-1-Rebalance]: Shutting down (kafka.server.DelayedOperationPurgatory$ExpiredOperationReaper)
[2022-07-06 14:40:42,908] INFO [ExpirationReaper-1-Rebalance]: Stopped (kafka.server.DelayedOperationPurgatory$ExpiredOperationReaper)
[2022-07-06 14:40:42,908] INFO [ExpirationReaper-1-Rebalance]: Shutdown completed (kafka.server.DelayedOperationPurgatory$ExpiredOperationReaper)
[2022-07-06 14:40:42,908] INFO [GroupCoordinator 1]: Shutdown complete. (kafka.coordinator.group.GroupCoordinator)
[2022-07-06 14:40:42,909] INFO [ReplicaManager broker=1] Shutting down (kafka.server.ReplicaManager)
[2022-07-06 14:40:42,909] INFO [LogDirFailureHandler]: Shutting down (kafka.server.ReplicaManager$LogDirFailureHandler)
[2022-07-06 14:40:42,910] INFO [LogDirFailureHandler]: Stopped (kafka.server.ReplicaManager$LogDirFailureHandler)
[2022-07-06 14:40:42,910] INFO [LogDirFailureHandler]: Shutdown completed (kafka.server.ReplicaManager$LogDirFailureHandler)
[2022-07-06 14:40:42,910] INFO [ReplicaFetcherManager on broker 1] shutting down (kafka.server.ReplicaFetcherManager)
[2022-07-06 14:40:42,912] INFO [ReplicaFetcherManager on broker 1] shutdown completed (kafka.server.ReplicaFetcherManager)
[2022-07-06 14:40:42,912] INFO [ReplicaAlterLogDirsManager on broker 1] shutting down (kafka.server.ReplicaAlterLogDirsManager)
[2022-07-06 14:40:42,912] INFO [ReplicaAlterLogDirsManager on broker 1] shutdown completed (kafka.server.ReplicaAlterLogDirsManager)
[2022-07-06 14:40:42,912] INFO [ExpirationReaper-1-Fetch]: Shutting down (kafka.server.DelayedOperationPurgatory$ExpiredOperationReaper)
[2022-07-06 14:40:43,075] INFO [ExpirationReaper-1-Fetch]: Stopped (kafka.server.DelayedOperationPurgatory$ExpiredOperationReaper)
[2022-07-06 14:40:43,075] INFO [ExpirationReaper-1-Fetch]: Shutdown completed (kafka.server.DelayedOperationPurgatory$ExpiredOperationReaper)
[2022-07-06 14:40:43,076] INFO [ExpirationReaper-1-Produce]: Shutting down (kafka.server.DelayedOperationPurgatory$ExpiredOperationReaper)
[2022-07-06 14:40:43,080] INFO [ExpirationReaper-1-Produce]: Stopped (kafka.server.DelayedOperationPurgatory$ExpiredOperationReaper)
[2022-07-06 14:40:43,080] INFO [ExpirationReaper-1-Produce]: Shutdown completed (kafka.server.DelayedOperationPurgatory$ExpiredOperationReaper)
[2022-07-06 14:40:43,081] INFO [ExpirationReaper-1-DeleteRecords]: Shutting down (kafka.server.DelayedOperationPurgatory$ExpiredOperationReaper)
[2022-07-06 14:40:43,115] INFO [ExpirationReaper-1-DeleteRecords]: Stopped (kafka.server.DelayedOperationPurgatory$ExpiredOperationReaper)
[2022-07-06 14:40:43,115] INFO [ExpirationReaper-1-DeleteRecords]: Shutdown completed (kafka.server.DelayedOperationPurgatory$ExpiredOperationReaper)
[2022-07-06 14:40:43,116] INFO [ExpirationReaper-1-ElectLeader]: Shutting down (kafka.server.DelayedOperationPurgatory$ExpiredOperationReaper)
[2022-07-06 14:40:43,158] INFO [ExpirationReaper-1-ElectLeader]: Stopped (kafka.server.DelayedOperationPurgatory$ExpiredOperationReaper)
[2022-07-06 14:40:43,158] INFO [ExpirationReaper-1-ElectLeader]: Shutdown completed (kafka.server.DelayedOperationPurgatory$ExpiredOperationReaper)
[2022-07-06 14:40:43,167] INFO [ReplicaManager broker=1] Shut down completely (kafka.server.ReplicaManager)
[2022-07-06 14:40:43,168] INFO [broker-1-to-controller-send-thread]: Shutting down (kafka.server.BrokerToControllerRequestThread)
[2022-07-06 14:40:43,168] INFO [broker-1-to-controller-send-thread]: Stopped (kafka.server.BrokerToControllerRequestThread)
[2022-07-06 14:40:43,168] INFO [broker-1-to-controller-send-thread]: Shutdown completed (kafka.server.BrokerToControllerRequestThread)
[2022-07-06 14:40:43,170] INFO Broker to controller channel manager for alterIsrChannel shutdown (kafka.server.BrokerToControllerChannelManagerImpl)
[2022-07-06 14:40:43,173] INFO Shutting down. (kafka.log.LogManager)
[2022-07-06 14:40:43,185] INFO Shutdown complete. (kafka.log.LogManager)
[2022-07-06 14:40:43,193] INFO [feature-zk-node-event-process-thread]: Shutting down (kafka.server.FinalizedFeatureChangeListener$ChangeNotificationProcessorThread)
[2022-07-06 14:40:43,193] INFO [feature-zk-node-event-process-thread]: Shutdown completed (kafka.server.FinalizedFeatureChangeListener$ChangeNotificationProcessorThread)
[2022-07-06 14:40:43,193] INFO [feature-zk-node-event-process-thread]: Stopped (kafka.server.FinalizedFeatureChangeListener$ChangeNotificationProcessorThread)
[2022-07-06 14:40:43,194] INFO [ZooKeeperClient Kafka server] Closing. (kafka.zookeeper.ZooKeeperClient)
[2022-07-06 14:40:43,299] INFO Session: 0x10004dff3af0005 closed (org.apache.zookeeper.ZooKeeper)
[2022-07-06 14:40:43,299] INFO EventThread shut down for session: 0x10004dff3af0005 (org.apache.zookeeper.ClientCnxn)
[2022-07-06 14:40:43,300] INFO [ZooKeeperClient Kafka server] Closed. (kafka.zookeeper.ZooKeeperClient)
[2022-07-06 14:40:43,300] INFO [ThrottledChannelReaper-Fetch]: Shutting down (kafka.server.ClientQuotaManager$ThrottledChannelReaper)
[2022-07-06 14:40:43,604] INFO [ThrottledChannelReaper-Fetch]: Stopped (kafka.server.ClientQuotaManager$ThrottledChannelReaper)
[2022-07-06 14:40:43,604] INFO [ThrottledChannelReaper-Fetch]: Shutdown completed (kafka.server.ClientQuotaManager$ThrottledChannelReaper)
[2022-07-06 14:40:43,604] INFO [ThrottledChannelReaper-Produce]: Shutting down (kafka.server.ClientQuotaManager$ThrottledChannelReaper)
[2022-07-06 14:40:43,725] INFO [ThrottledChannelReaper-Produce]: Stopped (kafka.server.ClientQuotaManager$ThrottledChannelReaper)
[2022-07-06 14:40:43,725] INFO [ThrottledChannelReaper-Produce]: Shutdown completed (kafka.server.ClientQuotaManager$ThrottledChannelReaper)
[2022-07-06 14:40:43,726] INFO [ThrottledChannelReaper-Request]: Shutting down (kafka.server.ClientQuotaManager$ThrottledChannelReaper)
[2022-07-06 14:40:44,582] INFO [ThrottledChannelReaper-Request]: Stopped (kafka.server.ClientQuotaManager$ThrottledChannelReaper)
[2022-07-06 14:40:44,582] INFO [ThrottledChannelReaper-Request]: Shutdown completed (kafka.server.ClientQuotaManager$ThrottledChannelReaper)
[2022-07-06 14:40:44,583] INFO [ThrottledChannelReaper-ControllerMutation]: Shutting down (kafka.server.ClientQuotaManager$ThrottledChannelReaper)
[2022-07-06 14:40:44,802] INFO [ThrottledChannelReaper-ControllerMutation]: Stopped (kafka.server.ClientQuotaManager$ThrottledChannelReaper)
[2022-07-06 14:40:44,802] INFO [ThrottledChannelReaper-ControllerMutation]: Shutdown completed (kafka.server.ClientQuotaManager$ThrottledChannelReaper)
[2022-07-06 14:40:44,803] INFO [SocketServer listenerType=ZK_BROKER, nodeId=1] Shutting down socket server (kafka.network.SocketServer)
[2022-07-06 14:40:44,825] INFO [SocketServer listenerType=ZK_BROKER, nodeId=1] Shutdown completed (kafka.network.SocketServer)
[2022-07-06 14:40:44,825] INFO Metrics scheduler closed (org.apache.kafka.common.metrics.Metrics)
[2022-07-06 14:40:44,826] INFO Closing reporter org.apache.kafka.common.metrics.JmxReporter (org.apache.kafka.common.metrics.Metrics)
[2022-07-06 14:40:44,826] INFO Metrics reporters closed (org.apache.kafka.common.metrics.Metrics)
[2022-07-06 14:40:44,828] INFO Broker and topic stats closed (kafka.server.BrokerTopicStats)
[2022-07-06 14:40:44,829] INFO App info kafka.server for 1 unregistered (org.apache.kafka.common.utils.AppInfoParser)
[2022-07-06 14:40:44,829] INFO [KafkaServer id=1] shut down completed (kafka.server.KafkaServer)
[2022-07-06 14:54:40,002] INFO Registered kafka:type=kafka.Log4jController MBean (kafka.utils.Log4jControllerRegistration$)
[2022-07-06 14:54:40,724] INFO Setting -D jdk.tls.rejectClientInitiatedRenegotiation=true to disable client-initiated TLS renegotiation (org.apache.zookeeper.common.X509Util)
[2022-07-06 14:54:40,950] INFO Registered signal handlers for TERM, INT, HUP (org.apache.kafka.common.utils.LoggingSignalHandler)
[2022-07-06 14:54:40,957] INFO starting (kafka.server.KafkaServer)
[2022-07-06 14:54:40,958] INFO Connecting to zookeeper on 192.168.2.105:2181 (kafka.server.KafkaServer)
[2022-07-06 14:54:41,117] INFO [ZooKeeperClient Kafka server] Initializing a new session to 192.168.2.105:2181. (kafka.zookeeper.ZooKeeperClient)
[2022-07-06 14:54:41,793] INFO Client environment:zookeeper.version=3.5.9-83df9301aa5c2a5d284a9940177808c01bc35cef, built on 01/06/2021 20:03 GMT (org.apache.zookeeper.ZooKeeper)
[2022-07-06 14:54:41,793] INFO Client environment:host.name=a5c308748468 (org.apache.zookeeper.ZooKeeper)
[2022-07-06 14:54:41,793] INFO Client environment:java.version=1.8.0_292 (org.apache.zookeeper.ZooKeeper)
[2022-07-06 14:54:41,793] INFO Client environment:java.vendor=Azul Systems, Inc. (org.apache.zookeeper.ZooKeeper)
[2022-07-06 14:54:41,793] INFO Client environment:java.home=/usr/lib/jvm/zulu8-ca/jre (org.apache.zookeeper.ZooKeeper)
[2022-07-06 14:54:41,793] INFO Client environment:java.class.path=/opt/kafka/bin/../libs/activation-1.1.1.jar:/opt/kafka/bin/../libs/aopalliance-repackaged-2.6.1.jar:/opt/kafka/bin/../libs/argparse4j-0.7.0.jar:/opt/kafka/bin/../libs/audience-annotations-0.5.0.jar:/opt/kafka/bin/../libs/commons-cli-1.4.jar:/opt/kafka/bin/../libs/commons-lang3-3.8.1.jar:/opt/kafka/bin/../libs/connect-api-2.8.1.jar:/opt/kafka/bin/../libs/connect-basic-auth-extension-2.8.1.jar:/opt/kafka/bin/../libs/connect-file-2.8.1.jar:/opt/kafka/bin/../libs/connect-json-2.8.1.jar:/opt/kafka/bin/../libs/connect-mirror-2.8.1.jar:/opt/kafka/bin/../libs/connect-mirror-client-2.8.1.jar:/opt/kafka/bin/../libs/connect-runtime-2.8.1.jar:/opt/kafka/bin/../libs/connect-transforms-2.8.1.jar:/opt/kafka/bin/../libs/hk2-api-2.6.1.jar:/opt/kafka/bin/../libs/hk2-locator-2.6.1.jar:/opt/kafka/bin/../libs/hk2-utils-2.6.1.jar:/opt/kafka/bin/../libs/jackson-annotations-2.10.5.jar:/opt/kafka/bin/../libs/jackson-core-2.10.5.jar:/opt/kafka/bin/../libs/jackson-databind-2.10.5.1.jar:/opt/kafka/bin/../libs/jackson-dataformat-csv-2.10.5.jar:/opt/kafka/bin/../libs/jackson-datatype-jdk8-2.10.5.jar:/opt/kafka/bin/../libs/jackson-jaxrs-base-2.10.5.jar:/opt/kafka/bin/../libs/jackson-jaxrs-json-provider-2.10.5.jar:/opt/kafka/bin/../libs/jackson-module-jaxb-annotations-2.10.5.jar:/opt/kafka/bin/../libs/jackson-module-paranamer-2.10.5.jar:/opt/kafka/bin/../libs/jackson-module-scala_2.13-2.10.5.jar:/opt/kafka/bin/../libs/jakarta.activation-api-1.2.1.jar:/opt/kafka/bin/../libs/jakarta.annotation-api-1.3.5.jar:/opt/kafka/bin/../libs/jakarta.inject-2.6.1.jar:/opt/kafka/bin/../libs/jakarta.validation-api-2.0.2.jar:/opt/kafka/bin/../libs/jakarta.ws.rs-api-2.1.6.jar:/opt/kafka/bin/../libs/jakarta.xml.bind-api-2.3.2.jar:/opt/kafka/bin/../libs/javassist-3.27.0-GA.jar:/opt/kafka/bin/../libs/javax.servlet-api-3.1.0.jar:/opt/kafka/bin/../libs/javax.ws.rs-api-2.1.1.jar:/opt/kafka/bin/../libs/jaxb-api-2.3.0.jar:/opt/kafka/bin/../libs/jersey-client-2.34.jar:/opt/kafka/bin/../libs/jersey-common-2.34.jar:/opt/kafka/bin/../libs/jersey-container-servlet-2.34.jar:/opt/kafka/bin/../libs/jersey-container-servlet-core-2.34.jar:/opt/kafka/bin/../libs/jersey-hk2-2.34.jar:/opt/kafka/bin/../libs/jersey-server-2.34.jar:/opt/kafka/bin/../libs/jetty-client-9.4.43.v20210629.jar:/opt/kafka/bin/../libs/jetty-continuation-9.4.43.v20210629.jar:/opt/kafka/bin/../libs/jetty-http-9.4.43.v20210629.jar:/opt/kafka/bin/../libs/jetty-io-9.4.43.v20210629.jar:/opt/kafka/bin/../libs/jetty-security-9.4.43.v20210629.jar:/opt/kafka/bin/../libs/jetty-server-9.4.43.v20210629.jar:/opt/kafka/bin/../libs/jetty-servlet-9.4.43.v20210629.jar:/opt/kafka/bin/../libs/jetty-servlets-9.4.43.v20210629.jar:/opt/kafka/bin/../libs/jetty-util-9.4.43.v20210629.jar:/opt/kafka/bin/../libs/jetty-util-ajax-9.4.43.v20210629.jar:/opt/kafka/bin/../libs/jline-3.12.1.jar:/opt/kafka/bin/../libs/jopt-simple-5.0.4.jar:/opt/kafka/bin/../libs/kafka-clients-2.8.1.jar:/opt/kafka/bin/../libs/kafka-log4j-appender-2.8.1.jar:/opt/kafka/bin/../libs/kafka-metadata-2.8.1.jar:/opt/kafka/bin/../libs/kafka-raft-2.8.1.jar:/opt/kafka/bin/../libs/kafka-shell-2.8.1.jar:/opt/kafka/bin/../libs/kafka-streams-2.8.1.jar:/opt/kafka/bin/../libs/kafka-streams-examples-2.8.1.jar:/opt/kafka/bin/../libs/kafka-streams-scala_2.13-2.8.1.jar:/opt/kafka/bin/../libs/kafka-streams-test-utils-2.8.1.jar:/opt/kafka/bin/../libs/kafka-tools-2.8.1.jar:/opt/kafka/bin/../libs/kafka_2.13-2.8.1-sources.jar:/opt/kafka/bin/../libs/kafka_2.13-2.8.1.jar:/opt/kafka/bin/../libs/log4j-1.2.17.jar:/opt/kafka/bin/../libs/lz4-java-1.7.1.jar:/opt/kafka/bin/../libs/maven-artifact-3.8.1.jar:/opt/kafka/bin/../libs/metrics-core-2.2.0.jar:/opt/kafka/bin/../libs/netty-buffer-4.1.62.Final.jar:/opt/kafka/bin/../libs/netty-codec-4.1.62.Final.jar:/opt/kafka/bin/../libs/netty-common-4.1.62.Final.jar:/opt/kafka/bin/../libs/netty-handler-4.1.62.Final.jar:/opt/kafka/bin/../libs/netty-resolver-4.1.62.Final.jar:/opt/kafka/bin/../libs/netty-transport-4.1.62.Final.jar:/opt/kafka/bin/../libs/netty-transport-native-epoll-4.1.62.Final.jar:/opt/kafka/bin/../libs/netty-transport-native-unix-common-4.1.62.Final.jar:/opt/kafka/bin/../libs/osgi-resource-locator-1.0.3.jar:/opt/kafka/bin/../libs/paranamer-2.8.jar:/opt/kafka/bin/../libs/plexus-utils-3.2.1.jar:/opt/kafka/bin/../libs/reflections-0.9.12.jar:/opt/kafka/bin/../libs/rocksdbjni-5.18.4.jar:/opt/kafka/bin/../libs/scala-collection-compat_2.13-2.3.0.jar:/opt/kafka/bin/../libs/scala-java8-compat_2.13-0.9.1.jar:/opt/kafka/bin/../libs/scala-library-2.13.5.jar:/opt/kafka/bin/../libs/scala-logging_2.13-3.9.2.jar:/opt/kafka/bin/../libs/scala-reflect-2.13.5.jar:/opt/kafka/bin/../libs/slf4j-api-1.7.30.jar:/opt/kafka/bin/../libs/slf4j-log4j12-1.7.30.jar:/opt/kafka/bin/../libs/snappy-java-1.1.8.1.jar:/opt/kafka/bin/../libs/zookeeper-3.5.9.jar:/opt/kafka/bin/../libs/zookeeper-jute-3.5.9.jar:/opt/kafka/bin/../libs/zstd-jni-1.4.9-1.jar (org.apache.zookeeper.ZooKeeper)
[2022-07-06 14:54:41,794] INFO Client environment:java.library.path=/usr/lib/jvm/zulu8-ca/jre/lib/amd64/server:/usr/lib/jvm/zulu8-ca/jre/lib/amd64:/usr/lib/jvm/zulu8-ca/jre/../lib/amd64:/usr/java/packages/lib/amd64:/usr/lib64:/lib64:/lib:/usr/lib (org.apache.zookeeper.ZooKeeper)
[2022-07-06 14:54:41,794] INFO Client environment:java.io.tmpdir=/tmp (org.apache.zookeeper.ZooKeeper)
[2022-07-06 14:54:41,794] INFO Client environment:java.compiler=<NA> (org.apache.zookeeper.ZooKeeper)
[2022-07-06 14:54:41,794] INFO Client environment:os.name=Linux (org.apache.zookeeper.ZooKeeper)
[2022-07-06 14:54:41,794] INFO Client environment:os.arch=amd64 (org.apache.zookeeper.ZooKeeper)
[2022-07-06 14:54:41,794] INFO Client environment:os.version=4.18.0-394.el8.x86_64 (org.apache.zookeeper.ZooKeeper)
[2022-07-06 14:54:41,794] INFO Client environment:user.name=root (org.apache.zookeeper.ZooKeeper)
[2022-07-06 14:54:41,794] INFO Client environment:user.home=/root (org.apache.zookeeper.ZooKeeper)
[2022-07-06 14:54:41,794] INFO Client environment:user.dir=/ (org.apache.zookeeper.ZooKeeper)
[2022-07-06 14:54:41,794] INFO Client environment:os.memory.free=1013MB (org.apache.zookeeper.ZooKeeper)
[2022-07-06 14:54:41,794] INFO Client environment:os.memory.max=1024MB (org.apache.zookeeper.ZooKeeper)
[2022-07-06 14:54:41,794] INFO Client environment:os.memory.total=1024MB (org.apache.zookeeper.ZooKeeper)
[2022-07-06 14:54:41,923] INFO Initiating client connection, connectString=192.168.2.105:2181 sessionTimeout=18000 watcher=kafka.zookeeper.ZooKeeperClient$ZooKeeperClientWatcher$@799f10e1 (org.apache.zookeeper.ZooKeeper)
[2022-07-06 14:54:42,146] INFO jute.maxbuffer value is 4194304 Bytes (org.apache.zookeeper.ClientCnxnSocket)
[2022-07-06 14:54:42,165] INFO zookeeper.request.timeout value is 0. feature enabled= (org.apache.zookeeper.ClientCnxn)
[2022-07-06 14:54:42,180] INFO [ZooKeeperClient Kafka server] Waiting until connected. (kafka.zookeeper.ZooKeeperClient)
[2022-07-06 14:54:42,235] INFO Opening socket connection to server 192.168.2.105/192.168.2.105:2181. Will not attempt to authenticate using SASL (unknown error) (org.apache.zookeeper.ClientCnxn)
[2022-07-06 14:54:42,245] INFO Socket connection established, initiating session, client: /172.28.0.5:58550, server: 192.168.2.105/192.168.2.105:2181 (org.apache.zookeeper.ClientCnxn)
[2022-07-06 14:54:42,323] INFO Session establishment complete on server 192.168.2.105/192.168.2.105:2181, sessionid = 0x100052f431d0001, negotiated timeout = 18000 (org.apache.zookeeper.ClientCnxn)
[2022-07-06 14:54:42,329] INFO [ZooKeeperClient Kafka server] Connected. (kafka.zookeeper.ZooKeeperClient)
[2022-07-06 14:54:42,829] INFO [feature-zk-node-event-process-thread]: Starting (kafka.server.FinalizedFeatureChangeListener$ChangeNotificationProcessorThread)
[2022-07-06 14:54:42,895] INFO Feature ZK node at path: /feature does not exist (kafka.server.FinalizedFeatureChangeListener)
[2022-07-06 14:54:42,896] INFO Cleared cache (kafka.server.FinalizedFeatureCache)
[2022-07-06 14:54:44,033] INFO Cluster ID = hM7jO0xPTB2Oi7VsE39ANA (kafka.server.KafkaServer)
[2022-07-06 14:54:44,037] WARN No meta.properties file under dir /kafka/kafka-logs-a5c308748468/meta.properties (kafka.server.BrokerMetadataCheckpoint)
[2022-07-06 14:54:44,333] INFO KafkaConfig values: 
	advertised.host.name = null
	advertised.listeners = PLAINTEXT://192.168.2.105:9093
	advertised.port = null
	alter.config.policy.class.name = null
	alter.log.dirs.replication.quota.window.num = 11
	alter.log.dirs.replication.quota.window.size.seconds = 1
	authorizer.class.name = 
	auto.create.topics.enable = true
	auto.leader.rebalance.enable = true
	background.threads = 10
	broker.heartbeat.interval.ms = 2000
	broker.id = 1
	broker.id.generation.enable = true
	broker.rack = null
	broker.session.timeout.ms = 9000
	client.quota.callback.class = null
	compression.type = producer
	connection.failed.authentication.delay.ms = 100
	connections.max.idle.ms = 600000
	connections.max.reauth.ms = 0
	control.plane.listener.name = null
	controlled.shutdown.enable = true
	controlled.shutdown.max.retries = 3
	controlled.shutdown.retry.backoff.ms = 5000
	controller.listener.names = null
	controller.quorum.append.linger.ms = 25
	controller.quorum.election.backoff.max.ms = 1000
	controller.quorum.election.timeout.ms = 1000
	controller.quorum.fetch.timeout.ms = 2000
	controller.quorum.request.timeout.ms = 2000
	controller.quorum.retry.backoff.ms = 20
	controller.quorum.voters = []
	controller.quota.window.num = 11
	controller.quota.window.size.seconds = 1
	controller.socket.timeout.ms = 30000
	create.topic.policy.class.name = null
	default.replication.factor = 2
	delegation.token.expiry.check.interval.ms = 3600000
	delegation.token.expiry.time.ms = 86400000
	delegation.token.master.key = null
	delegation.token.max.lifetime.ms = 604800000
	delegation.token.secret.key = null
	delete.records.purgatory.purge.interval.requests = 1
	delete.topic.enable = true
	fetch.max.bytes = 57671680
	fetch.purgatory.purge.interval.requests = 1000
	group.initial.rebalance.delay.ms = 0
	group.max.session.timeout.ms = 1800000
	group.max.size = 2147483647
	group.min.session.timeout.ms = 6000
	host.name = 
	initial.broker.registration.timeout.ms = 60000
	inter.broker.listener.name = null
	inter.broker.protocol.version = 2.8-IV1
	kafka.metrics.polling.interval.secs = 10
	kafka.metrics.reporters = []
	leader.imbalance.check.interval.seconds = 300
	leader.imbalance.per.broker.percentage = 10
	listener.security.protocol.map = PLAINTEXT:PLAINTEXT,SSL:SSL,SASL_PLAINTEXT:SASL_PLAINTEXT,SASL_SSL:SASL_SSL
	listeners = PLAINTEXT://0.0.0.0:9093
	log.cleaner.backoff.ms = 15000
	log.cleaner.dedupe.buffer.size = 134217728
	log.cleaner.delete.retention.ms = 86400000
	log.cleaner.enable = true
	log.cleaner.io.buffer.load.factor = 0.9
	log.cleaner.io.buffer.size = 524288
	log.cleaner.io.max.bytes.per.second = 1.7976931348623157E308
	log.cleaner.max.compaction.lag.ms = 9223372036854775807
	log.cleaner.min.cleanable.ratio = 0.5
	log.cleaner.min.compaction.lag.ms = 0
	log.cleaner.threads = 1
	log.cleanup.policy = [delete]
	log.dir = /tmp/kafka-logs
	log.dirs = /kafka/kafka-logs-a5c308748468
	log.flush.interval.messages = 9223372036854775807
	log.flush.interval.ms = null
	log.flush.offset.checkpoint.interval.ms = 60000
	log.flush.scheduler.interval.ms = 9223372036854775807
	log.flush.start.offset.checkpoint.interval.ms = 60000
	log.index.interval.bytes = 4096
	log.index.size.max.bytes = 10485760
	log.message.downconversion.enable = true
	log.message.format.version = 2.8-IV1
	log.message.timestamp.difference.max.ms = 9223372036854775807
	log.message.timestamp.type = CreateTime
	log.preallocate = false
	log.retention.bytes = -1
	log.retention.check.interval.ms = 300000
	log.retention.hours = 168
	log.retention.minutes = null
	log.retention.ms = null
	log.roll.hours = 168
	log.roll.jitter.hours = 0
	log.roll.jitter.ms = null
	log.roll.ms = null
	log.segment.bytes = 1073741824
	log.segment.delete.delay.ms = 60000
	max.connection.creation.rate = 2147483647
	max.connections = 2147483647
	max.connections.per.ip = 2147483647
	max.connections.per.ip.overrides = 
	max.incremental.fetch.session.cache.slots = 1000
	message.max.bytes = 1048588
	metadata.log.dir = null
	metric.reporters = []
	metrics.num.samples = 2
	metrics.recording.level = INFO
	metrics.sample.window.ms = 30000
	min.insync.replicas = 1
	node.id = -1
	num.io.threads = 8
	num.network.threads = 3
	num.partitions = 3
	num.recovery.threads.per.data.dir = 1
	num.replica.alter.log.dirs.threads = null
	num.replica.fetchers = 1
	offset.metadata.max.bytes = 4096
	offsets.commit.required.acks = -1
	offsets.commit.timeout.ms = 5000
	offsets.load.buffer.size = 5242880
	offsets.retention.check.interval.ms = 600000
	offsets.retention.minutes = 10080
	offsets.topic.compression.codec = 0
	offsets.topic.num.partitions = 50
	offsets.topic.replication.factor = 1
	offsets.topic.segment.bytes = 104857600
	password.encoder.cipher.algorithm = AES/CBC/PKCS5Padding
	password.encoder.iterations = 4096
	password.encoder.key.length = 128
	password.encoder.keyfactory.algorithm = null
	password.encoder.old.secret = null
	password.encoder.secret = null
	port = 9092
	principal.builder.class = null
	process.roles = []
	producer.purgatory.purge.interval.requests = 1000
	queued.max.request.bytes = -1
	queued.max.requests = 500
	quota.consumer.default = 9223372036854775807
	quota.producer.default = 9223372036854775807
	quota.window.num = 11
	quota.window.size.seconds = 1
	replica.fetch.backoff.ms = 1000
	replica.fetch.max.bytes = 1048576
	replica.fetch.min.bytes = 1
	replica.fetch.response.max.bytes = 10485760
	replica.fetch.wait.max.ms = 500
	replica.high.watermark.checkpoint.interval.ms = 5000
	replica.lag.time.max.ms = 30000
	replica.selector.class = null
	replica.socket.receive.buffer.bytes = 65536
	replica.socket.timeout.ms = 30000
	replication.quota.window.num = 11
	replication.quota.window.size.seconds = 1
	request.timeout.ms = 30000
	reserved.broker.max.id = 1000
	sasl.client.callback.handler.class = null
	sasl.enabled.mechanisms = [GSSAPI]
	sasl.jaas.config = null
	sasl.kerberos.kinit.cmd = /usr/bin/kinit
	sasl.kerberos.min.time.before.relogin = 60000
	sasl.kerberos.principal.to.local.rules = [DEFAULT]
	sasl.kerberos.service.name = null
	sasl.kerberos.ticket.renew.jitter = 0.05
	sasl.kerberos.ticket.renew.window.factor = 0.8
	sasl.login.callback.handler.class = null
	sasl.login.class = null
	sasl.login.refresh.buffer.seconds = 300
	sasl.login.refresh.min.period.seconds = 60
	sasl.login.refresh.window.factor = 0.8
	sasl.login.refresh.window.jitter = 0.05
	sasl.mechanism.controller.protocol = GSSAPI
	sasl.mechanism.inter.broker.protocol = GSSAPI
	sasl.server.callback.handler.class = null
	security.inter.broker.protocol = PLAINTEXT
	security.providers = null
	socket.connection.setup.timeout.max.ms = 30000
	socket.connection.setup.timeout.ms = 10000
	socket.receive.buffer.bytes = 102400
	socket.request.max.bytes = 104857600
	socket.send.buffer.bytes = 102400
	ssl.cipher.suites = []
	ssl.client.auth = none
	ssl.enabled.protocols = [TLSv1.2]
	ssl.endpoint.identification.algorithm = https
	ssl.engine.factory.class = null
	ssl.key.password = null
	ssl.keymanager.algorithm = SunX509
	ssl.keystore.certificate.chain = null
	ssl.keystore.key = null
	ssl.keystore.location = null
	ssl.keystore.password = null
	ssl.keystore.type = JKS
	ssl.principal.mapping.rules = DEFAULT
	ssl.protocol = TLSv1.2
	ssl.provider = null
	ssl.secure.random.implementation = null
	ssl.trustmanager.algorithm = PKIX
	ssl.truststore.certificates = null
	ssl.truststore.location = null
	ssl.truststore.password = null
	ssl.truststore.type = JKS
	transaction.abort.timed.out.transaction.cleanup.interval.ms = 10000
	transaction.max.timeout.ms = 900000
	transaction.remove.expired.transaction.cleanup.interval.ms = 3600000
	transaction.state.log.load.buffer.size = 5242880
	transaction.state.log.min.isr = 1
	transaction.state.log.num.partitions = 50
	transaction.state.log.replication.factor = 1
	transaction.state.log.segment.bytes = 104857600
	transactional.id.expiration.ms = 604800000
	unclean.leader.election.enable = false
	zookeeper.clientCnxnSocket = null
	zookeeper.connect = 192.168.2.105:2181
	zookeeper.connection.timeout.ms = 18000
	zookeeper.max.in.flight.requests = 10
	zookeeper.session.timeout.ms = 18000
	zookeeper.set.acl = false
	zookeeper.ssl.cipher.suites = null
	zookeeper.ssl.client.enable = false
	zookeeper.ssl.crl.enable = false
	zookeeper.ssl.enabled.protocols = null
	zookeeper.ssl.endpoint.identification.algorithm = HTTPS
	zookeeper.ssl.keystore.location = null
	zookeeper.ssl.keystore.password = null
	zookeeper.ssl.keystore.type = null
	zookeeper.ssl.ocsp.enable = false
	zookeeper.ssl.protocol = TLSv1.2
	zookeeper.ssl.truststore.location = null
	zookeeper.ssl.truststore.password = null
	zookeeper.ssl.truststore.type = null
	zookeeper.sync.time.ms = 2000
 (kafka.server.KafkaConfig)
[2022-07-06 14:54:44,389] INFO KafkaConfig values: 
	advertised.host.name = null
	advertised.listeners = PLAINTEXT://192.168.2.105:9093
	advertised.port = null
	alter.config.policy.class.name = null
	alter.log.dirs.replication.quota.window.num = 11
	alter.log.dirs.replication.quota.window.size.seconds = 1
	authorizer.class.name = 
	auto.create.topics.enable = true
	auto.leader.rebalance.enable = true
	background.threads = 10
	broker.heartbeat.interval.ms = 2000
	broker.id = 1
	broker.id.generation.enable = true
	broker.rack = null
	broker.session.timeout.ms = 9000
	client.quota.callback.class = null
	compression.type = producer
	connection.failed.authentication.delay.ms = 100
	connections.max.idle.ms = 600000
	connections.max.reauth.ms = 0
	control.plane.listener.name = null
	controlled.shutdown.enable = true
	controlled.shutdown.max.retries = 3
	controlled.shutdown.retry.backoff.ms = 5000
	controller.listener.names = null
	controller.quorum.append.linger.ms = 25
	controller.quorum.election.backoff.max.ms = 1000
	controller.quorum.election.timeout.ms = 1000
	controller.quorum.fetch.timeout.ms = 2000
	controller.quorum.request.timeout.ms = 2000
	controller.quorum.retry.backoff.ms = 20
	controller.quorum.voters = []
	controller.quota.window.num = 11
	controller.quota.window.size.seconds = 1
	controller.socket.timeout.ms = 30000
	create.topic.policy.class.name = null
	default.replication.factor = 2
	delegation.token.expiry.check.interval.ms = 3600000
	delegation.token.expiry.time.ms = 86400000
	delegation.token.master.key = null
	delegation.token.max.lifetime.ms = 604800000
	delegation.token.secret.key = null
	delete.records.purgatory.purge.interval.requests = 1
	delete.topic.enable = true
	fetch.max.bytes = 57671680
	fetch.purgatory.purge.interval.requests = 1000
	group.initial.rebalance.delay.ms = 0
	group.max.session.timeout.ms = 1800000
	group.max.size = 2147483647
	group.min.session.timeout.ms = 6000
	host.name = 
	initial.broker.registration.timeout.ms = 60000
	inter.broker.listener.name = null
	inter.broker.protocol.version = 2.8-IV1
	kafka.metrics.polling.interval.secs = 10
	kafka.metrics.reporters = []
	leader.imbalance.check.interval.seconds = 300
	leader.imbalance.per.broker.percentage = 10
	listener.security.protocol.map = PLAINTEXT:PLAINTEXT,SSL:SSL,SASL_PLAINTEXT:SASL_PLAINTEXT,SASL_SSL:SASL_SSL
	listeners = PLAINTEXT://0.0.0.0:9093
	log.cleaner.backoff.ms = 15000
	log.cleaner.dedupe.buffer.size = 134217728
	log.cleaner.delete.retention.ms = 86400000
	log.cleaner.enable = true
	log.cleaner.io.buffer.load.factor = 0.9
	log.cleaner.io.buffer.size = 524288
	log.cleaner.io.max.bytes.per.second = 1.7976931348623157E308
	log.cleaner.max.compaction.lag.ms = 9223372036854775807
	log.cleaner.min.cleanable.ratio = 0.5
	log.cleaner.min.compaction.lag.ms = 0
	log.cleaner.threads = 1
	log.cleanup.policy = [delete]
	log.dir = /tmp/kafka-logs
	log.dirs = /kafka/kafka-logs-a5c308748468
	log.flush.interval.messages = 9223372036854775807
	log.flush.interval.ms = null
	log.flush.offset.checkpoint.interval.ms = 60000
	log.flush.scheduler.interval.ms = 9223372036854775807
	log.flush.start.offset.checkpoint.interval.ms = 60000
	log.index.interval.bytes = 4096
	log.index.size.max.bytes = 10485760
	log.message.downconversion.enable = true
	log.message.format.version = 2.8-IV1
	log.message.timestamp.difference.max.ms = 9223372036854775807
	log.message.timestamp.type = CreateTime
	log.preallocate = false
	log.retention.bytes = -1
	log.retention.check.interval.ms = 300000
	log.retention.hours = 168
	log.retention.minutes = null
	log.retention.ms = null
	log.roll.hours = 168
	log.roll.jitter.hours = 0
	log.roll.jitter.ms = null
	log.roll.ms = null
	log.segment.bytes = 1073741824
	log.segment.delete.delay.ms = 60000
	max.connection.creation.rate = 2147483647
	max.connections = 2147483647
	max.connections.per.ip = 2147483647
	max.connections.per.ip.overrides = 
	max.incremental.fetch.session.cache.slots = 1000
	message.max.bytes = 1048588
	metadata.log.dir = null
	metric.reporters = []
	metrics.num.samples = 2
	metrics.recording.level = INFO
	metrics.sample.window.ms = 30000
	min.insync.replicas = 1
	node.id = -1
	num.io.threads = 8
	num.network.threads = 3
	num.partitions = 3
	num.recovery.threads.per.data.dir = 1
	num.replica.alter.log.dirs.threads = null
	num.replica.fetchers = 1
	offset.metadata.max.bytes = 4096
	offsets.commit.required.acks = -1
	offsets.commit.timeout.ms = 5000
	offsets.load.buffer.size = 5242880
	offsets.retention.check.interval.ms = 600000
	offsets.retention.minutes = 10080
	offsets.topic.compression.codec = 0
	offsets.topic.num.partitions = 50
	offsets.topic.replication.factor = 1
	offsets.topic.segment.bytes = 104857600
	password.encoder.cipher.algorithm = AES/CBC/PKCS5Padding
	password.encoder.iterations = 4096
	password.encoder.key.length = 128
	password.encoder.keyfactory.algorithm = null
	password.encoder.old.secret = null
	password.encoder.secret = null
	port = 9092
	principal.builder.class = null
	process.roles = []
	producer.purgatory.purge.interval.requests = 1000
	queued.max.request.bytes = -1
	queued.max.requests = 500
	quota.consumer.default = 9223372036854775807
	quota.producer.default = 9223372036854775807
	quota.window.num = 11
	quota.window.size.seconds = 1
	replica.fetch.backoff.ms = 1000
	replica.fetch.max.bytes = 1048576
	replica.fetch.min.bytes = 1
	replica.fetch.response.max.bytes = 10485760
	replica.fetch.wait.max.ms = 500
	replica.high.watermark.checkpoint.interval.ms = 5000
	replica.lag.time.max.ms = 30000
	replica.selector.class = null
	replica.socket.receive.buffer.bytes = 65536
	replica.socket.timeout.ms = 30000
	replication.quota.window.num = 11
	replication.quota.window.size.seconds = 1
	request.timeout.ms = 30000
	reserved.broker.max.id = 1000
	sasl.client.callback.handler.class = null
	sasl.enabled.mechanisms = [GSSAPI]
	sasl.jaas.config = null
	sasl.kerberos.kinit.cmd = /usr/bin/kinit
	sasl.kerberos.min.time.before.relogin = 60000
	sasl.kerberos.principal.to.local.rules = [DEFAULT]
	sasl.kerberos.service.name = null
	sasl.kerberos.ticket.renew.jitter = 0.05
	sasl.kerberos.ticket.renew.window.factor = 0.8
	sasl.login.callback.handler.class = null
	sasl.login.class = null
	sasl.login.refresh.buffer.seconds = 300
	sasl.login.refresh.min.period.seconds = 60
	sasl.login.refresh.window.factor = 0.8
	sasl.login.refresh.window.jitter = 0.05
	sasl.mechanism.controller.protocol = GSSAPI
	sasl.mechanism.inter.broker.protocol = GSSAPI
	sasl.server.callback.handler.class = null
	security.inter.broker.protocol = PLAINTEXT
	security.providers = null
	socket.connection.setup.timeout.max.ms = 30000
	socket.connection.setup.timeout.ms = 10000
	socket.receive.buffer.bytes = 102400
	socket.request.max.bytes = 104857600
	socket.send.buffer.bytes = 102400
	ssl.cipher.suites = []
	ssl.client.auth = none
	ssl.enabled.protocols = [TLSv1.2]
	ssl.endpoint.identification.algorithm = https
	ssl.engine.factory.class = null
	ssl.key.password = null
	ssl.keymanager.algorithm = SunX509
	ssl.keystore.certificate.chain = null
	ssl.keystore.key = null
	ssl.keystore.location = null
	ssl.keystore.password = null
	ssl.keystore.type = JKS
	ssl.principal.mapping.rules = DEFAULT
	ssl.protocol = TLSv1.2
	ssl.provider = null
	ssl.secure.random.implementation = null
	ssl.trustmanager.algorithm = PKIX
	ssl.truststore.certificates = null
	ssl.truststore.location = null
	ssl.truststore.password = null
	ssl.truststore.type = JKS
	transaction.abort.timed.out.transaction.cleanup.interval.ms = 10000
	transaction.max.timeout.ms = 900000
	transaction.remove.expired.transaction.cleanup.interval.ms = 3600000
	transaction.state.log.load.buffer.size = 5242880
	transaction.state.log.min.isr = 1
	transaction.state.log.num.partitions = 50
	transaction.state.log.replication.factor = 1
	transaction.state.log.segment.bytes = 104857600
	transactional.id.expiration.ms = 604800000
	unclean.leader.election.enable = false
	zookeeper.clientCnxnSocket = null
	zookeeper.connect = 192.168.2.105:2181
	zookeeper.connection.timeout.ms = 18000
	zookeeper.max.in.flight.requests = 10
	zookeeper.session.timeout.ms = 18000
	zookeeper.set.acl = false
	zookeeper.ssl.cipher.suites = null
	zookeeper.ssl.client.enable = false
	zookeeper.ssl.crl.enable = false
	zookeeper.ssl.enabled.protocols = null
	zookeeper.ssl.endpoint.identification.algorithm = HTTPS
	zookeeper.ssl.keystore.location = null
	zookeeper.ssl.keystore.password = null
	zookeeper.ssl.keystore.type = null
	zookeeper.ssl.ocsp.enable = false
	zookeeper.ssl.protocol = TLSv1.2
	zookeeper.ssl.truststore.location = null
	zookeeper.ssl.truststore.password = null
	zookeeper.ssl.truststore.type = null
	zookeeper.sync.time.ms = 2000
 (kafka.server.KafkaConfig)
[2022-07-06 14:54:44,591] INFO [ThrottledChannelReaper-Fetch]: Starting (kafka.server.ClientQuotaManager$ThrottledChannelReaper)
[2022-07-06 14:54:44,591] INFO [ThrottledChannelReaper-Produce]: Starting (kafka.server.ClientQuotaManager$ThrottledChannelReaper)
[2022-07-06 14:54:44,595] INFO [ThrottledChannelReaper-ControllerMutation]: Starting (kafka.server.ClientQuotaManager$ThrottledChannelReaper)
[2022-07-06 14:54:44,594] INFO [ThrottledChannelReaper-Request]: Starting (kafka.server.ClientQuotaManager$ThrottledChannelReaper)
[2022-07-06 14:54:44,644] INFO Log directory /kafka/kafka-logs-a5c308748468 not found, creating it. (kafka.log.LogManager)
[2022-07-06 14:54:44,670] INFO Loading logs from log dirs ArraySeq(/kafka/kafka-logs-a5c308748468) (kafka.log.LogManager)
[2022-07-06 14:54:44,690] INFO Attempting recovery for all logs in /kafka/kafka-logs-a5c308748468 since no clean shutdown file was found (kafka.log.LogManager)
[2022-07-06 14:54:44,714] INFO Loaded 0 logs in 44ms. (kafka.log.LogManager)
[2022-07-06 14:54:44,715] INFO Starting log cleanup with a period of 300000 ms. (kafka.log.LogManager)
[2022-07-06 14:54:44,725] INFO Starting log flusher with a default period of 9223372036854775807 ms. (kafka.log.LogManager)
[2022-07-06 14:54:48,239] INFO Updated connection-accept-rate max connection creation rate to 2147483647 (kafka.network.ConnectionQuotas)
[2022-07-06 14:54:48,333] INFO Awaiting socket connections on 0.0.0.0:9093. (kafka.network.Acceptor)
[2022-07-06 14:54:48,799] INFO [SocketServer listenerType=ZK_BROKER, nodeId=1] Created data-plane acceptor and processors for endpoint : ListenerName(PLAINTEXT) (kafka.network.SocketServer)
[2022-07-06 14:54:48,861] INFO [broker-1-to-controller-send-thread]: Starting (kafka.server.BrokerToControllerRequestThread)
[2022-07-06 14:54:48,921] INFO [ExpirationReaper-1-Produce]: Starting (kafka.server.DelayedOperationPurgatory$ExpiredOperationReaper)
[2022-07-06 14:54:48,922] INFO [ExpirationReaper-1-Fetch]: Starting (kafka.server.DelayedOperationPurgatory$ExpiredOperationReaper)
[2022-07-06 14:54:48,937] INFO [ExpirationReaper-1-DeleteRecords]: Starting (kafka.server.DelayedOperationPurgatory$ExpiredOperationReaper)
[2022-07-06 14:54:48,977] INFO [ExpirationReaper-1-ElectLeader]: Starting (kafka.server.DelayedOperationPurgatory$ExpiredOperationReaper)
[2022-07-06 14:54:49,259] INFO [LogDirFailureHandler]: Starting (kafka.server.ReplicaManager$LogDirFailureHandler)
[2022-07-06 14:54:49,765] INFO Creating /brokers/ids/1 (is it secure? false) (kafka.zk.KafkaZkClient)
[2022-07-06 14:54:49,808] INFO Stat of the created znode at /brokers/ids/1 is: 69,69,1657119289779,1657119289779,1,0,0,72063294585503745,210,0,69
 (kafka.zk.KafkaZkClient)
[2022-07-06 14:54:49,810] INFO Registered broker 1 at path /brokers/ids/1 with addresses: PLAINTEXT://192.168.2.105:9093, czxid (broker epoch): 69 (kafka.zk.KafkaZkClient)
[2022-07-06 14:54:50,536] INFO [ExpirationReaper-1-topic]: Starting (kafka.server.DelayedOperationPurgatory$ExpiredOperationReaper)
[2022-07-06 14:54:50,565] INFO [ExpirationReaper-1-Heartbeat]: Starting (kafka.server.DelayedOperationPurgatory$ExpiredOperationReaper)
[2022-07-06 14:54:50,569] INFO [ExpirationReaper-1-Rebalance]: Starting (kafka.server.DelayedOperationPurgatory$ExpiredOperationReaper)
[2022-07-06 14:54:50,643] INFO Successfully created /controller_epoch with initial epoch 0 (kafka.zk.KafkaZkClient)
[2022-07-06 14:54:50,768] INFO Feature ZK node created at path: /feature (kafka.server.FinalizedFeatureChangeListener)
[2022-07-06 14:54:50,771] INFO [GroupCoordinator 1]: Starting up. (kafka.coordinator.group.GroupCoordinator)
[2022-07-06 14:54:50,823] INFO [GroupCoordinator 1]: Startup complete. (kafka.coordinator.group.GroupCoordinator)
[2022-07-06 14:54:51,223] INFO [ProducerId Manager 1]: Acquired new producerId block (brokerId:1,blockStartProducerId:0,blockEndProducerId:999) by writing to Zk with path version 1 (kafka.coordinator.transaction.ProducerIdManager)
[2022-07-06 14:54:51,224] INFO [TransactionCoordinator id=1] Starting up. (kafka.coordinator.transaction.TransactionCoordinator)
[2022-07-06 14:54:51,509] INFO [TransactionCoordinator id=1] Startup complete. (kafka.coordinator.transaction.TransactionCoordinator)
[2022-07-06 14:54:51,534] INFO [Transaction Marker Channel Manager 1]: Starting (kafka.coordinator.transaction.TransactionMarkerChannelManager)
[2022-07-06 14:54:51,563] INFO Updated cache from existing <empty> to latest FinalizedFeaturesAndEpoch(features=Features{}, epoch=0). (kafka.server.FinalizedFeatureCache)
[2022-07-06 14:54:51,886] INFO [ExpirationReaper-1-AlterAcls]: Starting (kafka.server.DelayedOperationPurgatory$ExpiredOperationReaper)
[2022-07-06 14:54:52,831] INFO [/config/changes-event-process-thread]: Starting (kafka.common.ZkNodeChangeNotificationListener$ChangeEventProcessThread)
[2022-07-06 14:54:53,171] INFO [SocketServer listenerType=ZK_BROKER, nodeId=1] Starting socket server acceptors and processors (kafka.network.SocketServer)
[2022-07-06 14:54:53,288] INFO [SocketServer listenerType=ZK_BROKER, nodeId=1] Started data-plane acceptor and processor(s) for endpoint : ListenerName(PLAINTEXT) (kafka.network.SocketServer)
[2022-07-06 14:54:53,288] INFO [SocketServer listenerType=ZK_BROKER, nodeId=1] Started socket server acceptors and processors (kafka.network.SocketServer)
[2022-07-06 14:54:53,383] INFO Kafka version: 2.8.1 (org.apache.kafka.common.utils.AppInfoParser)
[2022-07-06 14:54:53,383] INFO Kafka commitId: 839b886f9b732b15 (org.apache.kafka.common.utils.AppInfoParser)
[2022-07-06 14:54:53,384] INFO Kafka startTimeMs: 1657119293289 (org.apache.kafka.common.utils.AppInfoParser)
[2022-07-06 14:54:53,420] INFO [KafkaServer id=1] started (kafka.server.KafkaServer)
[2022-07-06 14:54:54,034] INFO [broker-1-to-controller-send-thread]: Recorded new controller, from now on will use broker 192.168.2.105:9093 (id: 1 rack: null) (kafka.server.BrokerToControllerRequestThread)
[2022-07-06 14:59:31,371] INFO Creating topic __consumer_offsets with configuration {segment.bytes=104857600, cleanup.policy=compact, compression.type=producer} and initial partition assignment HashMap(0 -> ArrayBuffer(0), 1 -> ArrayBuffer(2), 2 -> ArrayBuffer(1), 3 -> ArrayBuffer(0), 4 -> ArrayBuffer(2), 5 -> ArrayBuffer(1), 6 -> ArrayBuffer(0), 7 -> ArrayBuffer(2), 8 -> ArrayBuffer(1), 9 -> ArrayBuffer(0), 10 -> ArrayBuffer(2), 11 -> ArrayBuffer(1), 12 -> ArrayBuffer(0), 13 -> ArrayBuffer(2), 14 -> ArrayBuffer(1), 15 -> ArrayBuffer(0), 16 -> ArrayBuffer(2), 17 -> ArrayBuffer(1), 18 -> ArrayBuffer(0), 19 -> ArrayBuffer(2), 20 -> ArrayBuffer(1), 21 -> ArrayBuffer(0), 22 -> ArrayBuffer(2), 23 -> ArrayBuffer(1), 24 -> ArrayBuffer(0), 25 -> ArrayBuffer(2), 26 -> ArrayBuffer(1), 27 -> ArrayBuffer(0), 28 -> ArrayBuffer(2), 29 -> ArrayBuffer(1), 30 -> ArrayBuffer(0), 31 -> ArrayBuffer(2), 32 -> ArrayBuffer(1), 33 -> ArrayBuffer(0), 34 -> ArrayBuffer(2), 35 -> ArrayBuffer(1), 36 -> ArrayBuffer(0), 37 -> ArrayBuffer(2), 38 -> ArrayBuffer(1), 39 -> ArrayBuffer(0), 40 -> ArrayBuffer(2), 41 -> ArrayBuffer(1), 42 -> ArrayBuffer(0), 43 -> ArrayBuffer(2), 44 -> ArrayBuffer(1), 45 -> ArrayBuffer(0), 46 -> ArrayBuffer(2), 47 -> ArrayBuffer(1), 48 -> ArrayBuffer(0), 49 -> ArrayBuffer(2)) (kafka.zk.AdminZkClient)
[2022-07-06 14:59:31,747] INFO [ReplicaFetcherManager on broker 1] Removed fetcher for partitions HashSet(__consumer_offsets-8, __consumer_offsets-35, __consumer_offsets-47, __consumer_offsets-38, __consumer_offsets-17, __consumer_offsets-11, __consumer_offsets-29, __consumer_offsets-32, __consumer_offsets-41, __consumer_offsets-23, __consumer_offsets-2, __consumer_offsets-14, __consumer_offsets-20, __consumer_offsets-44, __consumer_offsets-5, __consumer_offsets-26) (kafka.server.ReplicaFetcherManager)
[2022-07-06 14:59:32,023] INFO [Log partition=__consumer_offsets-35, dir=/kafka/kafka-logs-a5c308748468] Loading producer state till offset 0 with message format version 2 (kafka.log.Log)
[2022-07-06 14:59:32,054] INFO Created log for partition __consumer_offsets-35 in /kafka/kafka-logs-a5c308748468/__consumer_offsets-35 with properties {cleanup.policy=compact, compression.type="producer", segment.bytes=104857600} (kafka.log.LogManager)
[2022-07-06 14:59:32,055] INFO [Partition __consumer_offsets-35 broker=1] No checkpointed highwatermark is found for partition __consumer_offsets-35 (kafka.cluster.Partition)
[2022-07-06 14:59:32,057] INFO [Partition __consumer_offsets-35 broker=1] Log loaded for partition __consumer_offsets-35 with initial high watermark 0 (kafka.cluster.Partition)
[2022-07-06 14:59:32,075] INFO [Log partition=__consumer_offsets-5, dir=/kafka/kafka-logs-a5c308748468] Loading producer state till offset 0 with message format version 2 (kafka.log.Log)
[2022-07-06 14:59:32,077] INFO Created log for partition __consumer_offsets-5 in /kafka/kafka-logs-a5c308748468/__consumer_offsets-5 with properties {cleanup.policy=compact, compression.type="producer", segment.bytes=104857600} (kafka.log.LogManager)
[2022-07-06 14:59:32,077] INFO [Partition __consumer_offsets-5 broker=1] No checkpointed highwatermark is found for partition __consumer_offsets-5 (kafka.cluster.Partition)
[2022-07-06 14:59:32,077] INFO [Partition __consumer_offsets-5 broker=1] Log loaded for partition __consumer_offsets-5 with initial high watermark 0 (kafka.cluster.Partition)
[2022-07-06 14:59:32,091] INFO [Log partition=__consumer_offsets-20, dir=/kafka/kafka-logs-a5c308748468] Loading producer state till offset 0 with message format version 2 (kafka.log.Log)
[2022-07-06 14:59:32,092] INFO Created log for partition __consumer_offsets-20 in /kafka/kafka-logs-a5c308748468/__consumer_offsets-20 with properties {cleanup.policy=compact, compression.type="producer", segment.bytes=104857600} (kafka.log.LogManager)
[2022-07-06 14:59:32,092] INFO [Partition __consumer_offsets-20 broker=1] No checkpointed highwatermark is found for partition __consumer_offsets-20 (kafka.cluster.Partition)
[2022-07-06 14:59:32,092] INFO [Partition __consumer_offsets-20 broker=1] Log loaded for partition __consumer_offsets-20 with initial high watermark 0 (kafka.cluster.Partition)
[2022-07-06 14:59:32,100] INFO [Log partition=__consumer_offsets-41, dir=/kafka/kafka-logs-a5c308748468] Loading producer state till offset 0 with message format version 2 (kafka.log.Log)
[2022-07-06 14:59:32,101] INFO Created log for partition __consumer_offsets-41 in /kafka/kafka-logs-a5c308748468/__consumer_offsets-41 with properties {cleanup.policy=compact, compression.type="producer", segment.bytes=104857600} (kafka.log.LogManager)
[2022-07-06 14:59:32,101] INFO [Partition __consumer_offsets-41 broker=1] No checkpointed highwatermark is found for partition __consumer_offsets-41 (kafka.cluster.Partition)
[2022-07-06 14:59:32,101] INFO [Partition __consumer_offsets-41 broker=1] Log loaded for partition __consumer_offsets-41 with initial high watermark 0 (kafka.cluster.Partition)
[2022-07-06 14:59:32,109] INFO [Log partition=__consumer_offsets-29, dir=/kafka/kafka-logs-a5c308748468] Loading producer state till offset 0 with message format version 2 (kafka.log.Log)
[2022-07-06 14:59:32,111] INFO Created log for partition __consumer_offsets-29 in /kafka/kafka-logs-a5c308748468/__consumer_offsets-29 with properties {cleanup.policy=compact, compression.type="producer", segment.bytes=104857600} (kafka.log.LogManager)
[2022-07-06 14:59:32,111] INFO [Partition __consumer_offsets-29 broker=1] No checkpointed highwatermark is found for partition __consumer_offsets-29 (kafka.cluster.Partition)
[2022-07-06 14:59:32,111] INFO [Partition __consumer_offsets-29 broker=1] Log loaded for partition __consumer_offsets-29 with initial high watermark 0 (kafka.cluster.Partition)
[2022-07-06 14:59:32,132] INFO [Log partition=__consumer_offsets-44, dir=/kafka/kafka-logs-a5c308748468] Loading producer state till offset 0 with message format version 2 (kafka.log.Log)
[2022-07-06 14:59:32,134] INFO Created log for partition __consumer_offsets-44 in /kafka/kafka-logs-a5c308748468/__consumer_offsets-44 with properties {cleanup.policy=compact, compression.type="producer", segment.bytes=104857600} (kafka.log.LogManager)
[2022-07-06 14:59:32,134] INFO [Partition __consumer_offsets-44 broker=1] No checkpointed highwatermark is found for partition __consumer_offsets-44 (kafka.cluster.Partition)
[2022-07-06 14:59:32,134] INFO [Partition __consumer_offsets-44 broker=1] Log loaded for partition __consumer_offsets-44 with initial high watermark 0 (kafka.cluster.Partition)
[2022-07-06 14:59:32,142] INFO [Log partition=__consumer_offsets-14, dir=/kafka/kafka-logs-a5c308748468] Loading producer state till offset 0 with message format version 2 (kafka.log.Log)
[2022-07-06 14:59:32,143] INFO Created log for partition __consumer_offsets-14 in /kafka/kafka-logs-a5c308748468/__consumer_offsets-14 with properties {cleanup.policy=compact, compression.type="producer", segment.bytes=104857600} (kafka.log.LogManager)
[2022-07-06 14:59:32,144] INFO [Partition __consumer_offsets-14 broker=1] No checkpointed highwatermark is found for partition __consumer_offsets-14 (kafka.cluster.Partition)
[2022-07-06 14:59:32,144] INFO [Partition __consumer_offsets-14 broker=1] Log loaded for partition __consumer_offsets-14 with initial high watermark 0 (kafka.cluster.Partition)
[2022-07-06 14:59:32,153] INFO [Log partition=__consumer_offsets-2, dir=/kafka/kafka-logs-a5c308748468] Loading producer state till offset 0 with message format version 2 (kafka.log.Log)
[2022-07-06 14:59:32,154] INFO Created log for partition __consumer_offsets-2 in /kafka/kafka-logs-a5c308748468/__consumer_offsets-2 with properties {cleanup.policy=compact, compression.type="producer", segment.bytes=104857600} (kafka.log.LogManager)
[2022-07-06 14:59:32,154] INFO [Partition __consumer_offsets-2 broker=1] No checkpointed highwatermark is found for partition __consumer_offsets-2 (kafka.cluster.Partition)
[2022-07-06 14:59:32,154] INFO [Partition __consumer_offsets-2 broker=1] Log loaded for partition __consumer_offsets-2 with initial high watermark 0 (kafka.cluster.Partition)
[2022-07-06 14:59:32,161] INFO [Log partition=__consumer_offsets-23, dir=/kafka/kafka-logs-a5c308748468] Loading producer state till offset 0 with message format version 2 (kafka.log.Log)
[2022-07-06 14:59:32,163] INFO Created log for partition __consumer_offsets-23 in /kafka/kafka-logs-a5c308748468/__consumer_offsets-23 with properties {cleanup.policy=compact, compression.type="producer", segment.bytes=104857600} (kafka.log.LogManager)
[2022-07-06 14:59:32,163] INFO [Partition __consumer_offsets-23 broker=1] No checkpointed highwatermark is found for partition __consumer_offsets-23 (kafka.cluster.Partition)
[2022-07-06 14:59:32,163] INFO [Partition __consumer_offsets-23 broker=1] Log loaded for partition __consumer_offsets-23 with initial high watermark 0 (kafka.cluster.Partition)
[2022-07-06 14:59:32,181] INFO [Log partition=__consumer_offsets-38, dir=/kafka/kafka-logs-a5c308748468] Loading producer state till offset 0 with message format version 2 (kafka.log.Log)
[2022-07-06 14:59:32,183] INFO Created log for partition __consumer_offsets-38 in /kafka/kafka-logs-a5c308748468/__consumer_offsets-38 with properties {cleanup.policy=compact, compression.type="producer", segment.bytes=104857600} (kafka.log.LogManager)
[2022-07-06 14:59:32,183] INFO [Partition __consumer_offsets-38 broker=1] No checkpointed highwatermark is found for partition __consumer_offsets-38 (kafka.cluster.Partition)
[2022-07-06 14:59:32,183] INFO [Partition __consumer_offsets-38 broker=1] Log loaded for partition __consumer_offsets-38 with initial high watermark 0 (kafka.cluster.Partition)
[2022-07-06 14:59:32,191] INFO [Log partition=__consumer_offsets-8, dir=/kafka/kafka-logs-a5c308748468] Loading producer state till offset 0 with message format version 2 (kafka.log.Log)
[2022-07-06 14:59:32,192] INFO Created log for partition __consumer_offsets-8 in /kafka/kafka-logs-a5c308748468/__consumer_offsets-8 with properties {cleanup.policy=compact, compression.type="producer", segment.bytes=104857600} (kafka.log.LogManager)
[2022-07-06 14:59:32,192] INFO [Partition __consumer_offsets-8 broker=1] No checkpointed highwatermark is found for partition __consumer_offsets-8 (kafka.cluster.Partition)
[2022-07-06 14:59:32,192] INFO [Partition __consumer_offsets-8 broker=1] Log loaded for partition __consumer_offsets-8 with initial high watermark 0 (kafka.cluster.Partition)
[2022-07-06 14:59:32,201] INFO [Log partition=__consumer_offsets-11, dir=/kafka/kafka-logs-a5c308748468] Loading producer state till offset 0 with message format version 2 (kafka.log.Log)
[2022-07-06 14:59:32,203] INFO Created log for partition __consumer_offsets-11 in /kafka/kafka-logs-a5c308748468/__consumer_offsets-11 with properties {cleanup.policy=compact, compression.type="producer", segment.bytes=104857600} (kafka.log.LogManager)
[2022-07-06 14:59:32,203] INFO [Partition __consumer_offsets-11 broker=1] No checkpointed highwatermark is found for partition __consumer_offsets-11 (kafka.cluster.Partition)
[2022-07-06 14:59:32,203] INFO [Partition __consumer_offsets-11 broker=1] Log loaded for partition __consumer_offsets-11 with initial high watermark 0 (kafka.cluster.Partition)
[2022-07-06 14:59:32,217] INFO [Log partition=__consumer_offsets-26, dir=/kafka/kafka-logs-a5c308748468] Loading producer state till offset 0 with message format version 2 (kafka.log.Log)
[2022-07-06 14:59:32,218] INFO Created log for partition __consumer_offsets-26 in /kafka/kafka-logs-a5c308748468/__consumer_offsets-26 with properties {cleanup.policy=compact, compression.type="producer", segment.bytes=104857600} (kafka.log.LogManager)
[2022-07-06 14:59:32,219] INFO [Partition __consumer_offsets-26 broker=1] No checkpointed highwatermark is found for partition __consumer_offsets-26 (kafka.cluster.Partition)
[2022-07-06 14:59:32,219] INFO [Partition __consumer_offsets-26 broker=1] Log loaded for partition __consumer_offsets-26 with initial high watermark 0 (kafka.cluster.Partition)
[2022-07-06 14:59:32,226] INFO [Log partition=__consumer_offsets-47, dir=/kafka/kafka-logs-a5c308748468] Loading producer state till offset 0 with message format version 2 (kafka.log.Log)
[2022-07-06 14:59:32,228] INFO Created log for partition __consumer_offsets-47 in /kafka/kafka-logs-a5c308748468/__consumer_offsets-47 with properties {cleanup.policy=compact, compression.type="producer", segment.bytes=104857600} (kafka.log.LogManager)
[2022-07-06 14:59:32,228] INFO [Partition __consumer_offsets-47 broker=1] No checkpointed highwatermark is found for partition __consumer_offsets-47 (kafka.cluster.Partition)
[2022-07-06 14:59:32,228] INFO [Partition __consumer_offsets-47 broker=1] Log loaded for partition __consumer_offsets-47 with initial high watermark 0 (kafka.cluster.Partition)
[2022-07-06 14:59:32,234] INFO [Log partition=__consumer_offsets-17, dir=/kafka/kafka-logs-a5c308748468] Loading producer state till offset 0 with message format version 2 (kafka.log.Log)
[2022-07-06 14:59:32,235] INFO Created log for partition __consumer_offsets-17 in /kafka/kafka-logs-a5c308748468/__consumer_offsets-17 with properties {cleanup.policy=compact, compression.type="producer", segment.bytes=104857600} (kafka.log.LogManager)
[2022-07-06 14:59:32,235] INFO [Partition __consumer_offsets-17 broker=1] No checkpointed highwatermark is found for partition __consumer_offsets-17 (kafka.cluster.Partition)
[2022-07-06 14:59:32,236] INFO [Partition __consumer_offsets-17 broker=1] Log loaded for partition __consumer_offsets-17 with initial high watermark 0 (kafka.cluster.Partition)
[2022-07-06 14:59:32,243] INFO [Log partition=__consumer_offsets-32, dir=/kafka/kafka-logs-a5c308748468] Loading producer state till offset 0 with message format version 2 (kafka.log.Log)
[2022-07-06 14:59:32,244] INFO Created log for partition __consumer_offsets-32 in /kafka/kafka-logs-a5c308748468/__consumer_offsets-32 with properties {cleanup.policy=compact, compression.type="producer", segment.bytes=104857600} (kafka.log.LogManager)
[2022-07-06 14:59:32,245] INFO [Partition __consumer_offsets-32 broker=1] No checkpointed highwatermark is found for partition __consumer_offsets-32 (kafka.cluster.Partition)
[2022-07-06 14:59:32,245] INFO [Partition __consumer_offsets-32 broker=1] Log loaded for partition __consumer_offsets-32 with initial high watermark 0 (kafka.cluster.Partition)
[2022-07-06 14:59:32,253] INFO [GroupCoordinator 1]: Elected as the group coordinator for partition 35 in epoch 0 (kafka.coordinator.group.GroupCoordinator)
[2022-07-06 14:59:32,255] INFO [GroupMetadataManager brokerId=1] Scheduling loading of offsets and group metadata from __consumer_offsets-35 for epoch 0 (kafka.coordinator.group.GroupMetadataManager)
[2022-07-06 14:59:32,258] INFO [GroupCoordinator 1]: Elected as the group coordinator for partition 5 in epoch 0 (kafka.coordinator.group.GroupCoordinator)
[2022-07-06 14:59:32,259] INFO [GroupMetadataManager brokerId=1] Scheduling loading of offsets and group metadata from __consumer_offsets-5 for epoch 0 (kafka.coordinator.group.GroupMetadataManager)
[2022-07-06 14:59:32,259] INFO [GroupCoordinator 1]: Elected as the group coordinator for partition 20 in epoch 0 (kafka.coordinator.group.GroupCoordinator)
[2022-07-06 14:59:32,259] INFO [GroupMetadataManager brokerId=1] Scheduling loading of offsets and group metadata from __consumer_offsets-20 for epoch 0 (kafka.coordinator.group.GroupMetadataManager)
[2022-07-06 14:59:32,259] INFO [GroupCoordinator 1]: Elected as the group coordinator for partition 41 in epoch 0 (kafka.coordinator.group.GroupCoordinator)
[2022-07-06 14:59:32,259] INFO [GroupMetadataManager brokerId=1] Scheduling loading of offsets and group metadata from __consumer_offsets-41 for epoch 0 (kafka.coordinator.group.GroupMetadataManager)
[2022-07-06 14:59:32,259] INFO [GroupCoordinator 1]: Elected as the group coordinator for partition 29 in epoch 0 (kafka.coordinator.group.GroupCoordinator)
[2022-07-06 14:59:32,259] INFO [GroupMetadataManager brokerId=1] Scheduling loading of offsets and group metadata from __consumer_offsets-29 for epoch 0 (kafka.coordinator.group.GroupMetadataManager)
[2022-07-06 14:59:32,259] INFO [GroupCoordinator 1]: Elected as the group coordinator for partition 44 in epoch 0 (kafka.coordinator.group.GroupCoordinator)
[2022-07-06 14:59:32,259] INFO [GroupMetadataManager brokerId=1] Scheduling loading of offsets and group metadata from __consumer_offsets-44 for epoch 0 (kafka.coordinator.group.GroupMetadataManager)
[2022-07-06 14:59:32,259] INFO [GroupCoordinator 1]: Elected as the group coordinator for partition 14 in epoch 0 (kafka.coordinator.group.GroupCoordinator)
[2022-07-06 14:59:32,259] INFO [GroupMetadataManager brokerId=1] Scheduling loading of offsets and group metadata from __consumer_offsets-14 for epoch 0 (kafka.coordinator.group.GroupMetadataManager)
[2022-07-06 14:59:32,259] INFO [GroupCoordinator 1]: Elected as the group coordinator for partition 2 in epoch 0 (kafka.coordinator.group.GroupCoordinator)
[2022-07-06 14:59:32,259] INFO [GroupMetadataManager brokerId=1] Scheduling loading of offsets and group metadata from __consumer_offsets-2 for epoch 0 (kafka.coordinator.group.GroupMetadataManager)
[2022-07-06 14:59:32,259] INFO [GroupCoordinator 1]: Elected as the group coordinator for partition 23 in epoch 0 (kafka.coordinator.group.GroupCoordinator)
[2022-07-06 14:59:32,259] INFO [GroupMetadataManager brokerId=1] Scheduling loading of offsets and group metadata from __consumer_offsets-23 for epoch 0 (kafka.coordinator.group.GroupMetadataManager)
[2022-07-06 14:59:32,260] INFO [GroupCoordinator 1]: Elected as the group coordinator for partition 38 in epoch 0 (kafka.coordinator.group.GroupCoordinator)
[2022-07-06 14:59:32,260] INFO [GroupMetadataManager brokerId=1] Scheduling loading of offsets and group metadata from __consumer_offsets-38 for epoch 0 (kafka.coordinator.group.GroupMetadataManager)
[2022-07-06 14:59:32,260] INFO [GroupCoordinator 1]: Elected as the group coordinator for partition 8 in epoch 0 (kafka.coordinator.group.GroupCoordinator)
[2022-07-06 14:59:32,260] INFO [GroupMetadataManager brokerId=1] Scheduling loading of offsets and group metadata from __consumer_offsets-8 for epoch 0 (kafka.coordinator.group.GroupMetadataManager)
[2022-07-06 14:59:32,260] INFO [GroupCoordinator 1]: Elected as the group coordinator for partition 11 in epoch 0 (kafka.coordinator.group.GroupCoordinator)
[2022-07-06 14:59:32,260] INFO [GroupMetadataManager brokerId=1] Scheduling loading of offsets and group metadata from __consumer_offsets-11 for epoch 0 (kafka.coordinator.group.GroupMetadataManager)
[2022-07-06 14:59:32,260] INFO [GroupCoordinator 1]: Elected as the group coordinator for partition 26 in epoch 0 (kafka.coordinator.group.GroupCoordinator)
[2022-07-06 14:59:32,260] INFO [GroupMetadataManager brokerId=1] Scheduling loading of offsets and group metadata from __consumer_offsets-26 for epoch 0 (kafka.coordinator.group.GroupMetadataManager)
[2022-07-06 14:59:32,260] INFO [GroupCoordinator 1]: Elected as the group coordinator for partition 47 in epoch 0 (kafka.coordinator.group.GroupCoordinator)
[2022-07-06 14:59:32,260] INFO [GroupMetadataManager brokerId=1] Scheduling loading of offsets and group metadata from __consumer_offsets-47 for epoch 0 (kafka.coordinator.group.GroupMetadataManager)
[2022-07-06 14:59:32,260] INFO [GroupCoordinator 1]: Elected as the group coordinator for partition 17 in epoch 0 (kafka.coordinator.group.GroupCoordinator)
[2022-07-06 14:59:32,260] INFO [GroupMetadataManager brokerId=1] Scheduling loading of offsets and group metadata from __consumer_offsets-17 for epoch 0 (kafka.coordinator.group.GroupMetadataManager)
[2022-07-06 14:59:32,260] INFO [GroupCoordinator 1]: Elected as the group coordinator for partition 32 in epoch 0 (kafka.coordinator.group.GroupCoordinator)
[2022-07-06 14:59:32,260] INFO [GroupMetadataManager brokerId=1] Scheduling loading of offsets and group metadata from __consumer_offsets-32 for epoch 0 (kafka.coordinator.group.GroupMetadataManager)
[2022-07-06 14:59:32,269] INFO [GroupMetadataManager brokerId=1] Finished loading offsets and group metadata from __consumer_offsets-35 in 12 milliseconds for epoch 0, of which 5 milliseconds was spent in the scheduler. (kafka.coordinator.group.GroupMetadataManager)
[2022-07-06 14:59:32,271] INFO [GroupMetadataManager brokerId=1] Finished loading offsets and group metadata from __consumer_offsets-5 in 12 milliseconds for epoch 0, of which 12 milliseconds was spent in the scheduler. (kafka.coordinator.group.GroupMetadataManager)
[2022-07-06 14:59:32,272] INFO [GroupMetadataManager brokerId=1] Finished loading offsets and group metadata from __consumer_offsets-20 in 13 milliseconds for epoch 0, of which 13 milliseconds was spent in the scheduler. (kafka.coordinator.group.GroupMetadataManager)
[2022-07-06 14:59:32,272] INFO [GroupMetadataManager brokerId=1] Finished loading offsets and group metadata from __consumer_offsets-41 in 13 milliseconds for epoch 0, of which 13 milliseconds was spent in the scheduler. (kafka.coordinator.group.GroupMetadataManager)
[2022-07-06 14:59:32,272] INFO [GroupMetadataManager brokerId=1] Finished loading offsets and group metadata from __consumer_offsets-29 in 13 milliseconds for epoch 0, of which 13 milliseconds was spent in the scheduler. (kafka.coordinator.group.GroupMetadataManager)
[2022-07-06 14:59:32,273] INFO [GroupMetadataManager brokerId=1] Finished loading offsets and group metadata from __consumer_offsets-44 in 13 milliseconds for epoch 0, of which 13 milliseconds was spent in the scheduler. (kafka.coordinator.group.GroupMetadataManager)
[2022-07-06 14:59:32,273] INFO [GroupMetadataManager brokerId=1] Finished loading offsets and group metadata from __consumer_offsets-14 in 14 milliseconds for epoch 0, of which 14 milliseconds was spent in the scheduler. (kafka.coordinator.group.GroupMetadataManager)
[2022-07-06 14:59:32,273] INFO [GroupMetadataManager brokerId=1] Finished loading offsets and group metadata from __consumer_offsets-2 in 14 milliseconds for epoch 0, of which 14 milliseconds was spent in the scheduler. (kafka.coordinator.group.GroupMetadataManager)
[2022-07-06 14:59:32,273] INFO [GroupMetadataManager brokerId=1] Finished loading offsets and group metadata from __consumer_offsets-23 in 13 milliseconds for epoch 0, of which 13 milliseconds was spent in the scheduler. (kafka.coordinator.group.GroupMetadataManager)
[2022-07-06 14:59:32,274] INFO [GroupMetadataManager brokerId=1] Finished loading offsets and group metadata from __consumer_offsets-38 in 14 milliseconds for epoch 0, of which 13 milliseconds was spent in the scheduler. (kafka.coordinator.group.GroupMetadataManager)
[2022-07-06 14:59:32,274] INFO [GroupMetadataManager brokerId=1] Finished loading offsets and group metadata from __consumer_offsets-8 in 14 milliseconds for epoch 0, of which 14 milliseconds was spent in the scheduler. (kafka.coordinator.group.GroupMetadataManager)
[2022-07-06 14:59:32,274] INFO [GroupMetadataManager brokerId=1] Finished loading offsets and group metadata from __consumer_offsets-11 in 14 milliseconds for epoch 0, of which 14 milliseconds was spent in the scheduler. (kafka.coordinator.group.GroupMetadataManager)
[2022-07-06 14:59:32,274] INFO [GroupMetadataManager brokerId=1] Finished loading offsets and group metadata from __consumer_offsets-26 in 14 milliseconds for epoch 0, of which 14 milliseconds was spent in the scheduler. (kafka.coordinator.group.GroupMetadataManager)
[2022-07-06 14:59:32,275] INFO [GroupMetadataManager brokerId=1] Finished loading offsets and group metadata from __consumer_offsets-47 in 15 milliseconds for epoch 0, of which 14 milliseconds was spent in the scheduler. (kafka.coordinator.group.GroupMetadataManager)
[2022-07-06 14:59:32,275] INFO [GroupMetadataManager brokerId=1] Finished loading offsets and group metadata from __consumer_offsets-17 in 15 milliseconds for epoch 0, of which 15 milliseconds was spent in the scheduler. (kafka.coordinator.group.GroupMetadataManager)
[2022-07-06 14:59:32,275] INFO [GroupMetadataManager brokerId=1] Finished loading offsets and group metadata from __consumer_offsets-32 in 15 milliseconds for epoch 0, of which 15 milliseconds was spent in the scheduler. (kafka.coordinator.group.GroupMetadataManager)
