[2022-07-06 16:24:26,292] INFO [Controller id=1 epoch=1] Sending UpdateMetadata request to brokers HashSet() for 0 partitions (state.change.logger)
[2022-07-06 16:24:29,208] ERROR [Controller id=1 epoch=1] Controller 1 epoch 1 failed to change state for partition __consumer_offsets-22 from OfflinePartition to OnlinePartition (state.change.logger)
kafka.common.StateChangeFailedException: Failed to elect leader for partition __consumer_offsets-22 under strategy OfflinePartitionLeaderElectionStrategy(false)
	at kafka.controller.ZkPartitionStateMachine.$anonfun$doElectLeaderForPartitions$7(PartitionStateMachine.scala:424)
	at scala.collection.IterableOnceOps.foreach(IterableOnce.scala:563)
	at scala.collection.IterableOnceOps.foreach$(IterableOnce.scala:561)
	at scala.collection.AbstractIterable.foreach(Iterable.scala:919)
	at kafka.controller.ZkPartitionStateMachine.doElectLeaderForPartitions(PartitionStateMachine.scala:421)
	at kafka.controller.ZkPartitionStateMachine.electLeaderForPartitions(PartitionStateMachine.scala:332)
	at kafka.controller.ZkPartitionStateMachine.doHandleStateChanges(PartitionStateMachine.scala:238)
	at kafka.controller.ZkPartitionStateMachine.handleStateChanges(PartitionStateMachine.scala:158)
	at kafka.controller.PartitionStateMachine.triggerOnlineStateChangeForPartitions(PartitionStateMachine.scala:74)
	at kafka.controller.PartitionStateMachine.triggerOnlinePartitionStateChange(PartitionStateMachine.scala:59)
	at kafka.controller.KafkaController.onReplicasBecomeOffline(KafkaController.scala:619)
	at kafka.controller.KafkaController.onBrokerFailure(KafkaController.scala:589)
	at kafka.controller.KafkaController.processBrokerChange(KafkaController.scala:1610)
	at kafka.controller.KafkaController.process(KafkaController.scala:2436)
	at kafka.controller.QueuedEvent.process(ControllerEventManager.scala:52)
	at kafka.controller.ControllerEventManager$ControllerEventThread.process$1(ControllerEventManager.scala:130)
	at kafka.controller.ControllerEventManager$ControllerEventThread.$anonfun$doWork$1(ControllerEventManager.scala:133)
	at scala.runtime.java8.JFunction0$mcV$sp.apply(JFunction0$mcV$sp.scala:18)
	at kafka.metrics.KafkaTimer.time(KafkaTimer.scala:31)
	at kafka.controller.ControllerEventManager$ControllerEventThread.doWork(ControllerEventManager.scala:133)
	at kafka.utils.ShutdownableThread.run(ShutdownableThread.scala:96)
[2022-07-06 16:24:29,513] ERROR [Controller id=1 epoch=1] Controller 1 epoch 1 failed to change state for partition __consumer_offsets-4 from OfflinePartition to OnlinePartition (state.change.logger)
kafka.common.StateChangeFailedException: Failed to elect leader for partition __consumer_offsets-4 under strategy OfflinePartitionLeaderElectionStrategy(false)
	at kafka.controller.ZkPartitionStateMachine.$anonfun$doElectLeaderForPartitions$7(PartitionStateMachine.scala:424)
	at scala.collection.IterableOnceOps.foreach(IterableOnce.scala:563)
	at scala.collection.IterableOnceOps.foreach$(IterableOnce.scala:561)
	at scala.collection.AbstractIterable.foreach(Iterable.scala:919)
	at kafka.controller.ZkPartitionStateMachine.doElectLeaderForPartitions(PartitionStateMachine.scala:421)
	at kafka.controller.ZkPartitionStateMachine.electLeaderForPartitions(PartitionStateMachine.scala:332)
	at kafka.controller.ZkPartitionStateMachine.doHandleStateChanges(PartitionStateMachine.scala:238)
	at kafka.controller.ZkPartitionStateMachine.handleStateChanges(PartitionStateMachine.scala:158)
	at kafka.controller.PartitionStateMachine.triggerOnlineStateChangeForPartitions(PartitionStateMachine.scala:74)
	at kafka.controller.PartitionStateMachine.triggerOnlinePartitionStateChange(PartitionStateMachine.scala:59)
	at kafka.controller.KafkaController.onReplicasBecomeOffline(KafkaController.scala:619)
	at kafka.controller.KafkaController.onBrokerFailure(KafkaController.scala:589)
	at kafka.controller.KafkaController.processBrokerChange(KafkaController.scala:1610)
	at kafka.controller.KafkaController.process(KafkaController.scala:2436)
	at kafka.controller.QueuedEvent.process(ControllerEventManager.scala:52)
	at kafka.controller.ControllerEventManager$ControllerEventThread.process$1(ControllerEventManager.scala:130)
	at kafka.controller.ControllerEventManager$ControllerEventThread.$anonfun$doWork$1(ControllerEventManager.scala:133)
	at scala.runtime.java8.JFunction0$mcV$sp.apply(JFunction0$mcV$sp.scala:18)
	at kafka.metrics.KafkaTimer.time(KafkaTimer.scala:31)
	at kafka.controller.ControllerEventManager$ControllerEventThread.doWork(ControllerEventManager.scala:133)
	at kafka.utils.ShutdownableThread.run(ShutdownableThread.scala:96)
[2022-07-06 16:24:29,567] ERROR [Controller id=1 epoch=1] Controller 1 epoch 1 failed to change state for partition __consumer_offsets-25 from OfflinePartition to OnlinePartition (state.change.logger)
kafka.common.StateChangeFailedException: Failed to elect leader for partition __consumer_offsets-25 under strategy OfflinePartitionLeaderElectionStrategy(false)
	at kafka.controller.ZkPartitionStateMachine.$anonfun$doElectLeaderForPartitions$7(PartitionStateMachine.scala:424)
	at scala.collection.IterableOnceOps.foreach(IterableOnce.scala:563)
	at scala.collection.IterableOnceOps.foreach$(IterableOnce.scala:561)
	at scala.collection.AbstractIterable.foreach(Iterable.scala:919)
	at kafka.controller.ZkPartitionStateMachine.doElectLeaderForPartitions(PartitionStateMachine.scala:421)
	at kafka.controller.ZkPartitionStateMachine.electLeaderForPartitions(PartitionStateMachine.scala:332)
	at kafka.controller.ZkPartitionStateMachine.doHandleStateChanges(PartitionStateMachine.scala:238)
	at kafka.controller.ZkPartitionStateMachine.handleStateChanges(PartitionStateMachine.scala:158)
	at kafka.controller.PartitionStateMachine.triggerOnlineStateChangeForPartitions(PartitionStateMachine.scala:74)
	at kafka.controller.PartitionStateMachine.triggerOnlinePartitionStateChange(PartitionStateMachine.scala:59)
	at kafka.controller.KafkaController.onReplicasBecomeOffline(KafkaController.scala:619)
	at kafka.controller.KafkaController.onBrokerFailure(KafkaController.scala:589)
	at kafka.controller.KafkaController.processBrokerChange(KafkaController.scala:1610)
	at kafka.controller.KafkaController.process(KafkaController.scala:2436)
	at kafka.controller.QueuedEvent.process(ControllerEventManager.scala:52)
	at kafka.controller.ControllerEventManager$ControllerEventThread.process$1(ControllerEventManager.scala:130)
	at kafka.controller.ControllerEventManager$ControllerEventThread.$anonfun$doWork$1(ControllerEventManager.scala:133)
	at scala.runtime.java8.JFunction0$mcV$sp.apply(JFunction0$mcV$sp.scala:18)
	at kafka.metrics.KafkaTimer.time(KafkaTimer.scala:31)
	at kafka.controller.ControllerEventManager$ControllerEventThread.doWork(ControllerEventManager.scala:133)
	at kafka.utils.ShutdownableThread.run(ShutdownableThread.scala:96)
[2022-07-06 16:24:29,567] ERROR [Controller id=1 epoch=1] Controller 1 epoch 1 failed to change state for partition __consumer_offsets-49 from OfflinePartition to OnlinePartition (state.change.logger)
kafka.common.StateChangeFailedException: Failed to elect leader for partition __consumer_offsets-49 under strategy OfflinePartitionLeaderElectionStrategy(false)
	at kafka.controller.ZkPartitionStateMachine.$anonfun$doElectLeaderForPartitions$7(PartitionStateMachine.scala:424)
	at scala.collection.IterableOnceOps.foreach(IterableOnce.scala:563)
	at scala.collection.IterableOnceOps.foreach$(IterableOnce.scala:561)
	at scala.collection.AbstractIterable.foreach(Iterable.scala:919)
	at kafka.controller.ZkPartitionStateMachine.doElectLeaderForPartitions(PartitionStateMachine.scala:421)
	at kafka.controller.ZkPartitionStateMachine.electLeaderForPartitions(PartitionStateMachine.scala:332)
	at kafka.controller.ZkPartitionStateMachine.doHandleStateChanges(PartitionStateMachine.scala:238)
	at kafka.controller.ZkPartitionStateMachine.handleStateChanges(PartitionStateMachine.scala:158)
	at kafka.controller.PartitionStateMachine.triggerOnlineStateChangeForPartitions(PartitionStateMachine.scala:74)
	at kafka.controller.PartitionStateMachine.triggerOnlinePartitionStateChange(PartitionStateMachine.scala:59)
	at kafka.controller.KafkaController.onReplicasBecomeOffline(KafkaController.scala:619)
	at kafka.controller.KafkaController.onBrokerFailure(KafkaController.scala:589)
	at kafka.controller.KafkaController.processBrokerChange(KafkaController.scala:1610)
	at kafka.controller.KafkaController.process(KafkaController.scala:2436)
	at kafka.controller.QueuedEvent.process(ControllerEventManager.scala:52)
	at kafka.controller.ControllerEventManager$ControllerEventThread.process$1(ControllerEventManager.scala:130)
	at kafka.controller.ControllerEventManager$ControllerEventThread.$anonfun$doWork$1(ControllerEventManager.scala:133)
	at scala.runtime.java8.JFunction0$mcV$sp.apply(JFunction0$mcV$sp.scala:18)
	at kafka.metrics.KafkaTimer.time(KafkaTimer.scala:31)
	at kafka.controller.ControllerEventManager$ControllerEventThread.doWork(ControllerEventManager.scala:133)
	at kafka.utils.ShutdownableThread.run(ShutdownableThread.scala:96)
[2022-07-06 16:24:29,567] ERROR [Controller id=1 epoch=1] Controller 1 epoch 1 failed to change state for partition __consumer_offsets-31 from OfflinePartition to OnlinePartition (state.change.logger)
kafka.common.StateChangeFailedException: Failed to elect leader for partition __consumer_offsets-31 under strategy OfflinePartitionLeaderElectionStrategy(false)
	at kafka.controller.ZkPartitionStateMachine.$anonfun$doElectLeaderForPartitions$7(PartitionStateMachine.scala:424)
	at scala.collection.IterableOnceOps.foreach(IterableOnce.scala:563)
	at scala.collection.IterableOnceOps.foreach$(IterableOnce.scala:561)
	at scala.collection.AbstractIterable.foreach(Iterable.scala:919)
	at kafka.controller.ZkPartitionStateMachine.doElectLeaderForPartitions(PartitionStateMachine.scala:421)
	at kafka.controller.ZkPartitionStateMachine.electLeaderForPartitions(PartitionStateMachine.scala:332)
	at kafka.controller.ZkPartitionStateMachine.doHandleStateChanges(PartitionStateMachine.scala:238)
	at kafka.controller.ZkPartitionStateMachine.handleStateChanges(PartitionStateMachine.scala:158)
	at kafka.controller.PartitionStateMachine.triggerOnlineStateChangeForPartitions(PartitionStateMachine.scala:74)
	at kafka.controller.PartitionStateMachine.triggerOnlinePartitionStateChange(PartitionStateMachine.scala:59)
	at kafka.controller.KafkaController.onReplicasBecomeOffline(KafkaController.scala:619)
	at kafka.controller.KafkaController.onBrokerFailure(KafkaController.scala:589)
	at kafka.controller.KafkaController.processBrokerChange(KafkaController.scala:1610)
	at kafka.controller.KafkaController.process(KafkaController.scala:2436)
	at kafka.controller.QueuedEvent.process(ControllerEventManager.scala:52)
	at kafka.controller.ControllerEventManager$ControllerEventThread.process$1(ControllerEventManager.scala:130)
	at kafka.controller.ControllerEventManager$ControllerEventThread.$anonfun$doWork$1(ControllerEventManager.scala:133)
	at scala.runtime.java8.JFunction0$mcV$sp.apply(JFunction0$mcV$sp.scala:18)
	at kafka.metrics.KafkaTimer.time(KafkaTimer.scala:31)
	at kafka.controller.ControllerEventManager$ControllerEventThread.doWork(ControllerEventManager.scala:133)
	at kafka.utils.ShutdownableThread.run(ShutdownableThread.scala:96)
[2022-07-06 16:24:29,567] ERROR [Controller id=1 epoch=1] Controller 1 epoch 1 failed to change state for partition __consumer_offsets-37 from OfflinePartition to OnlinePartition (state.change.logger)
kafka.common.StateChangeFailedException: Failed to elect leader for partition __consumer_offsets-37 under strategy OfflinePartitionLeaderElectionStrategy(false)
	at kafka.controller.ZkPartitionStateMachine.$anonfun$doElectLeaderForPartitions$7(PartitionStateMachine.scala:424)
	at scala.collection.IterableOnceOps.foreach(IterableOnce.scala:563)
	at scala.collection.IterableOnceOps.foreach$(IterableOnce.scala:561)
	at scala.collection.AbstractIterable.foreach(Iterable.scala:919)
	at kafka.controller.ZkPartitionStateMachine.doElectLeaderForPartitions(PartitionStateMachine.scala:421)
	at kafka.controller.ZkPartitionStateMachine.electLeaderForPartitions(PartitionStateMachine.scala:332)
	at kafka.controller.ZkPartitionStateMachine.doHandleStateChanges(PartitionStateMachine.scala:238)
	at kafka.controller.ZkPartitionStateMachine.handleStateChanges(PartitionStateMachine.scala:158)
	at kafka.controller.PartitionStateMachine.triggerOnlineStateChangeForPartitions(PartitionStateMachine.scala:74)
	at kafka.controller.PartitionStateMachine.triggerOnlinePartitionStateChange(PartitionStateMachine.scala:59)
	at kafka.controller.KafkaController.onReplicasBecomeOffline(KafkaController.scala:619)
	at kafka.controller.KafkaController.onBrokerFailure(KafkaController.scala:589)
	at kafka.controller.KafkaController.processBrokerChange(KafkaController.scala:1610)
	at kafka.controller.KafkaController.process(KafkaController.scala:2436)
	at kafka.controller.QueuedEvent.process(ControllerEventManager.scala:52)
	at kafka.controller.ControllerEventManager$ControllerEventThread.process$1(ControllerEventManager.scala:130)
	at kafka.controller.ControllerEventManager$ControllerEventThread.$anonfun$doWork$1(ControllerEventManager.scala:133)
	at scala.runtime.java8.JFunction0$mcV$sp.apply(JFunction0$mcV$sp.scala:18)
	at kafka.metrics.KafkaTimer.time(KafkaTimer.scala:31)
	at kafka.controller.ControllerEventManager$ControllerEventThread.doWork(ControllerEventManager.scala:133)
	at kafka.utils.ShutdownableThread.run(ShutdownableThread.scala:96)
[2022-07-06 16:24:29,588] ERROR [Controller id=1 epoch=1] Controller 1 epoch 1 failed to change state for partition __consumer_offsets-19 from OfflinePartition to OnlinePartition (state.change.logger)
kafka.common.StateChangeFailedException: Failed to elect leader for partition __consumer_offsets-19 under strategy OfflinePartitionLeaderElectionStrategy(false)
	at kafka.controller.ZkPartitionStateMachine.$anonfun$doElectLeaderForPartitions$7(PartitionStateMachine.scala:424)
	at scala.collection.IterableOnceOps.foreach(IterableOnce.scala:563)
	at scala.collection.IterableOnceOps.foreach$(IterableOnce.scala:561)
	at scala.collection.AbstractIterable.foreach(Iterable.scala:919)
	at kafka.controller.ZkPartitionStateMachine.doElectLeaderForPartitions(PartitionStateMachine.scala:421)
	at kafka.controller.ZkPartitionStateMachine.electLeaderForPartitions(PartitionStateMachine.scala:332)
	at kafka.controller.ZkPartitionStateMachine.doHandleStateChanges(PartitionStateMachine.scala:238)
	at kafka.controller.ZkPartitionStateMachine.handleStateChanges(PartitionStateMachine.scala:158)
	at kafka.controller.PartitionStateMachine.triggerOnlineStateChangeForPartitions(PartitionStateMachine.scala:74)
	at kafka.controller.PartitionStateMachine.triggerOnlinePartitionStateChange(PartitionStateMachine.scala:59)
	at kafka.controller.KafkaController.onReplicasBecomeOffline(KafkaController.scala:619)
	at kafka.controller.KafkaController.onBrokerFailure(KafkaController.scala:589)
	at kafka.controller.KafkaController.processBrokerChange(KafkaController.scala:1610)
	at kafka.controller.KafkaController.process(KafkaController.scala:2436)
	at kafka.controller.QueuedEvent.process(ControllerEventManager.scala:52)
	at kafka.controller.ControllerEventManager$ControllerEventThread.process$1(ControllerEventManager.scala:130)
	at kafka.controller.ControllerEventManager$ControllerEventThread.$anonfun$doWork$1(ControllerEventManager.scala:133)
	at scala.runtime.java8.JFunction0$mcV$sp.apply(JFunction0$mcV$sp.scala:18)
	at kafka.metrics.KafkaTimer.time(KafkaTimer.scala:31)
	at kafka.controller.ControllerEventManager$ControllerEventThread.doWork(ControllerEventManager.scala:133)
	at kafka.utils.ShutdownableThread.run(ShutdownableThread.scala:96)
[2022-07-06 16:24:29,588] ERROR [Controller id=1 epoch=1] Controller 1 epoch 1 failed to change state for partition __consumer_offsets-13 from OfflinePartition to OnlinePartition (state.change.logger)
kafka.common.StateChangeFailedException: Failed to elect leader for partition __consumer_offsets-13 under strategy OfflinePartitionLeaderElectionStrategy(false)
	at kafka.controller.ZkPartitionStateMachine.$anonfun$doElectLeaderForPartitions$7(PartitionStateMachine.scala:424)
	at scala.collection.IterableOnceOps.foreach(IterableOnce.scala:563)
	at scala.collection.IterableOnceOps.foreach$(IterableOnce.scala:561)
	at scala.collection.AbstractIterable.foreach(Iterable.scala:919)
	at kafka.controller.ZkPartitionStateMachine.doElectLeaderForPartitions(PartitionStateMachine.scala:421)
	at kafka.controller.ZkPartitionStateMachine.electLeaderForPartitions(PartitionStateMachine.scala:332)
	at kafka.controller.ZkPartitionStateMachine.doHandleStateChanges(PartitionStateMachine.scala:238)
	at kafka.controller.ZkPartitionStateMachine.handleStateChanges(PartitionStateMachine.scala:158)
	at kafka.controller.PartitionStateMachine.triggerOnlineStateChangeForPartitions(PartitionStateMachine.scala:74)
	at kafka.controller.PartitionStateMachine.triggerOnlinePartitionStateChange(PartitionStateMachine.scala:59)
	at kafka.controller.KafkaController.onReplicasBecomeOffline(KafkaController.scala:619)
	at kafka.controller.KafkaController.onBrokerFailure(KafkaController.scala:589)
	at kafka.controller.KafkaController.processBrokerChange(KafkaController.scala:1610)
	at kafka.controller.KafkaController.process(KafkaController.scala:2436)
	at kafka.controller.QueuedEvent.process(ControllerEventManager.scala:52)
	at kafka.controller.ControllerEventManager$ControllerEventThread.process$1(ControllerEventManager.scala:130)
	at kafka.controller.ControllerEventManager$ControllerEventThread.$anonfun$doWork$1(ControllerEventManager.scala:133)
	at scala.runtime.java8.JFunction0$mcV$sp.apply(JFunction0$mcV$sp.scala:18)
	at kafka.metrics.KafkaTimer.time(KafkaTimer.scala:31)
	at kafka.controller.ControllerEventManager$ControllerEventThread.doWork(ControllerEventManager.scala:133)
	at kafka.utils.ShutdownableThread.run(ShutdownableThread.scala:96)
[2022-07-06 16:24:29,588] ERROR [Controller id=1 epoch=1] Controller 1 epoch 1 failed to change state for partition __consumer_offsets-43 from OfflinePartition to OnlinePartition (state.change.logger)
kafka.common.StateChangeFailedException: Failed to elect leader for partition __consumer_offsets-43 under strategy OfflinePartitionLeaderElectionStrategy(false)
	at kafka.controller.ZkPartitionStateMachine.$anonfun$doElectLeaderForPartitions$7(PartitionStateMachine.scala:424)
	at scala.collection.IterableOnceOps.foreach(IterableOnce.scala:563)
	at scala.collection.IterableOnceOps.foreach$(IterableOnce.scala:561)
	at scala.collection.AbstractIterable.foreach(Iterable.scala:919)
	at kafka.controller.ZkPartitionStateMachine.doElectLeaderForPartitions(PartitionStateMachine.scala:421)
	at kafka.controller.ZkPartitionStateMachine.electLeaderForPartitions(PartitionStateMachine.scala:332)
	at kafka.controller.ZkPartitionStateMachine.doHandleStateChanges(PartitionStateMachine.scala:238)
	at kafka.controller.ZkPartitionStateMachine.handleStateChanges(PartitionStateMachine.scala:158)
	at kafka.controller.PartitionStateMachine.triggerOnlineStateChangeForPartitions(PartitionStateMachine.scala:74)
	at kafka.controller.PartitionStateMachine.triggerOnlinePartitionStateChange(PartitionStateMachine.scala:59)
	at kafka.controller.KafkaController.onReplicasBecomeOffline(KafkaController.scala:619)
	at kafka.controller.KafkaController.onBrokerFailure(KafkaController.scala:589)
	at kafka.controller.KafkaController.processBrokerChange(KafkaController.scala:1610)
	at kafka.controller.KafkaController.process(KafkaController.scala:2436)
	at kafka.controller.QueuedEvent.process(ControllerEventManager.scala:52)
	at kafka.controller.ControllerEventManager$ControllerEventThread.process$1(ControllerEventManager.scala:130)
	at kafka.controller.ControllerEventManager$ControllerEventThread.$anonfun$doWork$1(ControllerEventManager.scala:133)
	at scala.runtime.java8.JFunction0$mcV$sp.apply(JFunction0$mcV$sp.scala:18)
	at kafka.metrics.KafkaTimer.time(KafkaTimer.scala:31)
	at kafka.controller.ControllerEventManager$ControllerEventThread.doWork(ControllerEventManager.scala:133)
	at kafka.utils.ShutdownableThread.run(ShutdownableThread.scala:96)
[2022-07-06 16:24:29,589] ERROR [Controller id=1 epoch=1] Controller 1 epoch 1 failed to change state for partition __consumer_offsets-1 from OfflinePartition to OnlinePartition (state.change.logger)
kafka.common.StateChangeFailedException: Failed to elect leader for partition __consumer_offsets-1 under strategy OfflinePartitionLeaderElectionStrategy(false)
	at kafka.controller.ZkPartitionStateMachine.$anonfun$doElectLeaderForPartitions$7(PartitionStateMachine.scala:424)
	at scala.collection.IterableOnceOps.foreach(IterableOnce.scala:563)
	at scala.collection.IterableOnceOps.foreach$(IterableOnce.scala:561)
	at scala.collection.AbstractIterable.foreach(Iterable.scala:919)
	at kafka.controller.ZkPartitionStateMachine.doElectLeaderForPartitions(PartitionStateMachine.scala:421)
	at kafka.controller.ZkPartitionStateMachine.electLeaderForPartitions(PartitionStateMachine.scala:332)
	at kafka.controller.ZkPartitionStateMachine.doHandleStateChanges(PartitionStateMachine.scala:238)
	at kafka.controller.ZkPartitionStateMachine.handleStateChanges(PartitionStateMachine.scala:158)
	at kafka.controller.PartitionStateMachine.triggerOnlineStateChangeForPartitions(PartitionStateMachine.scala:74)
	at kafka.controller.PartitionStateMachine.triggerOnlinePartitionStateChange(PartitionStateMachine.scala:59)
	at kafka.controller.KafkaController.onReplicasBecomeOffline(KafkaController.scala:619)
	at kafka.controller.KafkaController.onBrokerFailure(KafkaController.scala:589)
	at kafka.controller.KafkaController.processBrokerChange(KafkaController.scala:1610)
	at kafka.controller.KafkaController.process(KafkaController.scala:2436)
	at kafka.controller.QueuedEvent.process(ControllerEventManager.scala:52)
	at kafka.controller.ControllerEventManager$ControllerEventThread.process$1(ControllerEventManager.scala:130)
	at kafka.controller.ControllerEventManager$ControllerEventThread.$anonfun$doWork$1(ControllerEventManager.scala:133)
	at scala.runtime.java8.JFunction0$mcV$sp.apply(JFunction0$mcV$sp.scala:18)
	at kafka.metrics.KafkaTimer.time(KafkaTimer.scala:31)
	at kafka.controller.ControllerEventManager$ControllerEventThread.doWork(ControllerEventManager.scala:133)
	at kafka.utils.ShutdownableThread.run(ShutdownableThread.scala:96)
[2022-07-06 16:24:29,589] ERROR [Controller id=1 epoch=1] Controller 1 epoch 1 failed to change state for partition __consumer_offsets-34 from OfflinePartition to OnlinePartition (state.change.logger)
kafka.common.StateChangeFailedException: Failed to elect leader for partition __consumer_offsets-34 under strategy OfflinePartitionLeaderElectionStrategy(false)
	at kafka.controller.ZkPartitionStateMachine.$anonfun$doElectLeaderForPartitions$7(PartitionStateMachine.scala:424)
	at scala.collection.IterableOnceOps.foreach(IterableOnce.scala:563)
	at scala.collection.IterableOnceOps.foreach$(IterableOnce.scala:561)
	at scala.collection.AbstractIterable.foreach(Iterable.scala:919)
	at kafka.controller.ZkPartitionStateMachine.doElectLeaderForPartitions(PartitionStateMachine.scala:421)
	at kafka.controller.ZkPartitionStateMachine.electLeaderForPartitions(PartitionStateMachine.scala:332)
	at kafka.controller.ZkPartitionStateMachine.doHandleStateChanges(PartitionStateMachine.scala:238)
	at kafka.controller.ZkPartitionStateMachine.handleStateChanges(PartitionStateMachine.scala:158)
	at kafka.controller.PartitionStateMachine.triggerOnlineStateChangeForPartitions(PartitionStateMachine.scala:74)
	at kafka.controller.PartitionStateMachine.triggerOnlinePartitionStateChange(PartitionStateMachine.scala:59)
	at kafka.controller.KafkaController.onReplicasBecomeOffline(KafkaController.scala:619)
	at kafka.controller.KafkaController.onBrokerFailure(KafkaController.scala:589)
	at kafka.controller.KafkaController.processBrokerChange(KafkaController.scala:1610)
	at kafka.controller.KafkaController.process(KafkaController.scala:2436)
	at kafka.controller.QueuedEvent.process(ControllerEventManager.scala:52)
	at kafka.controller.ControllerEventManager$ControllerEventThread.process$1(ControllerEventManager.scala:130)
	at kafka.controller.ControllerEventManager$ControllerEventThread.$anonfun$doWork$1(ControllerEventManager.scala:133)
	at scala.runtime.java8.JFunction0$mcV$sp.apply(JFunction0$mcV$sp.scala:18)
	at kafka.metrics.KafkaTimer.time(KafkaTimer.scala:31)
	at kafka.controller.ControllerEventManager$ControllerEventThread.doWork(ControllerEventManager.scala:133)
	at kafka.utils.ShutdownableThread.run(ShutdownableThread.scala:96)
[2022-07-06 16:24:29,589] ERROR [Controller id=1 epoch=1] Controller 1 epoch 1 failed to change state for partition __consumer_offsets-7 from OfflinePartition to OnlinePartition (state.change.logger)
kafka.common.StateChangeFailedException: Failed to elect leader for partition __consumer_offsets-7 under strategy OfflinePartitionLeaderElectionStrategy(false)
	at kafka.controller.ZkPartitionStateMachine.$anonfun$doElectLeaderForPartitions$7(PartitionStateMachine.scala:424)
	at scala.collection.IterableOnceOps.foreach(IterableOnce.scala:563)
	at scala.collection.IterableOnceOps.foreach$(IterableOnce.scala:561)
	at scala.collection.AbstractIterable.foreach(Iterable.scala:919)
	at kafka.controller.ZkPartitionStateMachine.doElectLeaderForPartitions(PartitionStateMachine.scala:421)
	at kafka.controller.ZkPartitionStateMachine.electLeaderForPartitions(PartitionStateMachine.scala:332)
	at kafka.controller.ZkPartitionStateMachine.doHandleStateChanges(PartitionStateMachine.scala:238)
	at kafka.controller.ZkPartitionStateMachine.handleStateChanges(PartitionStateMachine.scala:158)
	at kafka.controller.PartitionStateMachine.triggerOnlineStateChangeForPartitions(PartitionStateMachine.scala:74)
	at kafka.controller.PartitionStateMachine.triggerOnlinePartitionStateChange(PartitionStateMachine.scala:59)
	at kafka.controller.KafkaController.onReplicasBecomeOffline(KafkaController.scala:619)
	at kafka.controller.KafkaController.onBrokerFailure(KafkaController.scala:589)
	at kafka.controller.KafkaController.processBrokerChange(KafkaController.scala:1610)
	at kafka.controller.KafkaController.process(KafkaController.scala:2436)
	at kafka.controller.QueuedEvent.process(ControllerEventManager.scala:52)
	at kafka.controller.ControllerEventManager$ControllerEventThread.process$1(ControllerEventManager.scala:130)
	at kafka.controller.ControllerEventManager$ControllerEventThread.$anonfun$doWork$1(ControllerEventManager.scala:133)
	at scala.runtime.java8.JFunction0$mcV$sp.apply(JFunction0$mcV$sp.scala:18)
	at kafka.metrics.KafkaTimer.time(KafkaTimer.scala:31)
	at kafka.controller.ControllerEventManager$ControllerEventThread.doWork(ControllerEventManager.scala:133)
	at kafka.utils.ShutdownableThread.run(ShutdownableThread.scala:96)
[2022-07-06 16:24:29,589] ERROR [Controller id=1 epoch=1] Controller 1 epoch 1 failed to change state for partition __consumer_offsets-46 from OfflinePartition to OnlinePartition (state.change.logger)
kafka.common.StateChangeFailedException: Failed to elect leader for partition __consumer_offsets-46 under strategy OfflinePartitionLeaderElectionStrategy(false)
	at kafka.controller.ZkPartitionStateMachine.$anonfun$doElectLeaderForPartitions$7(PartitionStateMachine.scala:424)
	at scala.collection.IterableOnceOps.foreach(IterableOnce.scala:563)
	at scala.collection.IterableOnceOps.foreach$(IterableOnce.scala:561)
	at scala.collection.AbstractIterable.foreach(Iterable.scala:919)
	at kafka.controller.ZkPartitionStateMachine.doElectLeaderForPartitions(PartitionStateMachine.scala:421)
	at kafka.controller.ZkPartitionStateMachine.electLeaderForPartitions(PartitionStateMachine.scala:332)
	at kafka.controller.ZkPartitionStateMachine.doHandleStateChanges(PartitionStateMachine.scala:238)
	at kafka.controller.ZkPartitionStateMachine.handleStateChanges(PartitionStateMachine.scala:158)
	at kafka.controller.PartitionStateMachine.triggerOnlineStateChangeForPartitions(PartitionStateMachine.scala:74)
	at kafka.controller.PartitionStateMachine.triggerOnlinePartitionStateChange(PartitionStateMachine.scala:59)
	at kafka.controller.KafkaController.onReplicasBecomeOffline(KafkaController.scala:619)
	at kafka.controller.KafkaController.onBrokerFailure(KafkaController.scala:589)
	at kafka.controller.KafkaController.processBrokerChange(KafkaController.scala:1610)
	at kafka.controller.KafkaController.process(KafkaController.scala:2436)
	at kafka.controller.QueuedEvent.process(ControllerEventManager.scala:52)
	at kafka.controller.ControllerEventManager$ControllerEventThread.process$1(ControllerEventManager.scala:130)
	at kafka.controller.ControllerEventManager$ControllerEventThread.$anonfun$doWork$1(ControllerEventManager.scala:133)
	at scala.runtime.java8.JFunction0$mcV$sp.apply(JFunction0$mcV$sp.scala:18)
	at kafka.metrics.KafkaTimer.time(KafkaTimer.scala:31)
	at kafka.controller.ControllerEventManager$ControllerEventThread.doWork(ControllerEventManager.scala:133)
	at kafka.utils.ShutdownableThread.run(ShutdownableThread.scala:96)
[2022-07-06 16:24:29,589] ERROR [Controller id=1 epoch=1] Controller 1 epoch 1 failed to change state for partition __consumer_offsets-16 from OfflinePartition to OnlinePartition (state.change.logger)
kafka.common.StateChangeFailedException: Failed to elect leader for partition __consumer_offsets-16 under strategy OfflinePartitionLeaderElectionStrategy(false)
	at kafka.controller.ZkPartitionStateMachine.$anonfun$doElectLeaderForPartitions$7(PartitionStateMachine.scala:424)
	at scala.collection.IterableOnceOps.foreach(IterableOnce.scala:563)
	at scala.collection.IterableOnceOps.foreach$(IterableOnce.scala:561)
	at scala.collection.AbstractIterable.foreach(Iterable.scala:919)
	at kafka.controller.ZkPartitionStateMachine.doElectLeaderForPartitions(PartitionStateMachine.scala:421)
	at kafka.controller.ZkPartitionStateMachine.electLeaderForPartitions(PartitionStateMachine.scala:332)
	at kafka.controller.ZkPartitionStateMachine.doHandleStateChanges(PartitionStateMachine.scala:238)
	at kafka.controller.ZkPartitionStateMachine.handleStateChanges(PartitionStateMachine.scala:158)
	at kafka.controller.PartitionStateMachine.triggerOnlineStateChangeForPartitions(PartitionStateMachine.scala:74)
	at kafka.controller.PartitionStateMachine.triggerOnlinePartitionStateChange(PartitionStateMachine.scala:59)
	at kafka.controller.KafkaController.onReplicasBecomeOffline(KafkaController.scala:619)
	at kafka.controller.KafkaController.onBrokerFailure(KafkaController.scala:589)
	at kafka.controller.KafkaController.processBrokerChange(KafkaController.scala:1610)
	at kafka.controller.KafkaController.process(KafkaController.scala:2436)
	at kafka.controller.QueuedEvent.process(ControllerEventManager.scala:52)
	at kafka.controller.ControllerEventManager$ControllerEventThread.process$1(ControllerEventManager.scala:130)
	at kafka.controller.ControllerEventManager$ControllerEventThread.$anonfun$doWork$1(ControllerEventManager.scala:133)
	at scala.runtime.java8.JFunction0$mcV$sp.apply(JFunction0$mcV$sp.scala:18)
	at kafka.metrics.KafkaTimer.time(KafkaTimer.scala:31)
	at kafka.controller.ControllerEventManager$ControllerEventThread.doWork(ControllerEventManager.scala:133)
	at kafka.utils.ShutdownableThread.run(ShutdownableThread.scala:96)
[2022-07-06 16:24:29,590] ERROR [Controller id=1 epoch=1] Controller 1 epoch 1 failed to change state for partition __consumer_offsets-28 from OfflinePartition to OnlinePartition (state.change.logger)
kafka.common.StateChangeFailedException: Failed to elect leader for partition __consumer_offsets-28 under strategy OfflinePartitionLeaderElectionStrategy(false)
	at kafka.controller.ZkPartitionStateMachine.$anonfun$doElectLeaderForPartitions$7(PartitionStateMachine.scala:424)
	at scala.collection.IterableOnceOps.foreach(IterableOnce.scala:563)
	at scala.collection.IterableOnceOps.foreach$(IterableOnce.scala:561)
	at scala.collection.AbstractIterable.foreach(Iterable.scala:919)
	at kafka.controller.ZkPartitionStateMachine.doElectLeaderForPartitions(PartitionStateMachine.scala:421)
	at kafka.controller.ZkPartitionStateMachine.electLeaderForPartitions(PartitionStateMachine.scala:332)
	at kafka.controller.ZkPartitionStateMachine.doHandleStateChanges(PartitionStateMachine.scala:238)
	at kafka.controller.ZkPartitionStateMachine.handleStateChanges(PartitionStateMachine.scala:158)
	at kafka.controller.PartitionStateMachine.triggerOnlineStateChangeForPartitions(PartitionStateMachine.scala:74)
	at kafka.controller.PartitionStateMachine.triggerOnlinePartitionStateChange(PartitionStateMachine.scala:59)
	at kafka.controller.KafkaController.onReplicasBecomeOffline(KafkaController.scala:619)
	at kafka.controller.KafkaController.onBrokerFailure(KafkaController.scala:589)
	at kafka.controller.KafkaController.processBrokerChange(KafkaController.scala:1610)
	at kafka.controller.KafkaController.process(KafkaController.scala:2436)
	at kafka.controller.QueuedEvent.process(ControllerEventManager.scala:52)
	at kafka.controller.ControllerEventManager$ControllerEventThread.process$1(ControllerEventManager.scala:130)
	at kafka.controller.ControllerEventManager$ControllerEventThread.$anonfun$doWork$1(ControllerEventManager.scala:133)
	at scala.runtime.java8.JFunction0$mcV$sp.apply(JFunction0$mcV$sp.scala:18)
	at kafka.metrics.KafkaTimer.time(KafkaTimer.scala:31)
	at kafka.controller.ControllerEventManager$ControllerEventThread.doWork(ControllerEventManager.scala:133)
	at kafka.utils.ShutdownableThread.run(ShutdownableThread.scala:96)
[2022-07-06 16:24:29,590] ERROR [Controller id=1 epoch=1] Controller 1 epoch 1 failed to change state for partition __consumer_offsets-10 from OfflinePartition to OnlinePartition (state.change.logger)
kafka.common.StateChangeFailedException: Failed to elect leader for partition __consumer_offsets-10 under strategy OfflinePartitionLeaderElectionStrategy(false)
	at kafka.controller.ZkPartitionStateMachine.$anonfun$doElectLeaderForPartitions$7(PartitionStateMachine.scala:424)
	at scala.collection.IterableOnceOps.foreach(IterableOnce.scala:563)
	at scala.collection.IterableOnceOps.foreach$(IterableOnce.scala:561)
	at scala.collection.AbstractIterable.foreach(Iterable.scala:919)
	at kafka.controller.ZkPartitionStateMachine.doElectLeaderForPartitions(PartitionStateMachine.scala:421)
	at kafka.controller.ZkPartitionStateMachine.electLeaderForPartitions(PartitionStateMachine.scala:332)
	at kafka.controller.ZkPartitionStateMachine.doHandleStateChanges(PartitionStateMachine.scala:238)
	at kafka.controller.ZkPartitionStateMachine.handleStateChanges(PartitionStateMachine.scala:158)
	at kafka.controller.PartitionStateMachine.triggerOnlineStateChangeForPartitions(PartitionStateMachine.scala:74)
	at kafka.controller.PartitionStateMachine.triggerOnlinePartitionStateChange(PartitionStateMachine.scala:59)
	at kafka.controller.KafkaController.onReplicasBecomeOffline(KafkaController.scala:619)
	at kafka.controller.KafkaController.onBrokerFailure(KafkaController.scala:589)
	at kafka.controller.KafkaController.processBrokerChange(KafkaController.scala:1610)
	at kafka.controller.KafkaController.process(KafkaController.scala:2436)
	at kafka.controller.QueuedEvent.process(ControllerEventManager.scala:52)
	at kafka.controller.ControllerEventManager$ControllerEventThread.process$1(ControllerEventManager.scala:130)
	at kafka.controller.ControllerEventManager$ControllerEventThread.$anonfun$doWork$1(ControllerEventManager.scala:133)
	at scala.runtime.java8.JFunction0$mcV$sp.apply(JFunction0$mcV$sp.scala:18)
	at kafka.metrics.KafkaTimer.time(KafkaTimer.scala:31)
	at kafka.controller.ControllerEventManager$ControllerEventThread.doWork(ControllerEventManager.scala:133)
	at kafka.utils.ShutdownableThread.run(ShutdownableThread.scala:96)
[2022-07-06 16:24:29,590] ERROR [Controller id=1 epoch=1] Controller 1 epoch 1 failed to change state for partition __consumer_offsets-40 from OfflinePartition to OnlinePartition (state.change.logger)
kafka.common.StateChangeFailedException: Failed to elect leader for partition __consumer_offsets-40 under strategy OfflinePartitionLeaderElectionStrategy(false)
	at kafka.controller.ZkPartitionStateMachine.$anonfun$doElectLeaderForPartitions$7(PartitionStateMachine.scala:424)
	at scala.collection.IterableOnceOps.foreach(IterableOnce.scala:563)
	at scala.collection.IterableOnceOps.foreach$(IterableOnce.scala:561)
	at scala.collection.AbstractIterable.foreach(Iterable.scala:919)
	at kafka.controller.ZkPartitionStateMachine.doElectLeaderForPartitions(PartitionStateMachine.scala:421)
	at kafka.controller.ZkPartitionStateMachine.electLeaderForPartitions(PartitionStateMachine.scala:332)
	at kafka.controller.ZkPartitionStateMachine.doHandleStateChanges(PartitionStateMachine.scala:238)
	at kafka.controller.ZkPartitionStateMachine.handleStateChanges(PartitionStateMachine.scala:158)
	at kafka.controller.PartitionStateMachine.triggerOnlineStateChangeForPartitions(PartitionStateMachine.scala:74)
	at kafka.controller.PartitionStateMachine.triggerOnlinePartitionStateChange(PartitionStateMachine.scala:59)
	at kafka.controller.KafkaController.onReplicasBecomeOffline(KafkaController.scala:619)
	at kafka.controller.KafkaController.onBrokerFailure(KafkaController.scala:589)
	at kafka.controller.KafkaController.processBrokerChange(KafkaController.scala:1610)
	at kafka.controller.KafkaController.process(KafkaController.scala:2436)
	at kafka.controller.QueuedEvent.process(ControllerEventManager.scala:52)
	at kafka.controller.ControllerEventManager$ControllerEventThread.process$1(ControllerEventManager.scala:130)
	at kafka.controller.ControllerEventManager$ControllerEventThread.$anonfun$doWork$1(ControllerEventManager.scala:133)
	at scala.runtime.java8.JFunction0$mcV$sp.apply(JFunction0$mcV$sp.scala:18)
	at kafka.metrics.KafkaTimer.time(KafkaTimer.scala:31)
	at kafka.controller.ControllerEventManager$ControllerEventThread.doWork(ControllerEventManager.scala:133)
	at kafka.utils.ShutdownableThread.run(ShutdownableThread.scala:96)
[2022-07-06 16:24:29,595] INFO [Controller id=1 epoch=1] Sending UpdateMetadata request to brokers HashSet() for 0 partitions (state.change.logger)
[2022-07-06 16:24:35,169] INFO [Controller id=1 epoch=1] Partition __consumer_offsets-22 state changed to (Leader:-1,ISR:2,LeaderEpoch:1,ZkVersion:1,ControllerEpoch:1) after removing replica 2 from the ISR as part of transition to OfflineReplica (state.change.logger)
[2022-07-06 16:24:35,170] INFO [Controller id=1 epoch=1] Partition __consumer_offsets-4 state changed to (Leader:-1,ISR:2,LeaderEpoch:1,ZkVersion:1,ControllerEpoch:1) after removing replica 2 from the ISR as part of transition to OfflineReplica (state.change.logger)
[2022-07-06 16:24:35,170] INFO [Controller id=1 epoch=1] Partition __consumer_offsets-25 state changed to (Leader:-1,ISR:2,LeaderEpoch:1,ZkVersion:1,ControllerEpoch:1) after removing replica 2 from the ISR as part of transition to OfflineReplica (state.change.logger)
[2022-07-06 16:24:35,170] INFO [Controller id=1 epoch=1] Partition __consumer_offsets-49 state changed to (Leader:-1,ISR:2,LeaderEpoch:1,ZkVersion:1,ControllerEpoch:1) after removing replica 2 from the ISR as part of transition to OfflineReplica (state.change.logger)
[2022-07-06 16:24:35,170] INFO [Controller id=1 epoch=1] Partition __consumer_offsets-31 state changed to (Leader:-1,ISR:2,LeaderEpoch:1,ZkVersion:1,ControllerEpoch:1) after removing replica 2 from the ISR as part of transition to OfflineReplica (state.change.logger)
[2022-07-06 16:24:35,170] INFO [Controller id=1 epoch=1] Partition __consumer_offsets-37 state changed to (Leader:-1,ISR:2,LeaderEpoch:1,ZkVersion:1,ControllerEpoch:1) after removing replica 2 from the ISR as part of transition to OfflineReplica (state.change.logger)
[2022-07-06 16:24:35,170] INFO [Controller id=1 epoch=1] Partition __consumer_offsets-19 state changed to (Leader:-1,ISR:2,LeaderEpoch:1,ZkVersion:1,ControllerEpoch:1) after removing replica 2 from the ISR as part of transition to OfflineReplica (state.change.logger)
[2022-07-06 16:24:35,171] INFO [Controller id=1 epoch=1] Partition __consumer_offsets-13 state changed to (Leader:-1,ISR:2,LeaderEpoch:1,ZkVersion:1,ControllerEpoch:1) after removing replica 2 from the ISR as part of transition to OfflineReplica (state.change.logger)
[2022-07-06 16:24:35,171] INFO [Controller id=1 epoch=1] Partition __consumer_offsets-43 state changed to (Leader:-1,ISR:2,LeaderEpoch:1,ZkVersion:1,ControllerEpoch:1) after removing replica 2 from the ISR as part of transition to OfflineReplica (state.change.logger)
[2022-07-06 16:24:35,171] INFO [Controller id=1 epoch=1] Partition __consumer_offsets-1 state changed to (Leader:-1,ISR:2,LeaderEpoch:1,ZkVersion:1,ControllerEpoch:1) after removing replica 2 from the ISR as part of transition to OfflineReplica (state.change.logger)
[2022-07-06 16:24:35,171] INFO [Controller id=1 epoch=1] Partition __consumer_offsets-34 state changed to (Leader:-1,ISR:2,LeaderEpoch:1,ZkVersion:1,ControllerEpoch:1) after removing replica 2 from the ISR as part of transition to OfflineReplica (state.change.logger)
[2022-07-06 16:24:35,171] INFO [Controller id=1 epoch=1] Partition __consumer_offsets-7 state changed to (Leader:-1,ISR:2,LeaderEpoch:1,ZkVersion:1,ControllerEpoch:1) after removing replica 2 from the ISR as part of transition to OfflineReplica (state.change.logger)
[2022-07-06 16:24:35,171] INFO [Controller id=1 epoch=1] Partition __consumer_offsets-46 state changed to (Leader:-1,ISR:2,LeaderEpoch:1,ZkVersion:1,ControllerEpoch:1) after removing replica 2 from the ISR as part of transition to OfflineReplica (state.change.logger)
[2022-07-06 16:24:35,171] INFO [Controller id=1 epoch=1] Partition __consumer_offsets-16 state changed to (Leader:-1,ISR:2,LeaderEpoch:1,ZkVersion:1,ControllerEpoch:1) after removing replica 2 from the ISR as part of transition to OfflineReplica (state.change.logger)
[2022-07-06 16:24:35,171] INFO [Controller id=1 epoch=1] Partition __consumer_offsets-28 state changed to (Leader:-1,ISR:2,LeaderEpoch:1,ZkVersion:1,ControllerEpoch:1) after removing replica 2 from the ISR as part of transition to OfflineReplica (state.change.logger)
[2022-07-06 16:24:35,171] INFO [Controller id=1 epoch=1] Partition __consumer_offsets-10 state changed to (Leader:-1,ISR:2,LeaderEpoch:1,ZkVersion:1,ControllerEpoch:1) after removing replica 2 from the ISR as part of transition to OfflineReplica (state.change.logger)
[2022-07-06 16:24:35,171] INFO [Controller id=1 epoch=1] Partition __consumer_offsets-40 state changed to (Leader:-1,ISR:2,LeaderEpoch:1,ZkVersion:1,ControllerEpoch:1) after removing replica 2 from the ISR as part of transition to OfflineReplica (state.change.logger)
[2022-07-06 16:24:35,198] INFO [Controller id=1 epoch=1] Sending UpdateMetadata request to brokers HashSet(0, 1) for 17 partitions (state.change.logger)
[2022-07-06 16:24:40,915] INFO [Controller id=1 epoch=1] Sending UpdateMetadata request to brokers HashSet(0, 1) for 0 partitions (state.change.logger)
[2022-07-06 16:24:41,244] INFO [Controller id=1 epoch=1] Sending UpdateMetadata request to brokers HashSet(2) for 50 partitions (state.change.logger)
[2022-07-06 16:24:42,207] INFO [Controller id=1 epoch=1] Sending LeaderAndIsr request to broker 2 with 0 become-leader and 17 become-follower partitions (state.change.logger)
[2022-07-06 16:24:42,208] INFO [Controller id=1 epoch=1] Sending UpdateMetadata request to brokers HashSet(0, 1, 2) for 17 partitions (state.change.logger)
[2022-07-06 16:24:45,910] INFO [Controller id=1 epoch=1] Changed partition __consumer_offsets-22 from OfflinePartition to OnlinePartition with state LeaderAndIsr(leader=2, leaderEpoch=2, isr=List(2), zkVersion=2) (state.change.logger)
[2022-07-06 16:24:45,911] INFO [Controller id=1 epoch=1] Changed partition __consumer_offsets-4 from OfflinePartition to OnlinePartition with state LeaderAndIsr(leader=2, leaderEpoch=2, isr=List(2), zkVersion=2) (state.change.logger)
[2022-07-06 16:24:45,911] INFO [Controller id=1 epoch=1] Changed partition __consumer_offsets-25 from OfflinePartition to OnlinePartition with state LeaderAndIsr(leader=2, leaderEpoch=2, isr=List(2), zkVersion=2) (state.change.logger)
[2022-07-06 16:24:45,911] INFO [Controller id=1 epoch=1] Changed partition __consumer_offsets-49 from OfflinePartition to OnlinePartition with state LeaderAndIsr(leader=2, leaderEpoch=2, isr=List(2), zkVersion=2) (state.change.logger)
[2022-07-06 16:24:45,911] INFO [Controller id=1 epoch=1] Changed partition __consumer_offsets-31 from OfflinePartition to OnlinePartition with state LeaderAndIsr(leader=2, leaderEpoch=2, isr=List(2), zkVersion=2) (state.change.logger)
[2022-07-06 16:24:45,911] INFO [Controller id=1 epoch=1] Changed partition __consumer_offsets-37 from OfflinePartition to OnlinePartition with state LeaderAndIsr(leader=2, leaderEpoch=2, isr=List(2), zkVersion=2) (state.change.logger)
[2022-07-06 16:24:45,911] INFO [Controller id=1 epoch=1] Changed partition __consumer_offsets-19 from OfflinePartition to OnlinePartition with state LeaderAndIsr(leader=2, leaderEpoch=2, isr=List(2), zkVersion=2) (state.change.logger)
[2022-07-06 16:24:45,911] INFO [Controller id=1 epoch=1] Changed partition __consumer_offsets-13 from OfflinePartition to OnlinePartition with state LeaderAndIsr(leader=2, leaderEpoch=2, isr=List(2), zkVersion=2) (state.change.logger)
[2022-07-06 16:24:45,911] INFO [Controller id=1 epoch=1] Changed partition __consumer_offsets-43 from OfflinePartition to OnlinePartition with state LeaderAndIsr(leader=2, leaderEpoch=2, isr=List(2), zkVersion=2) (state.change.logger)
[2022-07-06 16:24:45,911] INFO [Controller id=1 epoch=1] Changed partition __consumer_offsets-1 from OfflinePartition to OnlinePartition with state LeaderAndIsr(leader=2, leaderEpoch=2, isr=List(2), zkVersion=2) (state.change.logger)
[2022-07-06 16:24:45,911] INFO [Controller id=1 epoch=1] Changed partition __consumer_offsets-34 from OfflinePartition to OnlinePartition with state LeaderAndIsr(leader=2, leaderEpoch=2, isr=List(2), zkVersion=2) (state.change.logger)
[2022-07-06 16:24:45,911] INFO [Controller id=1 epoch=1] Changed partition __consumer_offsets-7 from OfflinePartition to OnlinePartition with state LeaderAndIsr(leader=2, leaderEpoch=2, isr=List(2), zkVersion=2) (state.change.logger)
[2022-07-06 16:24:45,911] INFO [Controller id=1 epoch=1] Changed partition __consumer_offsets-46 from OfflinePartition to OnlinePartition with state LeaderAndIsr(leader=2, leaderEpoch=2, isr=List(2), zkVersion=2) (state.change.logger)
[2022-07-06 16:24:45,911] INFO [Controller id=1 epoch=1] Changed partition __consumer_offsets-16 from OfflinePartition to OnlinePartition with state LeaderAndIsr(leader=2, leaderEpoch=2, isr=List(2), zkVersion=2) (state.change.logger)
[2022-07-06 16:24:45,911] INFO [Controller id=1 epoch=1] Changed partition __consumer_offsets-28 from OfflinePartition to OnlinePartition with state LeaderAndIsr(leader=2, leaderEpoch=2, isr=List(2), zkVersion=2) (state.change.logger)
[2022-07-06 16:24:45,911] INFO [Controller id=1 epoch=1] Changed partition __consumer_offsets-10 from OfflinePartition to OnlinePartition with state LeaderAndIsr(leader=2, leaderEpoch=2, isr=List(2), zkVersion=2) (state.change.logger)
[2022-07-06 16:24:45,911] INFO [Controller id=1 epoch=1] Changed partition __consumer_offsets-40 from OfflinePartition to OnlinePartition with state LeaderAndIsr(leader=2, leaderEpoch=2, isr=List(2), zkVersion=2) (state.change.logger)
[2022-07-06 16:24:45,911] INFO [Controller id=1 epoch=1] Sending LeaderAndIsr request to broker 2 with 17 become-leader and 0 become-follower partitions (state.change.logger)
[2022-07-06 16:24:45,911] INFO [Controller id=1 epoch=1] Sending UpdateMetadata request to brokers HashSet(0, 1, 2) for 17 partitions (state.change.logger)
[2022-07-06 16:24:46,527] INFO [Broker id=1] Add 17 partitions and deleted 0 partitions from metadata cache in response to UpdateMetadata request sent by controller 1 epoch 1 with correlation id 3 (state.change.logger)
[2022-07-06 16:24:49,059] INFO [Broker id=1] Add 17 partitions and deleted 0 partitions from metadata cache in response to UpdateMetadata request sent by controller 1 epoch 1 with correlation id 5 (state.change.logger)
[2022-07-06 16:24:49,239] INFO [Broker id=1] Add 17 partitions and deleted 0 partitions from metadata cache in response to UpdateMetadata request sent by controller 1 epoch 1 with correlation id 6 (state.change.logger)
