[2022-07-06 14:01:43,729] INFO [Controller id=0] Processing automatic preferred replica leader election (kafka.controller.KafkaController)
[2022-07-06 14:01:43,730] TRACE [Controller id=0] Checking need to trigger auto leader balancing (kafka.controller.KafkaController)
[2022-07-06 14:06:43,731] INFO [Controller id=0] Processing automatic preferred replica leader election (kafka.controller.KafkaController)
[2022-07-06 14:06:43,731] TRACE [Controller id=0] Checking need to trigger auto leader balancing (kafka.controller.KafkaController)
[2022-07-06 14:11:43,734] INFO [Controller id=0] Processing automatic preferred replica leader election (kafka.controller.KafkaController)
[2022-07-06 14:11:43,734] TRACE [Controller id=0] Checking need to trigger auto leader balancing (kafka.controller.KafkaController)
[2022-07-06 14:16:43,736] INFO [Controller id=0] Processing automatic preferred replica leader election (kafka.controller.KafkaController)
[2022-07-06 14:16:43,736] TRACE [Controller id=0] Checking need to trigger auto leader balancing (kafka.controller.KafkaController)
[2022-07-06 14:21:43,737] INFO [Controller id=0] Processing automatic preferred replica leader election (kafka.controller.KafkaController)
[2022-07-06 14:21:43,737] TRACE [Controller id=0] Checking need to trigger auto leader balancing (kafka.controller.KafkaController)
[2022-07-06 14:26:43,740] INFO [Controller id=0] Processing automatic preferred replica leader election (kafka.controller.KafkaController)
[2022-07-06 14:26:43,740] TRACE [Controller id=0] Checking need to trigger auto leader balancing (kafka.controller.KafkaController)
[2022-07-06 14:31:43,742] INFO [Controller id=0] Processing automatic preferred replica leader election (kafka.controller.KafkaController)
[2022-07-06 14:31:43,742] TRACE [Controller id=0] Checking need to trigger auto leader balancing (kafka.controller.KafkaController)
[2022-07-06 14:36:43,745] INFO [Controller id=0] Processing automatic preferred replica leader election (kafka.controller.KafkaController)
[2022-07-06 14:36:43,745] TRACE [Controller id=0] Checking need to trigger auto leader balancing (kafka.controller.KafkaController)
[2022-07-06 14:40:37,061] INFO [Controller id=0] Shutting down broker 0 (kafka.controller.KafkaController)
[2022-07-06 14:40:37,062] DEBUG [Controller id=0] All shutting down brokers: 0 (kafka.controller.KafkaController)
[2022-07-06 14:40:37,063] DEBUG [Controller id=0] Live brokers: 1,2 (kafka.controller.KafkaController)
[2022-07-06 14:40:37,067] TRACE [Controller id=0] All leaders =  (kafka.controller.KafkaController)
[2022-07-06 14:40:37,081] INFO [Controller id=0] Shutting down broker 2 (kafka.controller.KafkaController)
[2022-07-06 14:40:37,081] DEBUG [Controller id=0] All shutting down brokers: 0,2 (kafka.controller.KafkaController)
[2022-07-06 14:40:37,081] DEBUG [Controller id=0] Live brokers: 1 (kafka.controller.KafkaController)
[2022-07-06 14:40:37,081] TRACE [Controller id=0] All leaders =  (kafka.controller.KafkaController)
[2022-07-06 14:40:38,146] INFO [Controller id=0] Newly added brokers: , deleted brokers: 2, bounced brokers: , all live brokers: 0,1 (kafka.controller.KafkaController)
[2022-07-06 14:40:38,147] INFO [RequestSendThread controllerId=0] Shutting down (kafka.controller.RequestSendThread)
[2022-07-06 14:40:38,147] INFO [RequestSendThread controllerId=0] Stopped (kafka.controller.RequestSendThread)
[2022-07-06 14:40:38,147] INFO [RequestSendThread controllerId=0] Shutdown completed (kafka.controller.RequestSendThread)
[2022-07-06 14:40:38,150] INFO [Controller id=0] Broker failure callback for 2 (kafka.controller.KafkaController)
[2022-07-06 14:40:38,151] INFO [Controller id=0] Removed 2 from list of shutting down brokers. (kafka.controller.KafkaController)
[2022-07-06 14:40:38,152] DEBUG [Controller id=0] Unregister BrokerModifications handler for List(2) (kafka.controller.KafkaController)
[2022-07-06 14:40:38,152] INFO [Controller id=0] Updated broker epochs cache: HashMap(0 -> 63, 1 -> 76) (kafka.controller.KafkaController)
[2022-07-06 14:40:38,155] INFO [RequestSendThread controllerId=0] Controller 0 connected to 192.168.2.105:9092 (id: 0 rack: null) for sending state change requests (kafka.controller.RequestSendThread)
[2022-07-06 14:40:38,155] INFO [RequestSendThread controllerId=0] Controller 0 connected to 192.168.2.105:9093 (id: 1 rack: null) for sending state change requests (kafka.controller.RequestSendThread)
[2022-07-06 14:40:38,156] WARN [RequestSendThread controllerId=0] Controller 0 epoch 1 fails to send request (type: UpdateMetadataRequest=, controllerId=0, controllerEpoch=1, brokerEpoch=63, partitionStates=[], liveBrokers=UpdateMetadataBroker(id=1, v0Host='', v0Port=0, endpoints=[UpdateMetadataEndpoint(port=9093, host='192.168.2.105', listener='PLAINTEXT', securityProtocol=0)], rack=null), UpdateMetadataBroker(id=0, v0Host='', v0Port=0, endpoints=[UpdateMetadataEndpoint(port=9092, host='192.168.2.105', listener='PLAINTEXT', securityProtocol=0)], rack=null)) to broker 192.168.2.105:9092 (id: 0 rack: null). Reconnecting to broker. (kafka.controller.RequestSendThread)
java.io.IOException: Connection to 0 was disconnected before the response was read
	at org.apache.kafka.clients.NetworkClientUtils.sendAndReceive(NetworkClientUtils.java:100)
	at kafka.controller.RequestSendThread.doWork(ControllerChannelManager.scala:253)
	at kafka.utils.ShutdownableThread.run(ShutdownableThread.scala:96)
[2022-07-06 14:40:38,257] INFO [RequestSendThread controllerId=0] Controller 0 connected to 192.168.2.105:9092 (id: 0 rack: null) for sending state change requests (kafka.controller.RequestSendThread)
[2022-07-06 14:40:38,258] WARN [RequestSendThread controllerId=0] Controller 0 epoch 1 fails to send request (type: UpdateMetadataRequest=, controllerId=0, controllerEpoch=1, brokerEpoch=63, partitionStates=[], liveBrokers=UpdateMetadataBroker(id=1, v0Host='', v0Port=0, endpoints=[UpdateMetadataEndpoint(port=9093, host='192.168.2.105', listener='PLAINTEXT', securityProtocol=0)], rack=null), UpdateMetadataBroker(id=0, v0Host='', v0Port=0, endpoints=[UpdateMetadataEndpoint(port=9092, host='192.168.2.105', listener='PLAINTEXT', securityProtocol=0)], rack=null)) to broker 192.168.2.105:9092 (id: 0 rack: null). Reconnecting to broker. (kafka.controller.RequestSendThread)
java.io.IOException: Connection to 0 was disconnected before the response was read
	at org.apache.kafka.clients.NetworkClientUtils.sendAndReceive(NetworkClientUtils.java:100)
	at kafka.controller.RequestSendThread.doWork(ControllerChannelManager.scala:253)
	at kafka.utils.ShutdownableThread.run(ShutdownableThread.scala:96)
[2022-07-06 14:40:38,353] INFO [ControllerEventThread controllerId=0] Shutting down (kafka.controller.ControllerEventManager$ControllerEventThread)
[2022-07-06 14:40:38,354] INFO [ControllerEventThread controllerId=0] Stopped (kafka.controller.ControllerEventManager$ControllerEventThread)
[2022-07-06 14:40:38,354] INFO [ControllerEventThread controllerId=0] Shutdown completed (kafka.controller.ControllerEventManager$ControllerEventThread)
[2022-07-06 14:40:38,355] DEBUG [Controller id=0] Resigning (kafka.controller.KafkaController)
[2022-07-06 14:40:38,355] DEBUG [Controller id=0] Unregister BrokerModifications handler for Set(0, 1) (kafka.controller.KafkaController)
[2022-07-06 14:40:38,356] INFO [PartitionStateMachine controllerId=0] Stopped partition state machine (kafka.controller.ZkPartitionStateMachine)
[2022-07-06 14:40:38,357] INFO [ReplicaStateMachine controllerId=0] Stopped replica state machine (kafka.controller.ZkReplicaStateMachine)
[2022-07-06 14:40:38,358] INFO [RequestSendThread controllerId=0] Shutting down (kafka.controller.RequestSendThread)
[2022-07-06 14:40:38,358] ERROR [RequestSendThread controllerId=0] Controller 0 fails to send a request to broker 192.168.2.105:9092 (id: 0 rack: null) (kafka.controller.RequestSendThread)
java.lang.InterruptedException
	at java.util.concurrent.locks.AbstractQueuedSynchronizer.doAcquireSharedNanos(AbstractQueuedSynchronizer.java:1041)
	at java.util.concurrent.locks.AbstractQueuedSynchronizer.tryAcquireSharedNanos(AbstractQueuedSynchronizer.java:1332)
	at java.util.concurrent.CountDownLatch.await(CountDownLatch.java:277)
	at kafka.utils.ShutdownableThread.pause(ShutdownableThread.scala:82)
	at kafka.controller.RequestSendThread.doWork(ControllerChannelManager.scala:234)
	at kafka.utils.ShutdownableThread.run(ShutdownableThread.scala:96)
[2022-07-06 14:40:38,358] INFO [RequestSendThread controllerId=0] Stopped (kafka.controller.RequestSendThread)
[2022-07-06 14:40:38,358] INFO [RequestSendThread controllerId=0] Shutdown completed (kafka.controller.RequestSendThread)
[2022-07-06 14:40:38,360] INFO [RequestSendThread controllerId=0] Shutting down (kafka.controller.RequestSendThread)
[2022-07-06 14:40:38,360] INFO [RequestSendThread controllerId=0] Stopped (kafka.controller.RequestSendThread)
[2022-07-06 14:40:38,360] INFO [RequestSendThread controllerId=0] Shutdown completed (kafka.controller.RequestSendThread)
[2022-07-06 14:40:38,362] INFO [Controller id=0] Resigned (kafka.controller.KafkaController)
[2022-07-06 14:54:50,683] INFO [ControllerEventThread controllerId=0] Starting (kafka.controller.ControllerEventManager$ControllerEventThread)
[2022-07-06 14:54:50,883] DEBUG [Controller id=0] Broker 1 has been elected as the controller, so stopping the election process. (kafka.controller.KafkaController)
