[2022-07-06 14:40:37,023] INFO Terminating process due to signal SIGTERM (org.apache.kafka.common.utils.LoggingSignalHandler)
[2022-07-06 14:40:37,026] INFO [KafkaServer id=0] shutting down (kafka.server.KafkaServer)
[2022-07-06 14:40:37,029] INFO [KafkaServer id=0] Starting controlled shutdown (kafka.server.KafkaServer)
[2022-07-06 14:40:37,075] INFO [KafkaServer id=0] Controlled shutdown succeeded (kafka.server.KafkaServer)
[2022-07-06 14:40:37,078] INFO [/config/changes-event-process-thread]: Shutting down (kafka.common.ZkNodeChangeNotificationListener$ChangeEventProcessThread)
[2022-07-06 14:40:37,078] INFO [/config/changes-event-process-thread]: Stopped (kafka.common.ZkNodeChangeNotificationListener$ChangeEventProcessThread)
[2022-07-06 14:40:37,078] INFO [/config/changes-event-process-thread]: Shutdown completed (kafka.common.ZkNodeChangeNotificationListener$ChangeEventProcessThread)
[2022-07-06 14:40:37,079] INFO [SocketServer listenerType=ZK_BROKER, nodeId=0] Stopping socket server request processors (kafka.network.SocketServer)
[2022-07-06 14:40:37,106] INFO [SocketServer listenerType=ZK_BROKER, nodeId=0] Stopped socket server request processors (kafka.network.SocketServer)
[2022-07-06 14:40:37,107] INFO [data-plane Kafka Request Handler on Broker 0], shutting down (kafka.server.KafkaRequestHandlerPool)
[2022-07-06 14:40:37,113] INFO [data-plane Kafka Request Handler on Broker 0], shut down completely (kafka.server.KafkaRequestHandlerPool)
[2022-07-06 14:40:37,122] INFO [ExpirationReaper-0-AlterAcls]: Shutting down (kafka.server.DelayedOperationPurgatory$ExpiredOperationReaper)
[2022-07-06 14:40:37,303] INFO [ExpirationReaper-0-AlterAcls]: Stopped (kafka.server.DelayedOperationPurgatory$ExpiredOperationReaper)
[2022-07-06 14:40:37,303] INFO [ExpirationReaper-0-AlterAcls]: Shutdown completed (kafka.server.DelayedOperationPurgatory$ExpiredOperationReaper)
[2022-07-06 14:40:37,373] INFO [KafkaApi-0] Shutdown complete. (kafka.server.KafkaApis)
[2022-07-06 14:40:37,389] INFO [ExpirationReaper-0-topic]: Shutting down (kafka.server.DelayedOperationPurgatory$ExpiredOperationReaper)
[2022-07-06 14:40:37,574] INFO [ExpirationReaper-0-topic]: Stopped (kafka.server.DelayedOperationPurgatory$ExpiredOperationReaper)
[2022-07-06 14:40:37,574] INFO [ExpirationReaper-0-topic]: Shutdown completed (kafka.server.DelayedOperationPurgatory$ExpiredOperationReaper)
[2022-07-06 14:40:37,576] INFO [TransactionCoordinator id=0] Shutting down. (kafka.coordinator.transaction.TransactionCoordinator)
[2022-07-06 14:40:37,577] INFO [ProducerId Manager 0]: Shutdown complete: last producerId assigned 1000 (kafka.coordinator.transaction.ProducerIdManager)
[2022-07-06 14:40:37,578] INFO [Transaction State Manager 0]: Shutdown complete (kafka.coordinator.transaction.TransactionStateManager)
[2022-07-06 14:40:37,578] INFO [Transaction Marker Channel Manager 0]: Shutting down (kafka.coordinator.transaction.TransactionMarkerChannelManager)
[2022-07-06 14:40:37,579] INFO [Transaction Marker Channel Manager 0]: Stopped (kafka.coordinator.transaction.TransactionMarkerChannelManager)
[2022-07-06 14:40:37,579] INFO [Transaction Marker Channel Manager 0]: Shutdown completed (kafka.coordinator.transaction.TransactionMarkerChannelManager)
[2022-07-06 14:40:37,580] INFO [TransactionCoordinator id=0] Shutdown complete. (kafka.coordinator.transaction.TransactionCoordinator)
[2022-07-06 14:40:37,581] INFO [GroupCoordinator 0]: Shutting down. (kafka.coordinator.group.GroupCoordinator)
[2022-07-06 14:40:37,582] INFO [ExpirationReaper-0-Heartbeat]: Shutting down (kafka.server.DelayedOperationPurgatory$ExpiredOperationReaper)
[2022-07-06 14:40:37,713] INFO [ExpirationReaper-0-Heartbeat]: Stopped (kafka.server.DelayedOperationPurgatory$ExpiredOperationReaper)
[2022-07-06 14:40:37,713] INFO [ExpirationReaper-0-Heartbeat]: Shutdown completed (kafka.server.DelayedOperationPurgatory$ExpiredOperationReaper)
[2022-07-06 14:40:37,714] INFO [ExpirationReaper-0-Rebalance]: Shutting down (kafka.server.DelayedOperationPurgatory$ExpiredOperationReaper)
[2022-07-06 14:40:37,895] INFO [ExpirationReaper-0-Rebalance]: Stopped (kafka.server.DelayedOperationPurgatory$ExpiredOperationReaper)
[2022-07-06 14:40:37,896] INFO [ExpirationReaper-0-Rebalance]: Shutdown completed (kafka.server.DelayedOperationPurgatory$ExpiredOperationReaper)
[2022-07-06 14:40:37,897] INFO [GroupCoordinator 0]: Shutdown complete. (kafka.coordinator.group.GroupCoordinator)
[2022-07-06 14:40:37,897] INFO [ReplicaManager broker=0] Shutting down (kafka.server.ReplicaManager)
[2022-07-06 14:40:37,898] INFO [LogDirFailureHandler]: Shutting down (kafka.server.ReplicaManager$LogDirFailureHandler)
[2022-07-06 14:40:37,898] INFO [LogDirFailureHandler]: Stopped (kafka.server.ReplicaManager$LogDirFailureHandler)
[2022-07-06 14:40:37,898] INFO [LogDirFailureHandler]: Shutdown completed (kafka.server.ReplicaManager$LogDirFailureHandler)
[2022-07-06 14:40:37,899] INFO [ReplicaFetcherManager on broker 0] shutting down (kafka.server.ReplicaFetcherManager)
[2022-07-06 14:40:37,901] INFO [ReplicaFetcherManager on broker 0] shutdown completed (kafka.server.ReplicaFetcherManager)
[2022-07-06 14:40:37,901] INFO [ReplicaAlterLogDirsManager on broker 0] shutting down (kafka.server.ReplicaAlterLogDirsManager)
[2022-07-06 14:40:37,902] INFO [ReplicaAlterLogDirsManager on broker 0] shutdown completed (kafka.server.ReplicaAlterLogDirsManager)
[2022-07-06 14:40:37,902] INFO [ExpirationReaper-0-Fetch]: Shutting down (kafka.server.DelayedOperationPurgatory$ExpiredOperationReaper)
[2022-07-06 14:40:37,925] INFO [ExpirationReaper-0-Fetch]: Stopped (kafka.server.DelayedOperationPurgatory$ExpiredOperationReaper)
[2022-07-06 14:40:37,925] INFO [ExpirationReaper-0-Fetch]: Shutdown completed (kafka.server.DelayedOperationPurgatory$ExpiredOperationReaper)
[2022-07-06 14:40:37,926] INFO [ExpirationReaper-0-Produce]: Shutting down (kafka.server.DelayedOperationPurgatory$ExpiredOperationReaper)
[2022-07-06 14:40:38,125] INFO [ExpirationReaper-0-Produce]: Stopped (kafka.server.DelayedOperationPurgatory$ExpiredOperationReaper)
[2022-07-06 14:40:38,126] INFO [ExpirationReaper-0-Produce]: Shutdown completed (kafka.server.DelayedOperationPurgatory$ExpiredOperationReaper)
[2022-07-06 14:40:38,126] INFO [ExpirationReaper-0-DeleteRecords]: Shutting down (kafka.server.DelayedOperationPurgatory$ExpiredOperationReaper)
[2022-07-06 14:40:38,297] INFO [ExpirationReaper-0-DeleteRecords]: Stopped (kafka.server.DelayedOperationPurgatory$ExpiredOperationReaper)
[2022-07-06 14:40:38,297] INFO [ExpirationReaper-0-DeleteRecords]: Shutdown completed (kafka.server.DelayedOperationPurgatory$ExpiredOperationReaper)
[2022-07-06 14:40:38,298] INFO [ExpirationReaper-0-ElectLeader]: Shutting down (kafka.server.DelayedOperationPurgatory$ExpiredOperationReaper)
[2022-07-06 14:40:38,327] INFO [ExpirationReaper-0-ElectLeader]: Stopped (kafka.server.DelayedOperationPurgatory$ExpiredOperationReaper)
[2022-07-06 14:40:38,327] INFO [ExpirationReaper-0-ElectLeader]: Shutdown completed (kafka.server.DelayedOperationPurgatory$ExpiredOperationReaper)
[2022-07-06 14:40:38,334] INFO [ReplicaManager broker=0] Shut down completely (kafka.server.ReplicaManager)
[2022-07-06 14:40:38,334] INFO [broker-0-to-controller-send-thread]: Shutting down (kafka.server.BrokerToControllerRequestThread)
[2022-07-06 14:40:38,335] INFO [broker-0-to-controller-send-thread]: Stopped (kafka.server.BrokerToControllerRequestThread)
[2022-07-06 14:40:38,335] INFO [broker-0-to-controller-send-thread]: Shutdown completed (kafka.server.BrokerToControllerRequestThread)
[2022-07-06 14:40:38,337] INFO Broker to controller channel manager for alterIsrChannel shutdown (kafka.server.BrokerToControllerChannelManagerImpl)
[2022-07-06 14:40:38,340] INFO Shutting down. (kafka.log.LogManager)
[2022-07-06 14:40:38,353] INFO Shutdown complete. (kafka.log.LogManager)
[2022-07-06 14:40:38,362] INFO [feature-zk-node-event-process-thread]: Shutting down (kafka.server.FinalizedFeatureChangeListener$ChangeNotificationProcessorThread)
[2022-07-06 14:40:38,362] INFO [feature-zk-node-event-process-thread]: Stopped (kafka.server.FinalizedFeatureChangeListener$ChangeNotificationProcessorThread)
[2022-07-06 14:40:38,363] INFO [feature-zk-node-event-process-thread]: Shutdown completed (kafka.server.FinalizedFeatureChangeListener$ChangeNotificationProcessorThread)
[2022-07-06 14:40:38,364] INFO [ZooKeeperClient Kafka server] Closing. (kafka.zookeeper.ZooKeeperClient)
[2022-07-06 14:40:38,470] INFO Session: 0x10004dff3af0001 closed (org.apache.zookeeper.ZooKeeper)
[2022-07-06 14:40:38,470] INFO EventThread shut down for session: 0x10004dff3af0001 (org.apache.zookeeper.ClientCnxn)
[2022-07-06 14:40:38,471] INFO [ZooKeeperClient Kafka server] Closed. (kafka.zookeeper.ZooKeeperClient)
[2022-07-06 14:40:38,472] INFO [ThrottledChannelReaper-Fetch]: Shutting down (kafka.server.ClientQuotaManager$ThrottledChannelReaper)
[2022-07-06 14:40:39,203] INFO [ThrottledChannelReaper-Fetch]: Stopped (kafka.server.ClientQuotaManager$ThrottledChannelReaper)
[2022-07-06 14:40:39,203] INFO [ThrottledChannelReaper-Fetch]: Shutdown completed (kafka.server.ClientQuotaManager$ThrottledChannelReaper)
[2022-07-06 14:40:39,203] INFO [ThrottledChannelReaper-Produce]: Shutting down (kafka.server.ClientQuotaManager$ThrottledChannelReaper)
[2022-07-06 14:40:40,031] INFO [ThrottledChannelReaper-Produce]: Stopped (kafka.server.ClientQuotaManager$ThrottledChannelReaper)
[2022-07-06 14:40:40,031] INFO [ThrottledChannelReaper-Produce]: Shutdown completed (kafka.server.ClientQuotaManager$ThrottledChannelReaper)
[2022-07-06 14:40:40,031] INFO [ThrottledChannelReaper-Request]: Shutting down (kafka.server.ClientQuotaManager$ThrottledChannelReaper)
[2022-07-06 14:40:40,997] INFO [ThrottledChannelReaper-Request]: Stopped (kafka.server.ClientQuotaManager$ThrottledChannelReaper)
[2022-07-06 14:40:40,998] INFO [ThrottledChannelReaper-Request]: Shutdown completed (kafka.server.ClientQuotaManager$ThrottledChannelReaper)
[2022-07-06 14:40:40,998] INFO [ThrottledChannelReaper-ControllerMutation]: Shutting down (kafka.server.ClientQuotaManager$ThrottledChannelReaper)
[2022-07-06 14:40:41,121] INFO [ThrottledChannelReaper-ControllerMutation]: Stopped (kafka.server.ClientQuotaManager$ThrottledChannelReaper)
[2022-07-06 14:40:41,121] INFO [ThrottledChannelReaper-ControllerMutation]: Shutdown completed (kafka.server.ClientQuotaManager$ThrottledChannelReaper)
[2022-07-06 14:40:41,123] INFO [SocketServer listenerType=ZK_BROKER, nodeId=0] Shutting down socket server (kafka.network.SocketServer)
[2022-07-06 14:40:41,148] INFO [SocketServer listenerType=ZK_BROKER, nodeId=0] Shutdown completed (kafka.network.SocketServer)
[2022-07-06 14:40:41,148] INFO Metrics scheduler closed (org.apache.kafka.common.metrics.Metrics)
[2022-07-06 14:40:41,149] INFO Closing reporter org.apache.kafka.common.metrics.JmxReporter (org.apache.kafka.common.metrics.Metrics)
[2022-07-06 14:40:41,149] INFO Metrics reporters closed (org.apache.kafka.common.metrics.Metrics)
[2022-07-06 14:40:41,151] INFO Broker and topic stats closed (kafka.server.BrokerTopicStats)
[2022-07-06 14:40:41,153] INFO App info kafka.server for 0 unregistered (org.apache.kafka.common.utils.AppInfoParser)
[2022-07-06 14:40:41,153] INFO [KafkaServer id=0] shut down completed (kafka.server.KafkaServer)
[2022-07-06 14:54:40,039] INFO Registered kafka:type=kafka.Log4jController MBean (kafka.utils.Log4jControllerRegistration$)
[2022-07-06 14:54:40,796] INFO Setting -D jdk.tls.rejectClientInitiatedRenegotiation=true to disable client-initiated TLS renegotiation (org.apache.zookeeper.common.X509Util)
[2022-07-06 14:54:41,013] INFO Registered signal handlers for TERM, INT, HUP (org.apache.kafka.common.utils.LoggingSignalHandler)
[2022-07-06 14:54:41,029] INFO starting (kafka.server.KafkaServer)
[2022-07-06 14:54:41,030] INFO Connecting to zookeeper on 192.168.2.105:2181 (kafka.server.KafkaServer)
[2022-07-06 14:54:42,203] INFO [ZooKeeperClient Kafka server] Initializing a new session to 192.168.2.105:2181. (kafka.zookeeper.ZooKeeperClient)
[2022-07-06 14:54:42,243] INFO Client environment:zookeeper.version=3.5.9-83df9301aa5c2a5d284a9940177808c01bc35cef, built on 01/06/2021 20:03 GMT (org.apache.zookeeper.ZooKeeper)
[2022-07-06 14:54:42,243] INFO Client environment:host.name=a204fb1109d7 (org.apache.zookeeper.ZooKeeper)
[2022-07-06 14:54:42,243] INFO Client environment:java.version=1.8.0_292 (org.apache.zookeeper.ZooKeeper)
[2022-07-06 14:54:42,244] INFO Client environment:java.vendor=Azul Systems, Inc. (org.apache.zookeeper.ZooKeeper)
[2022-07-06 14:54:42,244] INFO Client environment:java.home=/usr/lib/jvm/zulu8-ca/jre (org.apache.zookeeper.ZooKeeper)
[2022-07-06 14:54:42,244] INFO Client environment:java.class.path=/opt/kafka/bin/../libs/activation-1.1.1.jar:/opt/kafka/bin/../libs/aopalliance-repackaged-2.6.1.jar:/opt/kafka/bin/../libs/argparse4j-0.7.0.jar:/opt/kafka/bin/../libs/audience-annotations-0.5.0.jar:/opt/kafka/bin/../libs/commons-cli-1.4.jar:/opt/kafka/bin/../libs/commons-lang3-3.8.1.jar:/opt/kafka/bin/../libs/connect-api-2.8.1.jar:/opt/kafka/bin/../libs/connect-basic-auth-extension-2.8.1.jar:/opt/kafka/bin/../libs/connect-file-2.8.1.jar:/opt/kafka/bin/../libs/connect-json-2.8.1.jar:/opt/kafka/bin/../libs/connect-mirror-2.8.1.jar:/opt/kafka/bin/../libs/connect-mirror-client-2.8.1.jar:/opt/kafka/bin/../libs/connect-runtime-2.8.1.jar:/opt/kafka/bin/../libs/connect-transforms-2.8.1.jar:/opt/kafka/bin/../libs/hk2-api-2.6.1.jar:/opt/kafka/bin/../libs/hk2-locator-2.6.1.jar:/opt/kafka/bin/../libs/hk2-utils-2.6.1.jar:/opt/kafka/bin/../libs/jackson-annotations-2.10.5.jar:/opt/kafka/bin/../libs/jackson-core-2.10.5.jar:/opt/kafka/bin/../libs/jackson-databind-2.10.5.1.jar:/opt/kafka/bin/../libs/jackson-dataformat-csv-2.10.5.jar:/opt/kafka/bin/../libs/jackson-datatype-jdk8-2.10.5.jar:/opt/kafka/bin/../libs/jackson-jaxrs-base-2.10.5.jar:/opt/kafka/bin/../libs/jackson-jaxrs-json-provider-2.10.5.jar:/opt/kafka/bin/../libs/jackson-module-jaxb-annotations-2.10.5.jar:/opt/kafka/bin/../libs/jackson-module-paranamer-2.10.5.jar:/opt/kafka/bin/../libs/jackson-module-scala_2.13-2.10.5.jar:/opt/kafka/bin/../libs/jakarta.activation-api-1.2.1.jar:/opt/kafka/bin/../libs/jakarta.annotation-api-1.3.5.jar:/opt/kafka/bin/../libs/jakarta.inject-2.6.1.jar:/opt/kafka/bin/../libs/jakarta.validation-api-2.0.2.jar:/opt/kafka/bin/../libs/jakarta.ws.rs-api-2.1.6.jar:/opt/kafka/bin/../libs/jakarta.xml.bind-api-2.3.2.jar:/opt/kafka/bin/../libs/javassist-3.27.0-GA.jar:/opt/kafka/bin/../libs/javax.servlet-api-3.1.0.jar:/opt/kafka/bin/../libs/javax.ws.rs-api-2.1.1.jar:/opt/kafka/bin/../libs/jaxb-api-2.3.0.jar:/opt/kafka/bin/../libs/jersey-client-2.34.jar:/opt/kafka/bin/../libs/jersey-common-2.34.jar:/opt/kafka/bin/../libs/jersey-container-servlet-2.34.jar:/opt/kafka/bin/../libs/jersey-container-servlet-core-2.34.jar:/opt/kafka/bin/../libs/jersey-hk2-2.34.jar:/opt/kafka/bin/../libs/jersey-server-2.34.jar:/opt/kafka/bin/../libs/jetty-client-9.4.43.v20210629.jar:/opt/kafka/bin/../libs/jetty-continuation-9.4.43.v20210629.jar:/opt/kafka/bin/../libs/jetty-http-9.4.43.v20210629.jar:/opt/kafka/bin/../libs/jetty-io-9.4.43.v20210629.jar:/opt/kafka/bin/../libs/jetty-security-9.4.43.v20210629.jar:/opt/kafka/bin/../libs/jetty-server-9.4.43.v20210629.jar:/opt/kafka/bin/../libs/jetty-servlet-9.4.43.v20210629.jar:/opt/kafka/bin/../libs/jetty-servlets-9.4.43.v20210629.jar:/opt/kafka/bin/../libs/jetty-util-9.4.43.v20210629.jar:/opt/kafka/bin/../libs/jetty-util-ajax-9.4.43.v20210629.jar:/opt/kafka/bin/../libs/jline-3.12.1.jar:/opt/kafka/bin/../libs/jopt-simple-5.0.4.jar:/opt/kafka/bin/../libs/kafka-clients-2.8.1.jar:/opt/kafka/bin/../libs/kafka-log4j-appender-2.8.1.jar:/opt/kafka/bin/../libs/kafka-metadata-2.8.1.jar:/opt/kafka/bin/../libs/kafka-raft-2.8.1.jar:/opt/kafka/bin/../libs/kafka-shell-2.8.1.jar:/opt/kafka/bin/../libs/kafka-streams-2.8.1.jar:/opt/kafka/bin/../libs/kafka-streams-examples-2.8.1.jar:/opt/kafka/bin/../libs/kafka-streams-scala_2.13-2.8.1.jar:/opt/kafka/bin/../libs/kafka-streams-test-utils-2.8.1.jar:/opt/kafka/bin/../libs/kafka-tools-2.8.1.jar:/opt/kafka/bin/../libs/kafka_2.13-2.8.1-sources.jar:/opt/kafka/bin/../libs/kafka_2.13-2.8.1.jar:/opt/kafka/bin/../libs/log4j-1.2.17.jar:/opt/kafka/bin/../libs/lz4-java-1.7.1.jar:/opt/kafka/bin/../libs/maven-artifact-3.8.1.jar:/opt/kafka/bin/../libs/metrics-core-2.2.0.jar:/opt/kafka/bin/../libs/netty-buffer-4.1.62.Final.jar:/opt/kafka/bin/../libs/netty-codec-4.1.62.Final.jar:/opt/kafka/bin/../libs/netty-common-4.1.62.Final.jar:/opt/kafka/bin/../libs/netty-handler-4.1.62.Final.jar:/opt/kafka/bin/../libs/netty-resolver-4.1.62.Final.jar:/opt/kafka/bin/../libs/netty-transport-4.1.62.Final.jar:/opt/kafka/bin/../libs/netty-transport-native-epoll-4.1.62.Final.jar:/opt/kafka/bin/../libs/netty-transport-native-unix-common-4.1.62.Final.jar:/opt/kafka/bin/../libs/osgi-resource-locator-1.0.3.jar:/opt/kafka/bin/../libs/paranamer-2.8.jar:/opt/kafka/bin/../libs/plexus-utils-3.2.1.jar:/opt/kafka/bin/../libs/reflections-0.9.12.jar:/opt/kafka/bin/../libs/rocksdbjni-5.18.4.jar:/opt/kafka/bin/../libs/scala-collection-compat_2.13-2.3.0.jar:/opt/kafka/bin/../libs/scala-java8-compat_2.13-0.9.1.jar:/opt/kafka/bin/../libs/scala-library-2.13.5.jar:/opt/kafka/bin/../libs/scala-logging_2.13-3.9.2.jar:/opt/kafka/bin/../libs/scala-reflect-2.13.5.jar:/opt/kafka/bin/../libs/slf4j-api-1.7.30.jar:/opt/kafka/bin/../libs/slf4j-log4j12-1.7.30.jar:/opt/kafka/bin/../libs/snappy-java-1.1.8.1.jar:/opt/kafka/bin/../libs/zookeeper-3.5.9.jar:/opt/kafka/bin/../libs/zookeeper-jute-3.5.9.jar:/opt/kafka/bin/../libs/zstd-jni-1.4.9-1.jar (org.apache.zookeeper.ZooKeeper)
[2022-07-06 14:54:42,244] INFO Client environment:java.library.path=/usr/lib/jvm/zulu8-ca/jre/lib/amd64/server:/usr/lib/jvm/zulu8-ca/jre/lib/amd64:/usr/lib/jvm/zulu8-ca/jre/../lib/amd64:/usr/java/packages/lib/amd64:/usr/lib64:/lib64:/lib:/usr/lib (org.apache.zookeeper.ZooKeeper)
[2022-07-06 14:54:42,244] INFO Client environment:java.io.tmpdir=/tmp (org.apache.zookeeper.ZooKeeper)
[2022-07-06 14:54:42,245] INFO Client environment:java.compiler=<NA> (org.apache.zookeeper.ZooKeeper)
[2022-07-06 14:54:42,245] INFO Client environment:os.name=Linux (org.apache.zookeeper.ZooKeeper)
[2022-07-06 14:54:42,245] INFO Client environment:os.arch=amd64 (org.apache.zookeeper.ZooKeeper)
[2022-07-06 14:54:42,245] INFO Client environment:os.version=4.18.0-394.el8.x86_64 (org.apache.zookeeper.ZooKeeper)
[2022-07-06 14:54:42,245] INFO Client environment:user.name=root (org.apache.zookeeper.ZooKeeper)
[2022-07-06 14:54:42,245] INFO Client environment:user.home=/root (org.apache.zookeeper.ZooKeeper)
[2022-07-06 14:54:42,245] INFO Client environment:user.dir=/ (org.apache.zookeeper.ZooKeeper)
[2022-07-06 14:54:42,245] INFO Client environment:os.memory.free=1013MB (org.apache.zookeeper.ZooKeeper)
[2022-07-06 14:54:42,245] INFO Client environment:os.memory.max=1024MB (org.apache.zookeeper.ZooKeeper)
[2022-07-06 14:54:42,245] INFO Client environment:os.memory.total=1024MB (org.apache.zookeeper.ZooKeeper)
[2022-07-06 14:54:42,252] INFO Initiating client connection, connectString=192.168.2.105:2181 sessionTimeout=18000 watcher=kafka.zookeeper.ZooKeeperClient$ZooKeeperClientWatcher$@799f10e1 (org.apache.zookeeper.ZooKeeper)
[2022-07-06 14:54:42,268] INFO jute.maxbuffer value is 4194304 Bytes (org.apache.zookeeper.ClientCnxnSocket)
[2022-07-06 14:54:42,280] INFO zookeeper.request.timeout value is 0. feature enabled= (org.apache.zookeeper.ClientCnxn)
[2022-07-06 14:54:42,286] INFO [ZooKeeperClient Kafka server] Waiting until connected. (kafka.zookeeper.ZooKeeperClient)
[2022-07-06 14:54:42,324] INFO Opening socket connection to server 192.168.2.105/192.168.2.105:2181. Will not attempt to authenticate using SASL (unknown error) (org.apache.zookeeper.ClientCnxn)
[2022-07-06 14:54:42,333] INFO Socket connection established, initiating session, client: /172.28.0.6:57734, server: 192.168.2.105/192.168.2.105:2181 (org.apache.zookeeper.ClientCnxn)
[2022-07-06 14:54:42,359] INFO Session establishment complete on server 192.168.2.105/192.168.2.105:2181, sessionid = 0x100052f431d0002, negotiated timeout = 18000 (org.apache.zookeeper.ClientCnxn)
[2022-07-06 14:54:42,371] INFO [ZooKeeperClient Kafka server] Connected. (kafka.zookeeper.ZooKeeperClient)
[2022-07-06 14:54:42,829] INFO [feature-zk-node-event-process-thread]: Starting (kafka.server.FinalizedFeatureChangeListener$ChangeNotificationProcessorThread)
[2022-07-06 14:54:42,869] INFO Feature ZK node at path: /feature does not exist (kafka.server.FinalizedFeatureChangeListener)
[2022-07-06 14:54:42,869] INFO Cleared cache (kafka.server.FinalizedFeatureCache)
[2022-07-06 14:54:44,200] INFO Cluster ID = hM7jO0xPTB2Oi7VsE39ANA (kafka.server.KafkaServer)
[2022-07-06 14:54:44,222] WARN No meta.properties file under dir /kafka/kafka-logs-a204fb1109d7/meta.properties (kafka.server.BrokerMetadataCheckpoint)
[2022-07-06 14:54:44,469] INFO KafkaConfig values: 
	advertised.host.name = null
	advertised.listeners = PLAINTEXT://192.168.2.105:9092
	advertised.port = null
	alter.config.policy.class.name = null
	alter.log.dirs.replication.quota.window.num = 11
	alter.log.dirs.replication.quota.window.size.seconds = 1
	authorizer.class.name = 
	auto.create.topics.enable = true
	auto.leader.rebalance.enable = true
	background.threads = 10
	broker.heartbeat.interval.ms = 2000
	broker.id = 0
	broker.id.generation.enable = true
	broker.rack = null
	broker.session.timeout.ms = 9000
	client.quota.callback.class = null
	compression.type = producer
	connection.failed.authentication.delay.ms = 100
	connections.max.idle.ms = 600000
	connections.max.reauth.ms = 0
	control.plane.listener.name = null
	controlled.shutdown.enable = true
	controlled.shutdown.max.retries = 3
	controlled.shutdown.retry.backoff.ms = 5000
	controller.listener.names = null
	controller.quorum.append.linger.ms = 25
	controller.quorum.election.backoff.max.ms = 1000
	controller.quorum.election.timeout.ms = 1000
	controller.quorum.fetch.timeout.ms = 2000
	controller.quorum.request.timeout.ms = 2000
	controller.quorum.retry.backoff.ms = 20
	controller.quorum.voters = []
	controller.quota.window.num = 11
	controller.quota.window.size.seconds = 1
	controller.socket.timeout.ms = 30000
	create.topic.policy.class.name = null
	default.replication.factor = 2
	delegation.token.expiry.check.interval.ms = 3600000
	delegation.token.expiry.time.ms = 86400000
	delegation.token.master.key = null
	delegation.token.max.lifetime.ms = 604800000
	delegation.token.secret.key = null
	delete.records.purgatory.purge.interval.requests = 1
	delete.topic.enable = true
	fetch.max.bytes = 57671680
	fetch.purgatory.purge.interval.requests = 1000
	group.initial.rebalance.delay.ms = 0
	group.max.session.timeout.ms = 1800000
	group.max.size = 2147483647
	group.min.session.timeout.ms = 6000
	host.name = 
	initial.broker.registration.timeout.ms = 60000
	inter.broker.listener.name = null
	inter.broker.protocol.version = 2.8-IV1
	kafka.metrics.polling.interval.secs = 10
	kafka.metrics.reporters = []
	leader.imbalance.check.interval.seconds = 300
	leader.imbalance.per.broker.percentage = 10
	listener.security.protocol.map = PLAINTEXT:PLAINTEXT,SSL:SSL,SASL_PLAINTEXT:SASL_PLAINTEXT,SASL_SSL:SASL_SSL
	listeners = PLAINTEXT://0.0.0.0:9092
	log.cleaner.backoff.ms = 15000
	log.cleaner.dedupe.buffer.size = 134217728
	log.cleaner.delete.retention.ms = 86400000
	log.cleaner.enable = true
	log.cleaner.io.buffer.load.factor = 0.9
	log.cleaner.io.buffer.size = 524288
	log.cleaner.io.max.bytes.per.second = 1.7976931348623157E308
	log.cleaner.max.compaction.lag.ms = 9223372036854775807
	log.cleaner.min.cleanable.ratio = 0.5
	log.cleaner.min.compaction.lag.ms = 0
	log.cleaner.threads = 1
	log.cleanup.policy = [delete]
	log.dir = /tmp/kafka-logs
	log.dirs = /kafka/kafka-logs-a204fb1109d7
	log.flush.interval.messages = 9223372036854775807
	log.flush.interval.ms = null
	log.flush.offset.checkpoint.interval.ms = 60000
	log.flush.scheduler.interval.ms = 9223372036854775807
	log.flush.start.offset.checkpoint.interval.ms = 60000
	log.index.interval.bytes = 4096
	log.index.size.max.bytes = 10485760
	log.message.downconversion.enable = true
	log.message.format.version = 2.8-IV1
	log.message.timestamp.difference.max.ms = 9223372036854775807
	log.message.timestamp.type = CreateTime
	log.preallocate = false
	log.retention.bytes = -1
	log.retention.check.interval.ms = 300000
	log.retention.hours = 168
	log.retention.minutes = null
	log.retention.ms = null
	log.roll.hours = 168
	log.roll.jitter.hours = 0
	log.roll.jitter.ms = null
	log.roll.ms = null
	log.segment.bytes = 1073741824
	log.segment.delete.delay.ms = 60000
	max.connection.creation.rate = 2147483647
	max.connections = 2147483647
	max.connections.per.ip = 2147483647
	max.connections.per.ip.overrides = 
	max.incremental.fetch.session.cache.slots = 1000
	message.max.bytes = 1048588
	metadata.log.dir = null
	metric.reporters = []
	metrics.num.samples = 2
	metrics.recording.level = INFO
	metrics.sample.window.ms = 30000
	min.insync.replicas = 1
	node.id = -1
	num.io.threads = 8
	num.network.threads = 3
	num.partitions = 3
	num.recovery.threads.per.data.dir = 1
	num.replica.alter.log.dirs.threads = null
	num.replica.fetchers = 1
	offset.metadata.max.bytes = 4096
	offsets.commit.required.acks = -1
	offsets.commit.timeout.ms = 5000
	offsets.load.buffer.size = 5242880
	offsets.retention.check.interval.ms = 600000
	offsets.retention.minutes = 10080
	offsets.topic.compression.codec = 0
	offsets.topic.num.partitions = 50
	offsets.topic.replication.factor = 1
	offsets.topic.segment.bytes = 104857600
	password.encoder.cipher.algorithm = AES/CBC/PKCS5Padding
	password.encoder.iterations = 4096
	password.encoder.key.length = 128
	password.encoder.keyfactory.algorithm = null
	password.encoder.old.secret = null
	password.encoder.secret = null
	port = 9092
	principal.builder.class = null
	process.roles = []
	producer.purgatory.purge.interval.requests = 1000
	queued.max.request.bytes = -1
	queued.max.requests = 500
	quota.consumer.default = 9223372036854775807
	quota.producer.default = 9223372036854775807
	quota.window.num = 11
	quota.window.size.seconds = 1
	replica.fetch.backoff.ms = 1000
	replica.fetch.max.bytes = 1048576
	replica.fetch.min.bytes = 1
	replica.fetch.response.max.bytes = 10485760
	replica.fetch.wait.max.ms = 500
	replica.high.watermark.checkpoint.interval.ms = 5000
	replica.lag.time.max.ms = 30000
	replica.selector.class = null
	replica.socket.receive.buffer.bytes = 65536
	replica.socket.timeout.ms = 30000
	replication.quota.window.num = 11
	replication.quota.window.size.seconds = 1
	request.timeout.ms = 30000
	reserved.broker.max.id = 1000
	sasl.client.callback.handler.class = null
	sasl.enabled.mechanisms = [GSSAPI]
	sasl.jaas.config = null
	sasl.kerberos.kinit.cmd = /usr/bin/kinit
	sasl.kerberos.min.time.before.relogin = 60000
	sasl.kerberos.principal.to.local.rules = [DEFAULT]
	sasl.kerberos.service.name = null
	sasl.kerberos.ticket.renew.jitter = 0.05
	sasl.kerberos.ticket.renew.window.factor = 0.8
	sasl.login.callback.handler.class = null
	sasl.login.class = null
	sasl.login.refresh.buffer.seconds = 300
	sasl.login.refresh.min.period.seconds = 60
	sasl.login.refresh.window.factor = 0.8
	sasl.login.refresh.window.jitter = 0.05
	sasl.mechanism.controller.protocol = GSSAPI
	sasl.mechanism.inter.broker.protocol = GSSAPI
	sasl.server.callback.handler.class = null
	security.inter.broker.protocol = PLAINTEXT
	security.providers = null
	socket.connection.setup.timeout.max.ms = 30000
	socket.connection.setup.timeout.ms = 10000
	socket.receive.buffer.bytes = 102400
	socket.request.max.bytes = 104857600
	socket.send.buffer.bytes = 102400
	ssl.cipher.suites = []
	ssl.client.auth = none
	ssl.enabled.protocols = [TLSv1.2]
	ssl.endpoint.identification.algorithm = https
	ssl.engine.factory.class = null
	ssl.key.password = null
	ssl.keymanager.algorithm = SunX509
	ssl.keystore.certificate.chain = null
	ssl.keystore.key = null
	ssl.keystore.location = null
	ssl.keystore.password = null
	ssl.keystore.type = JKS
	ssl.principal.mapping.rules = DEFAULT
	ssl.protocol = TLSv1.2
	ssl.provider = null
	ssl.secure.random.implementation = null
	ssl.trustmanager.algorithm = PKIX
	ssl.truststore.certificates = null
	ssl.truststore.location = null
	ssl.truststore.password = null
	ssl.truststore.type = JKS
	transaction.abort.timed.out.transaction.cleanup.interval.ms = 10000
	transaction.max.timeout.ms = 900000
	transaction.remove.expired.transaction.cleanup.interval.ms = 3600000
	transaction.state.log.load.buffer.size = 5242880
	transaction.state.log.min.isr = 1
	transaction.state.log.num.partitions = 50
	transaction.state.log.replication.factor = 1
	transaction.state.log.segment.bytes = 104857600
	transactional.id.expiration.ms = 604800000
	unclean.leader.election.enable = false
	zookeeper.clientCnxnSocket = null
	zookeeper.connect = 192.168.2.105:2181
	zookeeper.connection.timeout.ms = 18000
	zookeeper.max.in.flight.requests = 10
	zookeeper.session.timeout.ms = 18000
	zookeeper.set.acl = false
	zookeeper.ssl.cipher.suites = null
	zookeeper.ssl.client.enable = false
	zookeeper.ssl.crl.enable = false
	zookeeper.ssl.enabled.protocols = null
	zookeeper.ssl.endpoint.identification.algorithm = HTTPS
	zookeeper.ssl.keystore.location = null
	zookeeper.ssl.keystore.password = null
	zookeeper.ssl.keystore.type = null
	zookeeper.ssl.ocsp.enable = false
	zookeeper.ssl.protocol = TLSv1.2
	zookeeper.ssl.truststore.location = null
	zookeeper.ssl.truststore.password = null
	zookeeper.ssl.truststore.type = null
	zookeeper.sync.time.ms = 2000
 (kafka.server.KafkaConfig)
[2022-07-06 14:54:44,512] INFO KafkaConfig values: 
	advertised.host.name = null
	advertised.listeners = PLAINTEXT://192.168.2.105:9092
	advertised.port = null
	alter.config.policy.class.name = null
	alter.log.dirs.replication.quota.window.num = 11
	alter.log.dirs.replication.quota.window.size.seconds = 1
	authorizer.class.name = 
	auto.create.topics.enable = true
	auto.leader.rebalance.enable = true
	background.threads = 10
	broker.heartbeat.interval.ms = 2000
	broker.id = 0
	broker.id.generation.enable = true
	broker.rack = null
	broker.session.timeout.ms = 9000
	client.quota.callback.class = null
	compression.type = producer
	connection.failed.authentication.delay.ms = 100
	connections.max.idle.ms = 600000
	connections.max.reauth.ms = 0
	control.plane.listener.name = null
	controlled.shutdown.enable = true
	controlled.shutdown.max.retries = 3
	controlled.shutdown.retry.backoff.ms = 5000
	controller.listener.names = null
	controller.quorum.append.linger.ms = 25
	controller.quorum.election.backoff.max.ms = 1000
	controller.quorum.election.timeout.ms = 1000
	controller.quorum.fetch.timeout.ms = 2000
	controller.quorum.request.timeout.ms = 2000
	controller.quorum.retry.backoff.ms = 20
	controller.quorum.voters = []
	controller.quota.window.num = 11
	controller.quota.window.size.seconds = 1
	controller.socket.timeout.ms = 30000
	create.topic.policy.class.name = null
	default.replication.factor = 2
	delegation.token.expiry.check.interval.ms = 3600000
	delegation.token.expiry.time.ms = 86400000
	delegation.token.master.key = null
	delegation.token.max.lifetime.ms = 604800000
	delegation.token.secret.key = null
	delete.records.purgatory.purge.interval.requests = 1
	delete.topic.enable = true
	fetch.max.bytes = 57671680
	fetch.purgatory.purge.interval.requests = 1000
	group.initial.rebalance.delay.ms = 0
	group.max.session.timeout.ms = 1800000
	group.max.size = 2147483647
	group.min.session.timeout.ms = 6000
	host.name = 
	initial.broker.registration.timeout.ms = 60000
	inter.broker.listener.name = null
	inter.broker.protocol.version = 2.8-IV1
	kafka.metrics.polling.interval.secs = 10
	kafka.metrics.reporters = []
	leader.imbalance.check.interval.seconds = 300
	leader.imbalance.per.broker.percentage = 10
	listener.security.protocol.map = PLAINTEXT:PLAINTEXT,SSL:SSL,SASL_PLAINTEXT:SASL_PLAINTEXT,SASL_SSL:SASL_SSL
	listeners = PLAINTEXT://0.0.0.0:9092
	log.cleaner.backoff.ms = 15000
	log.cleaner.dedupe.buffer.size = 134217728
	log.cleaner.delete.retention.ms = 86400000
	log.cleaner.enable = true
	log.cleaner.io.buffer.load.factor = 0.9
	log.cleaner.io.buffer.size = 524288
	log.cleaner.io.max.bytes.per.second = 1.7976931348623157E308
	log.cleaner.max.compaction.lag.ms = 9223372036854775807
	log.cleaner.min.cleanable.ratio = 0.5
	log.cleaner.min.compaction.lag.ms = 0
	log.cleaner.threads = 1
	log.cleanup.policy = [delete]
	log.dir = /tmp/kafka-logs
	log.dirs = /kafka/kafka-logs-a204fb1109d7
	log.flush.interval.messages = 9223372036854775807
	log.flush.interval.ms = null
	log.flush.offset.checkpoint.interval.ms = 60000
	log.flush.scheduler.interval.ms = 9223372036854775807
	log.flush.start.offset.checkpoint.interval.ms = 60000
	log.index.interval.bytes = 4096
	log.index.size.max.bytes = 10485760
	log.message.downconversion.enable = true
	log.message.format.version = 2.8-IV1
	log.message.timestamp.difference.max.ms = 9223372036854775807
	log.message.timestamp.type = CreateTime
	log.preallocate = false
	log.retention.bytes = -1
	log.retention.check.interval.ms = 300000
	log.retention.hours = 168
	log.retention.minutes = null
	log.retention.ms = null
	log.roll.hours = 168
	log.roll.jitter.hours = 0
	log.roll.jitter.ms = null
	log.roll.ms = null
	log.segment.bytes = 1073741824
	log.segment.delete.delay.ms = 60000
	max.connection.creation.rate = 2147483647
	max.connections = 2147483647
	max.connections.per.ip = 2147483647
	max.connections.per.ip.overrides = 
	max.incremental.fetch.session.cache.slots = 1000
	message.max.bytes = 1048588
	metadata.log.dir = null
	metric.reporters = []
	metrics.num.samples = 2
	metrics.recording.level = INFO
	metrics.sample.window.ms = 30000
	min.insync.replicas = 1
	node.id = -1
	num.io.threads = 8
	num.network.threads = 3
	num.partitions = 3
	num.recovery.threads.per.data.dir = 1
	num.replica.alter.log.dirs.threads = null
	num.replica.fetchers = 1
	offset.metadata.max.bytes = 4096
	offsets.commit.required.acks = -1
	offsets.commit.timeout.ms = 5000
	offsets.load.buffer.size = 5242880
	offsets.retention.check.interval.ms = 600000
	offsets.retention.minutes = 10080
	offsets.topic.compression.codec = 0
	offsets.topic.num.partitions = 50
	offsets.topic.replication.factor = 1
	offsets.topic.segment.bytes = 104857600
	password.encoder.cipher.algorithm = AES/CBC/PKCS5Padding
	password.encoder.iterations = 4096
	password.encoder.key.length = 128
	password.encoder.keyfactory.algorithm = null
	password.encoder.old.secret = null
	password.encoder.secret = null
	port = 9092
	principal.builder.class = null
	process.roles = []
	producer.purgatory.purge.interval.requests = 1000
	queued.max.request.bytes = -1
	queued.max.requests = 500
	quota.consumer.default = 9223372036854775807
	quota.producer.default = 9223372036854775807
	quota.window.num = 11
	quota.window.size.seconds = 1
	replica.fetch.backoff.ms = 1000
	replica.fetch.max.bytes = 1048576
	replica.fetch.min.bytes = 1
	replica.fetch.response.max.bytes = 10485760
	replica.fetch.wait.max.ms = 500
	replica.high.watermark.checkpoint.interval.ms = 5000
	replica.lag.time.max.ms = 30000
	replica.selector.class = null
	replica.socket.receive.buffer.bytes = 65536
	replica.socket.timeout.ms = 30000
	replication.quota.window.num = 11
	replication.quota.window.size.seconds = 1
	request.timeout.ms = 30000
	reserved.broker.max.id = 1000
	sasl.client.callback.handler.class = null
	sasl.enabled.mechanisms = [GSSAPI]
	sasl.jaas.config = null
	sasl.kerberos.kinit.cmd = /usr/bin/kinit
	sasl.kerberos.min.time.before.relogin = 60000
	sasl.kerberos.principal.to.local.rules = [DEFAULT]
	sasl.kerberos.service.name = null
	sasl.kerberos.ticket.renew.jitter = 0.05
	sasl.kerberos.ticket.renew.window.factor = 0.8
	sasl.login.callback.handler.class = null
	sasl.login.class = null
	sasl.login.refresh.buffer.seconds = 300
	sasl.login.refresh.min.period.seconds = 60
	sasl.login.refresh.window.factor = 0.8
	sasl.login.refresh.window.jitter = 0.05
	sasl.mechanism.controller.protocol = GSSAPI
	sasl.mechanism.inter.broker.protocol = GSSAPI
	sasl.server.callback.handler.class = null
	security.inter.broker.protocol = PLAINTEXT
	security.providers = null
	socket.connection.setup.timeout.max.ms = 30000
	socket.connection.setup.timeout.ms = 10000
	socket.receive.buffer.bytes = 102400
	socket.request.max.bytes = 104857600
	socket.send.buffer.bytes = 102400
	ssl.cipher.suites = []
	ssl.client.auth = none
	ssl.enabled.protocols = [TLSv1.2]
	ssl.endpoint.identification.algorithm = https
	ssl.engine.factory.class = null
	ssl.key.password = null
	ssl.keymanager.algorithm = SunX509
	ssl.keystore.certificate.chain = null
	ssl.keystore.key = null
	ssl.keystore.location = null
	ssl.keystore.password = null
	ssl.keystore.type = JKS
	ssl.principal.mapping.rules = DEFAULT
	ssl.protocol = TLSv1.2
	ssl.provider = null
	ssl.secure.random.implementation = null
	ssl.trustmanager.algorithm = PKIX
	ssl.truststore.certificates = null
	ssl.truststore.location = null
	ssl.truststore.password = null
	ssl.truststore.type = JKS
	transaction.abort.timed.out.transaction.cleanup.interval.ms = 10000
	transaction.max.timeout.ms = 900000
	transaction.remove.expired.transaction.cleanup.interval.ms = 3600000
	transaction.state.log.load.buffer.size = 5242880
	transaction.state.log.min.isr = 1
	transaction.state.log.num.partitions = 50
	transaction.state.log.replication.factor = 1
	transaction.state.log.segment.bytes = 104857600
	transactional.id.expiration.ms = 604800000
	unclean.leader.election.enable = false
	zookeeper.clientCnxnSocket = null
	zookeeper.connect = 192.168.2.105:2181
	zookeeper.connection.timeout.ms = 18000
	zookeeper.max.in.flight.requests = 10
	zookeeper.session.timeout.ms = 18000
	zookeeper.set.acl = false
	zookeeper.ssl.cipher.suites = null
	zookeeper.ssl.client.enable = false
	zookeeper.ssl.crl.enable = false
	zookeeper.ssl.enabled.protocols = null
	zookeeper.ssl.endpoint.identification.algorithm = HTTPS
	zookeeper.ssl.keystore.location = null
	zookeeper.ssl.keystore.password = null
	zookeeper.ssl.keystore.type = null
	zookeeper.ssl.ocsp.enable = false
	zookeeper.ssl.protocol = TLSv1.2
	zookeeper.ssl.truststore.location = null
	zookeeper.ssl.truststore.password = null
	zookeeper.ssl.truststore.type = null
	zookeeper.sync.time.ms = 2000
 (kafka.server.KafkaConfig)
[2022-07-06 14:54:44,602] INFO [ThrottledChannelReaper-Fetch]: Starting (kafka.server.ClientQuotaManager$ThrottledChannelReaper)
[2022-07-06 14:54:44,609] INFO [ThrottledChannelReaper-Request]: Starting (kafka.server.ClientQuotaManager$ThrottledChannelReaper)
[2022-07-06 14:54:44,603] INFO [ThrottledChannelReaper-Produce]: Starting (kafka.server.ClientQuotaManager$ThrottledChannelReaper)
[2022-07-06 14:54:44,613] INFO [ThrottledChannelReaper-ControllerMutation]: Starting (kafka.server.ClientQuotaManager$ThrottledChannelReaper)
[2022-07-06 14:54:44,642] INFO Log directory /kafka/kafka-logs-a204fb1109d7 not found, creating it. (kafka.log.LogManager)
[2022-07-06 14:54:44,676] INFO Loading logs from log dirs ArraySeq(/kafka/kafka-logs-a204fb1109d7) (kafka.log.LogManager)
[2022-07-06 14:54:44,705] INFO Attempting recovery for all logs in /kafka/kafka-logs-a204fb1109d7 since no clean shutdown file was found (kafka.log.LogManager)
[2022-07-06 14:54:44,719] INFO Loaded 0 logs in 43ms. (kafka.log.LogManager)
[2022-07-06 14:54:44,724] INFO Starting log cleanup with a period of 300000 ms. (kafka.log.LogManager)
[2022-07-06 14:54:44,749] INFO Starting log flusher with a default period of 9223372036854775807 ms. (kafka.log.LogManager)
[2022-07-06 14:54:48,266] INFO Updated connection-accept-rate max connection creation rate to 2147483647 (kafka.network.ConnectionQuotas)
[2022-07-06 14:54:48,332] INFO Awaiting socket connections on 0.0.0.0:9092. (kafka.network.Acceptor)
[2022-07-06 14:54:48,581] INFO [SocketServer listenerType=ZK_BROKER, nodeId=0] Created data-plane acceptor and processors for endpoint : ListenerName(PLAINTEXT) (kafka.network.SocketServer)
[2022-07-06 14:54:48,820] INFO [broker-0-to-controller-send-thread]: Starting (kafka.server.BrokerToControllerRequestThread)
[2022-07-06 14:54:49,077] INFO [ExpirationReaper-0-Fetch]: Starting (kafka.server.DelayedOperationPurgatory$ExpiredOperationReaper)
[2022-07-06 14:54:49,079] INFO [ExpirationReaper-0-Produce]: Starting (kafka.server.DelayedOperationPurgatory$ExpiredOperationReaper)
[2022-07-06 14:54:49,078] INFO [ExpirationReaper-0-DeleteRecords]: Starting (kafka.server.DelayedOperationPurgatory$ExpiredOperationReaper)
[2022-07-06 14:54:49,114] INFO [ExpirationReaper-0-ElectLeader]: Starting (kafka.server.DelayedOperationPurgatory$ExpiredOperationReaper)
[2022-07-06 14:54:49,258] INFO [LogDirFailureHandler]: Starting (kafka.server.ReplicaManager$LogDirFailureHandler)
[2022-07-06 14:54:49,375] INFO Creating /brokers/ids/0 (is it secure? false) (kafka.zk.KafkaZkClient)
[2022-07-06 14:54:49,694] INFO Stat of the created znode at /brokers/ids/0 is: 67,67,1657119289570,1657119289570,1,0,0,72063294585503746,210,0,67
 (kafka.zk.KafkaZkClient)
[2022-07-06 14:54:49,695] INFO Registered broker 0 at path /brokers/ids/0 with addresses: PLAINTEXT://192.168.2.105:9092, czxid (broker epoch): 67 (kafka.zk.KafkaZkClient)
[2022-07-06 14:54:50,735] INFO [ExpirationReaper-0-topic]: Starting (kafka.server.DelayedOperationPurgatory$ExpiredOperationReaper)
[2022-07-06 14:54:50,786] INFO [ExpirationReaper-0-Heartbeat]: Starting (kafka.server.DelayedOperationPurgatory$ExpiredOperationReaper)
[2022-07-06 14:54:50,827] INFO [ExpirationReaper-0-Rebalance]: Starting (kafka.server.DelayedOperationPurgatory$ExpiredOperationReaper)
[2022-07-06 14:54:50,848] INFO Feature ZK node created at path: /feature (kafka.server.FinalizedFeatureChangeListener)
[2022-07-06 14:54:50,940] INFO [GroupCoordinator 0]: Starting up. (kafka.coordinator.group.GroupCoordinator)
[2022-07-06 14:54:50,957] INFO [GroupCoordinator 0]: Startup complete. (kafka.coordinator.group.GroupCoordinator)
[2022-07-06 14:54:51,011] INFO Updated cache from existing <empty> to latest FinalizedFeaturesAndEpoch(features=Features{}, epoch=0). (kafka.server.FinalizedFeatureCache)
[2022-07-06 14:54:51,564] INFO [ProducerId Manager 0]: Acquired new producerId block (brokerId:0,blockStartProducerId:1000,blockEndProducerId:1999) by writing to Zk with path version 2 (kafka.coordinator.transaction.ProducerIdManager)
[2022-07-06 14:54:51,566] INFO [TransactionCoordinator id=0] Starting up. (kafka.coordinator.transaction.TransactionCoordinator)
[2022-07-06 14:54:51,595] INFO [TransactionCoordinator id=0] Startup complete. (kafka.coordinator.transaction.TransactionCoordinator)
[2022-07-06 14:54:51,598] INFO [Transaction Marker Channel Manager 0]: Starting (kafka.coordinator.transaction.TransactionMarkerChannelManager)
[2022-07-06 14:54:51,868] INFO [ExpirationReaper-0-AlterAcls]: Starting (kafka.server.DelayedOperationPurgatory$ExpiredOperationReaper)
[2022-07-06 14:54:52,465] INFO [/config/changes-event-process-thread]: Starting (kafka.common.ZkNodeChangeNotificationListener$ChangeEventProcessThread)
[2022-07-06 14:54:52,500] INFO [SocketServer listenerType=ZK_BROKER, nodeId=0] Starting socket server acceptors and processors (kafka.network.SocketServer)
[2022-07-06 14:54:52,512] INFO [SocketServer listenerType=ZK_BROKER, nodeId=0] Started data-plane acceptor and processor(s) for endpoint : ListenerName(PLAINTEXT) (kafka.network.SocketServer)
[2022-07-06 14:54:52,513] INFO [SocketServer listenerType=ZK_BROKER, nodeId=0] Started socket server acceptors and processors (kafka.network.SocketServer)
[2022-07-06 14:54:52,519] INFO Kafka version: 2.8.1 (org.apache.kafka.common.utils.AppInfoParser)
[2022-07-06 14:54:52,519] INFO Kafka commitId: 839b886f9b732b15 (org.apache.kafka.common.utils.AppInfoParser)
[2022-07-06 14:54:52,519] INFO Kafka startTimeMs: 1657119292513 (org.apache.kafka.common.utils.AppInfoParser)
[2022-07-06 14:54:52,524] INFO [KafkaServer id=0] started (kafka.server.KafkaServer)
[2022-07-06 14:54:54,020] INFO [broker-0-to-controller-send-thread]: Recorded new controller, from now on will use broker 192.168.2.105:9093 (id: 1 rack: null) (kafka.server.BrokerToControllerRequestThread)
[2022-07-06 14:59:31,755] INFO [ReplicaFetcherManager on broker 0] Removed fetcher for partitions HashSet(__consumer_offsets-30, __consumer_offsets-21, __consumer_offsets-33, __consumer_offsets-36, __consumer_offsets-48, __consumer_offsets-6, __consumer_offsets-0, __consumer_offsets-45, __consumer_offsets-27, __consumer_offsets-9, __consumer_offsets-42, __consumer_offsets-3, __consumer_offsets-18, __consumer_offsets-15, __consumer_offsets-24, __consumer_offsets-39, __consumer_offsets-12) (kafka.server.ReplicaFetcherManager)
[2022-07-06 14:59:32,028] INFO [Log partition=__consumer_offsets-3, dir=/kafka/kafka-logs-a204fb1109d7] Loading producer state till offset 0 with message format version 2 (kafka.log.Log)
[2022-07-06 14:59:32,054] INFO Created log for partition __consumer_offsets-3 in /kafka/kafka-logs-a204fb1109d7/__consumer_offsets-3 with properties {cleanup.policy=compact, compression.type="producer", segment.bytes=104857600} (kafka.log.LogManager)
[2022-07-06 14:59:32,056] INFO [Partition __consumer_offsets-3 broker=0] No checkpointed highwatermark is found for partition __consumer_offsets-3 (kafka.cluster.Partition)
[2022-07-06 14:59:32,058] INFO [Partition __consumer_offsets-3 broker=0] Log loaded for partition __consumer_offsets-3 with initial high watermark 0 (kafka.cluster.Partition)
[2022-07-06 14:59:32,077] INFO [Log partition=__consumer_offsets-18, dir=/kafka/kafka-logs-a204fb1109d7] Loading producer state till offset 0 with message format version 2 (kafka.log.Log)
[2022-07-06 14:59:32,078] INFO Created log for partition __consumer_offsets-18 in /kafka/kafka-logs-a204fb1109d7/__consumer_offsets-18 with properties {cleanup.policy=compact, compression.type="producer", segment.bytes=104857600} (kafka.log.LogManager)
[2022-07-06 14:59:32,078] INFO [Partition __consumer_offsets-18 broker=0] No checkpointed highwatermark is found for partition __consumer_offsets-18 (kafka.cluster.Partition)
[2022-07-06 14:59:32,079] INFO [Partition __consumer_offsets-18 broker=0] Log loaded for partition __consumer_offsets-18 with initial high watermark 0 (kafka.cluster.Partition)
[2022-07-06 14:59:32,091] INFO [Log partition=__consumer_offsets-39, dir=/kafka/kafka-logs-a204fb1109d7] Loading producer state till offset 0 with message format version 2 (kafka.log.Log)
[2022-07-06 14:59:32,092] INFO Created log for partition __consumer_offsets-39 in /kafka/kafka-logs-a204fb1109d7/__consumer_offsets-39 with properties {cleanup.policy=compact, compression.type="producer", segment.bytes=104857600} (kafka.log.LogManager)
[2022-07-06 14:59:32,092] INFO [Partition __consumer_offsets-39 broker=0] No checkpointed highwatermark is found for partition __consumer_offsets-39 (kafka.cluster.Partition)
[2022-07-06 14:59:32,092] INFO [Partition __consumer_offsets-39 broker=0] Log loaded for partition __consumer_offsets-39 with initial high watermark 0 (kafka.cluster.Partition)
[2022-07-06 14:59:32,100] INFO [Log partition=__consumer_offsets-9, dir=/kafka/kafka-logs-a204fb1109d7] Loading producer state till offset 0 with message format version 2 (kafka.log.Log)
[2022-07-06 14:59:32,101] INFO Created log for partition __consumer_offsets-9 in /kafka/kafka-logs-a204fb1109d7/__consumer_offsets-9 with properties {cleanup.policy=compact, compression.type="producer", segment.bytes=104857600} (kafka.log.LogManager)
[2022-07-06 14:59:32,101] INFO [Partition __consumer_offsets-9 broker=0] No checkpointed highwatermark is found for partition __consumer_offsets-9 (kafka.cluster.Partition)
[2022-07-06 14:59:32,101] INFO [Partition __consumer_offsets-9 broker=0] Log loaded for partition __consumer_offsets-9 with initial high watermark 0 (kafka.cluster.Partition)
[2022-07-06 14:59:32,109] INFO [Log partition=__consumer_offsets-24, dir=/kafka/kafka-logs-a204fb1109d7] Loading producer state till offset 0 with message format version 2 (kafka.log.Log)
[2022-07-06 14:59:32,111] INFO Created log for partition __consumer_offsets-24 in /kafka/kafka-logs-a204fb1109d7/__consumer_offsets-24 with properties {cleanup.policy=compact, compression.type="producer", segment.bytes=104857600} (kafka.log.LogManager)
[2022-07-06 14:59:32,112] INFO [Partition __consumer_offsets-24 broker=0] No checkpointed highwatermark is found for partition __consumer_offsets-24 (kafka.cluster.Partition)
[2022-07-06 14:59:32,112] INFO [Partition __consumer_offsets-24 broker=0] Log loaded for partition __consumer_offsets-24 with initial high watermark 0 (kafka.cluster.Partition)
[2022-07-06 14:59:32,133] INFO [Log partition=__consumer_offsets-27, dir=/kafka/kafka-logs-a204fb1109d7] Loading producer state till offset 0 with message format version 2 (kafka.log.Log)
[2022-07-06 14:59:32,135] INFO Created log for partition __consumer_offsets-27 in /kafka/kafka-logs-a204fb1109d7/__consumer_offsets-27 with properties {cleanup.policy=compact, compression.type="producer", segment.bytes=104857600} (kafka.log.LogManager)
[2022-07-06 14:59:32,135] INFO [Partition __consumer_offsets-27 broker=0] No checkpointed highwatermark is found for partition __consumer_offsets-27 (kafka.cluster.Partition)
[2022-07-06 14:59:32,135] INFO [Partition __consumer_offsets-27 broker=0] Log loaded for partition __consumer_offsets-27 with initial high watermark 0 (kafka.cluster.Partition)
[2022-07-06 14:59:32,142] INFO [Log partition=__consumer_offsets-42, dir=/kafka/kafka-logs-a204fb1109d7] Loading producer state till offset 0 with message format version 2 (kafka.log.Log)
[2022-07-06 14:59:32,143] INFO Created log for partition __consumer_offsets-42 in /kafka/kafka-logs-a204fb1109d7/__consumer_offsets-42 with properties {cleanup.policy=compact, compression.type="producer", segment.bytes=104857600} (kafka.log.LogManager)
[2022-07-06 14:59:32,144] INFO [Partition __consumer_offsets-42 broker=0] No checkpointed highwatermark is found for partition __consumer_offsets-42 (kafka.cluster.Partition)
[2022-07-06 14:59:32,144] INFO [Partition __consumer_offsets-42 broker=0] Log loaded for partition __consumer_offsets-42 with initial high watermark 0 (kafka.cluster.Partition)
[2022-07-06 14:59:32,152] INFO [Log partition=__consumer_offsets-12, dir=/kafka/kafka-logs-a204fb1109d7] Loading producer state till offset 0 with message format version 2 (kafka.log.Log)
[2022-07-06 14:59:32,153] INFO Created log for partition __consumer_offsets-12 in /kafka/kafka-logs-a204fb1109d7/__consumer_offsets-12 with properties {cleanup.policy=compact, compression.type="producer", segment.bytes=104857600} (kafka.log.LogManager)
[2022-07-06 14:59:32,153] INFO [Partition __consumer_offsets-12 broker=0] No checkpointed highwatermark is found for partition __consumer_offsets-12 (kafka.cluster.Partition)
[2022-07-06 14:59:32,153] INFO [Partition __consumer_offsets-12 broker=0] Log loaded for partition __consumer_offsets-12 with initial high watermark 0 (kafka.cluster.Partition)
[2022-07-06 14:59:32,161] INFO [Log partition=__consumer_offsets-33, dir=/kafka/kafka-logs-a204fb1109d7] Loading producer state till offset 0 with message format version 2 (kafka.log.Log)
[2022-07-06 14:59:32,163] INFO Created log for partition __consumer_offsets-33 in /kafka/kafka-logs-a204fb1109d7/__consumer_offsets-33 with properties {cleanup.policy=compact, compression.type="producer", segment.bytes=104857600} (kafka.log.LogManager)
[2022-07-06 14:59:32,163] INFO [Partition __consumer_offsets-33 broker=0] No checkpointed highwatermark is found for partition __consumer_offsets-33 (kafka.cluster.Partition)
[2022-07-06 14:59:32,163] INFO [Partition __consumer_offsets-33 broker=0] Log loaded for partition __consumer_offsets-33 with initial high watermark 0 (kafka.cluster.Partition)
[2022-07-06 14:59:32,182] INFO [Log partition=__consumer_offsets-48, dir=/kafka/kafka-logs-a204fb1109d7] Loading producer state till offset 0 with message format version 2 (kafka.log.Log)
[2022-07-06 14:59:32,183] INFO Created log for partition __consumer_offsets-48 in /kafka/kafka-logs-a204fb1109d7/__consumer_offsets-48 with properties {cleanup.policy=compact, compression.type="producer", segment.bytes=104857600} (kafka.log.LogManager)
[2022-07-06 14:59:32,184] INFO [Partition __consumer_offsets-48 broker=0] No checkpointed highwatermark is found for partition __consumer_offsets-48 (kafka.cluster.Partition)
[2022-07-06 14:59:32,184] INFO [Partition __consumer_offsets-48 broker=0] Log loaded for partition __consumer_offsets-48 with initial high watermark 0 (kafka.cluster.Partition)
[2022-07-06 14:59:32,193] INFO [Log partition=__consumer_offsets-21, dir=/kafka/kafka-logs-a204fb1109d7] Loading producer state till offset 0 with message format version 2 (kafka.log.Log)
[2022-07-06 14:59:32,195] INFO Created log for partition __consumer_offsets-21 in /kafka/kafka-logs-a204fb1109d7/__consumer_offsets-21 with properties {cleanup.policy=compact, compression.type="producer", segment.bytes=104857600} (kafka.log.LogManager)
[2022-07-06 14:59:32,195] INFO [Partition __consumer_offsets-21 broker=0] No checkpointed highwatermark is found for partition __consumer_offsets-21 (kafka.cluster.Partition)
[2022-07-06 14:59:32,195] INFO [Partition __consumer_offsets-21 broker=0] Log loaded for partition __consumer_offsets-21 with initial high watermark 0 (kafka.cluster.Partition)
[2022-07-06 14:59:32,201] INFO [Log partition=__consumer_offsets-36, dir=/kafka/kafka-logs-a204fb1109d7] Loading producer state till offset 0 with message format version 2 (kafka.log.Log)
[2022-07-06 14:59:32,203] INFO Created log for partition __consumer_offsets-36 in /kafka/kafka-logs-a204fb1109d7/__consumer_offsets-36 with properties {cleanup.policy=compact, compression.type="producer", segment.bytes=104857600} (kafka.log.LogManager)
[2022-07-06 14:59:32,203] INFO [Partition __consumer_offsets-36 broker=0] No checkpointed highwatermark is found for partition __consumer_offsets-36 (kafka.cluster.Partition)
[2022-07-06 14:59:32,203] INFO [Partition __consumer_offsets-36 broker=0] Log loaded for partition __consumer_offsets-36 with initial high watermark 0 (kafka.cluster.Partition)
[2022-07-06 14:59:32,217] INFO [Log partition=__consumer_offsets-6, dir=/kafka/kafka-logs-a204fb1109d7] Loading producer state till offset 0 with message format version 2 (kafka.log.Log)
[2022-07-06 14:59:32,218] INFO Created log for partition __consumer_offsets-6 in /kafka/kafka-logs-a204fb1109d7/__consumer_offsets-6 with properties {cleanup.policy=compact, compression.type="producer", segment.bytes=104857600} (kafka.log.LogManager)
[2022-07-06 14:59:32,218] INFO [Partition __consumer_offsets-6 broker=0] No checkpointed highwatermark is found for partition __consumer_offsets-6 (kafka.cluster.Partition)
[2022-07-06 14:59:32,218] INFO [Partition __consumer_offsets-6 broker=0] Log loaded for partition __consumer_offsets-6 with initial high watermark 0 (kafka.cluster.Partition)
[2022-07-06 14:59:32,225] INFO [Log partition=__consumer_offsets-45, dir=/kafka/kafka-logs-a204fb1109d7] Loading producer state till offset 0 with message format version 2 (kafka.log.Log)
[2022-07-06 14:59:32,226] INFO Created log for partition __consumer_offsets-45 in /kafka/kafka-logs-a204fb1109d7/__consumer_offsets-45 with properties {cleanup.policy=compact, compression.type="producer", segment.bytes=104857600} (kafka.log.LogManager)
[2022-07-06 14:59:32,227] INFO [Partition __consumer_offsets-45 broker=0] No checkpointed highwatermark is found for partition __consumer_offsets-45 (kafka.cluster.Partition)
[2022-07-06 14:59:32,227] INFO [Partition __consumer_offsets-45 broker=0] Log loaded for partition __consumer_offsets-45 with initial high watermark 0 (kafka.cluster.Partition)
[2022-07-06 14:59:32,232] INFO [Log partition=__consumer_offsets-15, dir=/kafka/kafka-logs-a204fb1109d7] Loading producer state till offset 0 with message format version 2 (kafka.log.Log)
[2022-07-06 14:59:32,234] INFO Created log for partition __consumer_offsets-15 in /kafka/kafka-logs-a204fb1109d7/__consumer_offsets-15 with properties {cleanup.policy=compact, compression.type="producer", segment.bytes=104857600} (kafka.log.LogManager)
[2022-07-06 14:59:32,234] INFO [Partition __consumer_offsets-15 broker=0] No checkpointed highwatermark is found for partition __consumer_offsets-15 (kafka.cluster.Partition)
[2022-07-06 14:59:32,234] INFO [Partition __consumer_offsets-15 broker=0] Log loaded for partition __consumer_offsets-15 with initial high watermark 0 (kafka.cluster.Partition)
[2022-07-06 14:59:32,242] INFO [Log partition=__consumer_offsets-30, dir=/kafka/kafka-logs-a204fb1109d7] Loading producer state till offset 0 with message format version 2 (kafka.log.Log)
[2022-07-06 14:59:32,243] INFO Created log for partition __consumer_offsets-30 in /kafka/kafka-logs-a204fb1109d7/__consumer_offsets-30 with properties {cleanup.policy=compact, compression.type="producer", segment.bytes=104857600} (kafka.log.LogManager)
[2022-07-06 14:59:32,243] INFO [Partition __consumer_offsets-30 broker=0] No checkpointed highwatermark is found for partition __consumer_offsets-30 (kafka.cluster.Partition)
[2022-07-06 14:59:32,243] INFO [Partition __consumer_offsets-30 broker=0] Log loaded for partition __consumer_offsets-30 with initial high watermark 0 (kafka.cluster.Partition)
[2022-07-06 14:59:32,249] INFO [Log partition=__consumer_offsets-0, dir=/kafka/kafka-logs-a204fb1109d7] Loading producer state till offset 0 with message format version 2 (kafka.log.Log)
[2022-07-06 14:59:32,250] INFO Created log for partition __consumer_offsets-0 in /kafka/kafka-logs-a204fb1109d7/__consumer_offsets-0 with properties {cleanup.policy=compact, compression.type="producer", segment.bytes=104857600} (kafka.log.LogManager)
[2022-07-06 14:59:32,250] INFO [Partition __consumer_offsets-0 broker=0] No checkpointed highwatermark is found for partition __consumer_offsets-0 (kafka.cluster.Partition)
[2022-07-06 14:59:32,250] INFO [Partition __consumer_offsets-0 broker=0] Log loaded for partition __consumer_offsets-0 with initial high watermark 0 (kafka.cluster.Partition)
[2022-07-06 14:59:32,266] INFO [GroupCoordinator 0]: Elected as the group coordinator for partition 3 in epoch 0 (kafka.coordinator.group.GroupCoordinator)
[2022-07-06 14:59:32,270] INFO [GroupMetadataManager brokerId=0] Scheduling loading of offsets and group metadata from __consumer_offsets-3 for epoch 0 (kafka.coordinator.group.GroupMetadataManager)
[2022-07-06 14:59:32,276] INFO [GroupCoordinator 0]: Elected as the group coordinator for partition 18 in epoch 0 (kafka.coordinator.group.GroupCoordinator)
[2022-07-06 14:59:32,276] INFO [GroupMetadataManager brokerId=0] Scheduling loading of offsets and group metadata from __consumer_offsets-18 for epoch 0 (kafka.coordinator.group.GroupMetadataManager)
[2022-07-06 14:59:32,276] INFO [GroupCoordinator 0]: Elected as the group coordinator for partition 39 in epoch 0 (kafka.coordinator.group.GroupCoordinator)
[2022-07-06 14:59:32,276] INFO [GroupMetadataManager brokerId=0] Scheduling loading of offsets and group metadata from __consumer_offsets-39 for epoch 0 (kafka.coordinator.group.GroupMetadataManager)
[2022-07-06 14:59:32,276] INFO [GroupCoordinator 0]: Elected as the group coordinator for partition 9 in epoch 0 (kafka.coordinator.group.GroupCoordinator)
[2022-07-06 14:59:32,276] INFO [GroupMetadataManager brokerId=0] Scheduling loading of offsets and group metadata from __consumer_offsets-9 for epoch 0 (kafka.coordinator.group.GroupMetadataManager)
[2022-07-06 14:59:32,276] INFO [GroupCoordinator 0]: Elected as the group coordinator for partition 24 in epoch 0 (kafka.coordinator.group.GroupCoordinator)
[2022-07-06 14:59:32,276] INFO [GroupMetadataManager brokerId=0] Scheduling loading of offsets and group metadata from __consumer_offsets-24 for epoch 0 (kafka.coordinator.group.GroupMetadataManager)
[2022-07-06 14:59:32,277] INFO [GroupCoordinator 0]: Elected as the group coordinator for partition 27 in epoch 0 (kafka.coordinator.group.GroupCoordinator)
[2022-07-06 14:59:32,277] INFO [GroupMetadataManager brokerId=0] Scheduling loading of offsets and group metadata from __consumer_offsets-27 for epoch 0 (kafka.coordinator.group.GroupMetadataManager)
[2022-07-06 14:59:32,277] INFO [GroupCoordinator 0]: Elected as the group coordinator for partition 42 in epoch 0 (kafka.coordinator.group.GroupCoordinator)
[2022-07-06 14:59:32,277] INFO [GroupMetadataManager brokerId=0] Scheduling loading of offsets and group metadata from __consumer_offsets-42 for epoch 0 (kafka.coordinator.group.GroupMetadataManager)
[2022-07-06 14:59:32,277] INFO [GroupCoordinator 0]: Elected as the group coordinator for partition 12 in epoch 0 (kafka.coordinator.group.GroupCoordinator)
[2022-07-06 14:59:32,277] INFO [GroupMetadataManager brokerId=0] Scheduling loading of offsets and group metadata from __consumer_offsets-12 for epoch 0 (kafka.coordinator.group.GroupMetadataManager)
[2022-07-06 14:59:32,277] INFO [GroupCoordinator 0]: Elected as the group coordinator for partition 33 in epoch 0 (kafka.coordinator.group.GroupCoordinator)
[2022-07-06 14:59:32,277] INFO [GroupMetadataManager brokerId=0] Scheduling loading of offsets and group metadata from __consumer_offsets-33 for epoch 0 (kafka.coordinator.group.GroupMetadataManager)
[2022-07-06 14:59:32,277] INFO [GroupCoordinator 0]: Elected as the group coordinator for partition 48 in epoch 0 (kafka.coordinator.group.GroupCoordinator)
[2022-07-06 14:59:32,277] INFO [GroupMetadataManager brokerId=0] Scheduling loading of offsets and group metadata from __consumer_offsets-48 for epoch 0 (kafka.coordinator.group.GroupMetadataManager)
[2022-07-06 14:59:32,282] INFO [GroupCoordinator 0]: Elected as the group coordinator for partition 21 in epoch 0 (kafka.coordinator.group.GroupCoordinator)
[2022-07-06 14:59:32,282] INFO [GroupMetadataManager brokerId=0] Scheduling loading of offsets and group metadata from __consumer_offsets-21 for epoch 0 (kafka.coordinator.group.GroupMetadataManager)
[2022-07-06 14:59:32,282] INFO [GroupCoordinator 0]: Elected as the group coordinator for partition 36 in epoch 0 (kafka.coordinator.group.GroupCoordinator)
[2022-07-06 14:59:32,282] INFO [GroupMetadataManager brokerId=0] Scheduling loading of offsets and group metadata from __consumer_offsets-36 for epoch 0 (kafka.coordinator.group.GroupMetadataManager)
[2022-07-06 14:59:32,282] INFO [GroupCoordinator 0]: Elected as the group coordinator for partition 6 in epoch 0 (kafka.coordinator.group.GroupCoordinator)
[2022-07-06 14:59:32,282] INFO [GroupMetadataManager brokerId=0] Scheduling loading of offsets and group metadata from __consumer_offsets-6 for epoch 0 (kafka.coordinator.group.GroupMetadataManager)
[2022-07-06 14:59:32,282] INFO [GroupCoordinator 0]: Elected as the group coordinator for partition 45 in epoch 0 (kafka.coordinator.group.GroupCoordinator)
[2022-07-06 14:59:32,282] INFO [GroupMetadataManager brokerId=0] Scheduling loading of offsets and group metadata from __consumer_offsets-45 for epoch 0 (kafka.coordinator.group.GroupMetadataManager)
[2022-07-06 14:59:32,282] INFO [GroupCoordinator 0]: Elected as the group coordinator for partition 15 in epoch 0 (kafka.coordinator.group.GroupCoordinator)
[2022-07-06 14:59:32,283] INFO [GroupMetadataManager brokerId=0] Scheduling loading of offsets and group metadata from __consumer_offsets-15 for epoch 0 (kafka.coordinator.group.GroupMetadataManager)
[2022-07-06 14:59:32,283] INFO [GroupCoordinator 0]: Elected as the group coordinator for partition 30 in epoch 0 (kafka.coordinator.group.GroupCoordinator)
[2022-07-06 14:59:32,283] INFO [GroupMetadataManager brokerId=0] Scheduling loading of offsets and group metadata from __consumer_offsets-30 for epoch 0 (kafka.coordinator.group.GroupMetadataManager)
[2022-07-06 14:59:32,283] INFO [GroupCoordinator 0]: Elected as the group coordinator for partition 0 in epoch 0 (kafka.coordinator.group.GroupCoordinator)
[2022-07-06 14:59:32,283] INFO [GroupMetadataManager brokerId=0] Scheduling loading of offsets and group metadata from __consumer_offsets-0 for epoch 0 (kafka.coordinator.group.GroupMetadataManager)
[2022-07-06 14:59:32,301] INFO [GroupMetadataManager brokerId=0] Finished loading offsets and group metadata from __consumer_offsets-3 in 19 milliseconds for epoch 0, of which 10 milliseconds was spent in the scheduler. (kafka.coordinator.group.GroupMetadataManager)
[2022-07-06 14:59:32,305] INFO [GroupMetadataManager brokerId=0] Finished loading offsets and group metadata from __consumer_offsets-18 in 29 milliseconds for epoch 0, of which 29 milliseconds was spent in the scheduler. (kafka.coordinator.group.GroupMetadataManager)
[2022-07-06 14:59:32,306] INFO [GroupMetadataManager brokerId=0] Finished loading offsets and group metadata from __consumer_offsets-39 in 30 milliseconds for epoch 0, of which 30 milliseconds was spent in the scheduler. (kafka.coordinator.group.GroupMetadataManager)
[2022-07-06 14:59:32,306] INFO [GroupMetadataManager brokerId=0] Finished loading offsets and group metadata from __consumer_offsets-9 in 30 milliseconds for epoch 0, of which 30 milliseconds was spent in the scheduler. (kafka.coordinator.group.GroupMetadataManager)
[2022-07-06 14:59:32,307] INFO [GroupMetadataManager brokerId=0] Finished loading offsets and group metadata from __consumer_offsets-24 in 31 milliseconds for epoch 0, of which 30 milliseconds was spent in the scheduler. (kafka.coordinator.group.GroupMetadataManager)
[2022-07-06 14:59:32,308] INFO [GroupMetadataManager brokerId=0] Finished loading offsets and group metadata from __consumer_offsets-27 in 31 milliseconds for epoch 0, of which 30 milliseconds was spent in the scheduler. (kafka.coordinator.group.GroupMetadataManager)
[2022-07-06 14:59:32,308] INFO [GroupMetadataManager brokerId=0] Finished loading offsets and group metadata from __consumer_offsets-42 in 31 milliseconds for epoch 0, of which 31 milliseconds was spent in the scheduler. (kafka.coordinator.group.GroupMetadataManager)
[2022-07-06 14:59:32,309] INFO [GroupMetadataManager brokerId=0] Finished loading offsets and group metadata from __consumer_offsets-12 in 32 milliseconds for epoch 0, of which 32 milliseconds was spent in the scheduler. (kafka.coordinator.group.GroupMetadataManager)
[2022-07-06 14:59:32,309] INFO [GroupMetadataManager brokerId=0] Finished loading offsets and group metadata from __consumer_offsets-33 in 32 milliseconds for epoch 0, of which 32 milliseconds was spent in the scheduler. (kafka.coordinator.group.GroupMetadataManager)
[2022-07-06 14:59:32,309] INFO [GroupMetadataManager brokerId=0] Finished loading offsets and group metadata from __consumer_offsets-48 in 32 milliseconds for epoch 0, of which 32 milliseconds was spent in the scheduler. (kafka.coordinator.group.GroupMetadataManager)
[2022-07-06 14:59:32,310] INFO [GroupMetadataManager brokerId=0] Finished loading offsets and group metadata from __consumer_offsets-21 in 28 milliseconds for epoch 0, of which 27 milliseconds was spent in the scheduler. (kafka.coordinator.group.GroupMetadataManager)
[2022-07-06 14:59:32,310] INFO [GroupMetadataManager brokerId=0] Finished loading offsets and group metadata from __consumer_offsets-36 in 28 milliseconds for epoch 0, of which 28 milliseconds was spent in the scheduler. (kafka.coordinator.group.GroupMetadataManager)
[2022-07-06 14:59:32,311] INFO [GroupMetadataManager brokerId=0] Finished loading offsets and group metadata from __consumer_offsets-6 in 29 milliseconds for epoch 0, of which 28 milliseconds was spent in the scheduler. (kafka.coordinator.group.GroupMetadataManager)
[2022-07-06 14:59:32,311] INFO [GroupMetadataManager brokerId=0] Finished loading offsets and group metadata from __consumer_offsets-45 in 29 milliseconds for epoch 0, of which 29 milliseconds was spent in the scheduler. (kafka.coordinator.group.GroupMetadataManager)
[2022-07-06 14:59:32,311] INFO [GroupMetadataManager brokerId=0] Finished loading offsets and group metadata from __consumer_offsets-15 in 28 milliseconds for epoch 0, of which 28 milliseconds was spent in the scheduler. (kafka.coordinator.group.GroupMetadataManager)
[2022-07-06 14:59:32,312] INFO [GroupMetadataManager brokerId=0] Finished loading offsets and group metadata from __consumer_offsets-30 in 29 milliseconds for epoch 0, of which 28 milliseconds was spent in the scheduler. (kafka.coordinator.group.GroupMetadataManager)
[2022-07-06 14:59:32,312] INFO [GroupMetadataManager brokerId=0] Finished loading offsets and group metadata from __consumer_offsets-0 in 29 milliseconds for epoch 0, of which 29 milliseconds was spent in the scheduler. (kafka.coordinator.group.GroupMetadataManager)
