[2022-07-06 16:24:42,759] INFO [Broker id=2] Add 50 partitions and deleted 0 partitions from metadata cache in response to UpdateMetadata request sent by controller 1 epoch 1 with correlation id 0 (state.change.logger)
[2022-07-06 16:24:44,127] INFO [Broker id=2] Handling LeaderAndIsr request correlationId 1 from controller 1 for 17 partitions (state.change.logger)
[2022-07-06 16:24:45,127] ERROR [Broker id=2] Received LeaderAndIsrRequest with correlation id 1 from controller 1 epoch 1 for partition __consumer_offsets-37 (last update controller epoch 1) but cannot become follower since the new leader -1 is unavailable. (state.change.logger)
[2022-07-06 16:24:45,175] ERROR [Broker id=2] Received LeaderAndIsrRequest with correlation id 1 from controller 1 epoch 1 for partition __consumer_offsets-7 (last update controller epoch 1) but cannot become follower since the new leader -1 is unavailable. (state.change.logger)
[2022-07-06 16:24:45,175] ERROR [Broker id=2] Received LeaderAndIsrRequest with correlation id 1 from controller 1 epoch 1 for partition __consumer_offsets-22 (last update controller epoch 1) but cannot become follower since the new leader -1 is unavailable. (state.change.logger)
[2022-07-06 16:24:45,175] ERROR [Broker id=2] Received LeaderAndIsrRequest with correlation id 1 from controller 1 epoch 1 for partition __consumer_offsets-10 (last update controller epoch 1) but cannot become follower since the new leader -1 is unavailable. (state.change.logger)
[2022-07-06 16:24:45,175] ERROR [Broker id=2] Received LeaderAndIsrRequest with correlation id 1 from controller 1 epoch 1 for partition __consumer_offsets-31 (last update controller epoch 1) but cannot become follower since the new leader -1 is unavailable. (state.change.logger)
[2022-07-06 16:24:45,175] ERROR [Broker id=2] Received LeaderAndIsrRequest with correlation id 1 from controller 1 epoch 1 for partition __consumer_offsets-46 (last update controller epoch 1) but cannot become follower since the new leader -1 is unavailable. (state.change.logger)
[2022-07-06 16:24:45,175] ERROR [Broker id=2] Received LeaderAndIsrRequest with correlation id 1 from controller 1 epoch 1 for partition __consumer_offsets-1 (last update controller epoch 1) but cannot become follower since the new leader -1 is unavailable. (state.change.logger)
[2022-07-06 16:24:45,175] ERROR [Broker id=2] Received LeaderAndIsrRequest with correlation id 1 from controller 1 epoch 1 for partition __consumer_offsets-16 (last update controller epoch 1) but cannot become follower since the new leader -1 is unavailable. (state.change.logger)
[2022-07-06 16:24:45,175] ERROR [Broker id=2] Received LeaderAndIsrRequest with correlation id 1 from controller 1 epoch 1 for partition __consumer_offsets-19 (last update controller epoch 1) but cannot become follower since the new leader -1 is unavailable. (state.change.logger)
[2022-07-06 16:24:45,175] ERROR [Broker id=2] Received LeaderAndIsrRequest with correlation id 1 from controller 1 epoch 1 for partition __consumer_offsets-34 (last update controller epoch 1) but cannot become follower since the new leader -1 is unavailable. (state.change.logger)
[2022-07-06 16:24:45,175] ERROR [Broker id=2] Received LeaderAndIsrRequest with correlation id 1 from controller 1 epoch 1 for partition __consumer_offsets-4 (last update controller epoch 1) but cannot become follower since the new leader -1 is unavailable. (state.change.logger)
[2022-07-06 16:24:45,175] ERROR [Broker id=2] Received LeaderAndIsrRequest with correlation id 1 from controller 1 epoch 1 for partition __consumer_offsets-25 (last update controller epoch 1) but cannot become follower since the new leader -1 is unavailable. (state.change.logger)
[2022-07-06 16:24:45,175] ERROR [Broker id=2] Received LeaderAndIsrRequest with correlation id 1 from controller 1 epoch 1 for partition __consumer_offsets-40 (last update controller epoch 1) but cannot become follower since the new leader -1 is unavailable. (state.change.logger)
[2022-07-06 16:24:45,176] ERROR [Broker id=2] Received LeaderAndIsrRequest with correlation id 1 from controller 1 epoch 1 for partition __consumer_offsets-43 (last update controller epoch 1) but cannot become follower since the new leader -1 is unavailable. (state.change.logger)
[2022-07-06 16:24:45,176] ERROR [Broker id=2] Received LeaderAndIsrRequest with correlation id 1 from controller 1 epoch 1 for partition __consumer_offsets-13 (last update controller epoch 1) but cannot become follower since the new leader -1 is unavailable. (state.change.logger)
[2022-07-06 16:24:45,176] ERROR [Broker id=2] Received LeaderAndIsrRequest with correlation id 1 from controller 1 epoch 1 for partition __consumer_offsets-28 (last update controller epoch 1) but cannot become follower since the new leader -1 is unavailable. (state.change.logger)
[2022-07-06 16:24:45,176] ERROR [Broker id=2] Received LeaderAndIsrRequest with correlation id 1 from controller 1 epoch 1 for partition __consumer_offsets-49 (last update controller epoch 1) but cannot become follower since the new leader -1 is unavailable. (state.change.logger)
[2022-07-06 16:24:46,539] INFO [Broker id=2] Stopped fetchers as part of become-follower request from controller 1 epoch 1 with correlation id 1 for 0 partitions (state.change.logger)
[2022-07-06 16:24:49,048] INFO [Broker id=2] Finished LeaderAndIsr request in 4921ms correlationId 1 from controller 1 for 17 partitions (state.change.logger)
[2022-07-06 16:24:49,094] INFO [Broker id=2] Add 17 partitions and deleted 0 partitions from metadata cache in response to UpdateMetadata request sent by controller 1 epoch 1 with correlation id 2 (state.change.logger)
[2022-07-06 16:24:49,095] INFO [Broker id=2] Handling LeaderAndIsr request correlationId 3 from controller 1 for 17 partitions (state.change.logger)
[2022-07-06 16:24:49,096] INFO [Broker id=2] Stopped fetchers as part of LeaderAndIsr request correlationId 3 from controller 1 epoch 1 as part of the become-leader transition for 17 partitions (state.change.logger)
[2022-07-06 16:24:49,117] INFO [Broker id=2] Leader __consumer_offsets-37 starts at leader epoch 2 from offset 0 with high watermark 0 ISR [2] addingReplicas [] removingReplicas []. Previous leader epoch was 0. (state.change.logger)
[2022-07-06 16:24:49,796] INFO [Broker id=2] Skipped the become-leader state change after marking its partition as leader with correlation id 3 from controller 1 epoch 1 for partition __consumer_offsets-37 (last update controller epoch 1) since it is already the leader for the partition. (state.change.logger)
[2022-07-06 16:24:49,796] INFO [Broker id=2] Leader __consumer_offsets-7 starts at leader epoch 2 from offset 0 with high watermark 0 ISR [2] addingReplicas [] removingReplicas []. Previous leader epoch was 0. (state.change.logger)
[2022-07-06 16:24:50,044] INFO [Broker id=2] Skipped the become-leader state change after marking its partition as leader with correlation id 3 from controller 1 epoch 1 for partition __consumer_offsets-7 (last update controller epoch 1) since it is already the leader for the partition. (state.change.logger)
[2022-07-06 16:24:50,044] INFO [Broker id=2] Leader __consumer_offsets-22 starts at leader epoch 2 from offset 3 with high watermark 3 ISR [2] addingReplicas [] removingReplicas []. Previous leader epoch was 0. (state.change.logger)
[2022-07-06 16:24:50,210] INFO [Broker id=2] Skipped the become-leader state change after marking its partition as leader with correlation id 3 from controller 1 epoch 1 for partition __consumer_offsets-22 (last update controller epoch 1) since it is already the leader for the partition. (state.change.logger)
[2022-07-06 16:24:50,210] INFO [Broker id=2] Leader __consumer_offsets-10 starts at leader epoch 2 from offset 0 with high watermark 0 ISR [2] addingReplicas [] removingReplicas []. Previous leader epoch was 0. (state.change.logger)
[2022-07-06 16:24:50,322] INFO [Broker id=2] Skipped the become-leader state change after marking its partition as leader with correlation id 3 from controller 1 epoch 1 for partition __consumer_offsets-10 (last update controller epoch 1) since it is already the leader for the partition. (state.change.logger)
[2022-07-06 16:24:50,322] INFO [Broker id=2] Leader __consumer_offsets-31 starts at leader epoch 2 from offset 0 with high watermark 0 ISR [2] addingReplicas [] removingReplicas []. Previous leader epoch was 0. (state.change.logger)
[2022-07-06 16:24:50,452] INFO [Broker id=2] Skipped the become-leader state change after marking its partition as leader with correlation id 3 from controller 1 epoch 1 for partition __consumer_offsets-31 (last update controller epoch 1) since it is already the leader for the partition. (state.change.logger)
[2022-07-06 16:24:50,453] INFO [Broker id=2] Leader __consumer_offsets-46 starts at leader epoch 2 from offset 0 with high watermark 0 ISR [2] addingReplicas [] removingReplicas []. Previous leader epoch was 0. (state.change.logger)
[2022-07-06 16:24:50,605] INFO [Broker id=2] Skipped the become-leader state change after marking its partition as leader with correlation id 3 from controller 1 epoch 1 for partition __consumer_offsets-46 (last update controller epoch 1) since it is already the leader for the partition. (state.change.logger)
[2022-07-06 16:24:50,605] INFO [Broker id=2] Leader __consumer_offsets-1 starts at leader epoch 2 from offset 0 with high watermark 0 ISR [2] addingReplicas [] removingReplicas []. Previous leader epoch was 0. (state.change.logger)
[2022-07-06 16:24:50,754] INFO [Broker id=2] Skipped the become-leader state change after marking its partition as leader with correlation id 3 from controller 1 epoch 1 for partition __consumer_offsets-1 (last update controller epoch 1) since it is already the leader for the partition. (state.change.logger)
[2022-07-06 16:24:50,754] INFO [Broker id=2] Leader __consumer_offsets-16 starts at leader epoch 2 from offset 0 with high watermark 0 ISR [2] addingReplicas [] removingReplicas []. Previous leader epoch was 0. (state.change.logger)
[2022-07-06 16:24:50,868] INFO [Broker id=2] Skipped the become-leader state change after marking its partition as leader with correlation id 3 from controller 1 epoch 1 for partition __consumer_offsets-16 (last update controller epoch 1) since it is already the leader for the partition. (state.change.logger)
[2022-07-06 16:24:50,869] INFO [Broker id=2] Leader __consumer_offsets-19 starts at leader epoch 2 from offset 0 with high watermark 0 ISR [2] addingReplicas [] removingReplicas []. Previous leader epoch was 0. (state.change.logger)
[2022-07-06 16:24:51,006] INFO [Broker id=2] Skipped the become-leader state change after marking its partition as leader with correlation id 3 from controller 1 epoch 1 for partition __consumer_offsets-19 (last update controller epoch 1) since it is already the leader for the partition. (state.change.logger)
[2022-07-06 16:24:51,006] INFO [Broker id=2] Leader __consumer_offsets-34 starts at leader epoch 2 from offset 0 with high watermark 0 ISR [2] addingReplicas [] removingReplicas []. Previous leader epoch was 0. (state.change.logger)
[2022-07-06 16:24:51,100] INFO [Broker id=2] Skipped the become-leader state change after marking its partition as leader with correlation id 3 from controller 1 epoch 1 for partition __consumer_offsets-34 (last update controller epoch 1) since it is already the leader for the partition. (state.change.logger)
[2022-07-06 16:24:51,100] INFO [Broker id=2] Leader __consumer_offsets-4 starts at leader epoch 2 from offset 0 with high watermark 0 ISR [2] addingReplicas [] removingReplicas []. Previous leader epoch was 0. (state.change.logger)
[2022-07-06 16:24:51,221] INFO [Broker id=2] Skipped the become-leader state change after marking its partition as leader with correlation id 3 from controller 1 epoch 1 for partition __consumer_offsets-4 (last update controller epoch 1) since it is already the leader for the partition. (state.change.logger)
[2022-07-06 16:24:51,221] INFO [Broker id=2] Leader __consumer_offsets-25 starts at leader epoch 2 from offset 0 with high watermark 0 ISR [2] addingReplicas [] removingReplicas []. Previous leader epoch was 0. (state.change.logger)
[2022-07-06 16:24:51,407] INFO [Broker id=2] Skipped the become-leader state change after marking its partition as leader with correlation id 3 from controller 1 epoch 1 for partition __consumer_offsets-25 (last update controller epoch 1) since it is already the leader for the partition. (state.change.logger)
[2022-07-06 16:24:51,407] INFO [Broker id=2] Leader __consumer_offsets-40 starts at leader epoch 2 from offset 0 with high watermark 0 ISR [2] addingReplicas [] removingReplicas []. Previous leader epoch was 0. (state.change.logger)
[2022-07-06 16:24:51,473] INFO [Broker id=2] Skipped the become-leader state change after marking its partition as leader with correlation id 3 from controller 1 epoch 1 for partition __consumer_offsets-40 (last update controller epoch 1) since it is already the leader for the partition. (state.change.logger)
[2022-07-06 16:24:51,474] INFO [Broker id=2] Leader __consumer_offsets-43 starts at leader epoch 2 from offset 0 with high watermark 0 ISR [2] addingReplicas [] removingReplicas []. Previous leader epoch was 0. (state.change.logger)
[2022-07-06 16:24:51,590] INFO [Broker id=2] Skipped the become-leader state change after marking its partition as leader with correlation id 3 from controller 1 epoch 1 for partition __consumer_offsets-43 (last update controller epoch 1) since it is already the leader for the partition. (state.change.logger)
[2022-07-06 16:24:51,590] INFO [Broker id=2] Leader __consumer_offsets-13 starts at leader epoch 2 from offset 0 with high watermark 0 ISR [2] addingReplicas [] removingReplicas []. Previous leader epoch was 0. (state.change.logger)
[2022-07-06 16:24:51,640] INFO [Broker id=2] Skipped the become-leader state change after marking its partition as leader with correlation id 3 from controller 1 epoch 1 for partition __consumer_offsets-13 (last update controller epoch 1) since it is already the leader for the partition. (state.change.logger)
[2022-07-06 16:24:51,640] INFO [Broker id=2] Leader __consumer_offsets-28 starts at leader epoch 2 from offset 0 with high watermark 0 ISR [2] addingReplicas [] removingReplicas []. Previous leader epoch was 0. (state.change.logger)
[2022-07-06 16:24:51,750] INFO [Broker id=2] Skipped the become-leader state change after marking its partition as leader with correlation id 3 from controller 1 epoch 1 for partition __consumer_offsets-28 (last update controller epoch 1) since it is already the leader for the partition. (state.change.logger)
[2022-07-06 16:24:51,750] INFO [Broker id=2] Leader __consumer_offsets-49 starts at leader epoch 2 from offset 0 with high watermark 0 ISR [2] addingReplicas [] removingReplicas []. Previous leader epoch was 0. (state.change.logger)
[2022-07-06 16:24:51,823] INFO [Broker id=2] Skipped the become-leader state change after marking its partition as leader with correlation id 3 from controller 1 epoch 1 for partition __consumer_offsets-49 (last update controller epoch 1) since it is already the leader for the partition. (state.change.logger)
[2022-07-06 16:24:51,823] INFO [Broker id=2] Finished LeaderAndIsr request in 2728ms correlationId 3 from controller 1 for 17 partitions (state.change.logger)
[2022-07-06 16:24:51,881] INFO [Broker id=2] Add 17 partitions and deleted 0 partitions from metadata cache in response to UpdateMetadata request sent by controller 1 epoch 1 with correlation id 4 (state.change.logger)
